[ 2016-09-13T00:15:00+08:00 ] 127.0.0.1 /index.php/Home/Article/detail/cid/2/id/2.html
INFO: [ app_init ] --START--
INFO: Run Behavior\BuildLiteBehavior [ RunTime:0.000000s ]
INFO: [ app_init ] --END-- [ RunTime:0.001000s ]
INFO: [ app_begin ] --START--
INFO: Run Behavior\ReadHtmlCacheBehavior [ RunTime:0.001000s ]
INFO: [ app_begin ] --END-- [ RunTime:0.001000s ]
SQL: SHOW COLUMNS FROM `ec_channel` [ RunTime:0.0050s ]
SQL: SHOW COLUMNS FROM `ec_channel` [ RunTime:0.0050s ]
NOTIC: [8] Undefined index: modelType C:\project\JQ_UI\tpcms\App\Common\Model\BaseModel.class.php 第 188 行.
NOTIC: [8] Undefined index: field C:\project\JQ_UI\tpcms\App\Common\Model\BaseModel.class.php 第 206 行.
SQL: SELECT * FROM `ec_channel` WHERE `cid` = 2 LIMIT 1   [ RunTime:0.0010s ]
NOTIC: [2048] Declaration of Common\Model\ArticleModel::add() should be compatible with Think\Model::add($data = '', $options = Array, $replace = false) C:\project\JQ_UI\tpcms\App\Common\Model\ArticleModel.class.php 第 411 行.
SQL: SHOW COLUMNS FROM `ec_article` [ RunTime:0.0050s ]
NOTIC: [8] Undefined index: connection C:\project\JQ_UI\tpcms\App\Common\Model\BaseModel.class.php 第 299 行.
SQL: SHOW COLUMNS FROM `ec_article` [ RunTime:0.0040s ]
SQL: UPDATE `ec_article` SET `visitNums`=visitNums+1 WHERE `id` = 2 [ RunTime:0.0010s ]
SQL: SHOW COLUMNS FROM `ec_operationlog` [ RunTime:0.0050s ]
SQL: INSERT INTO `ec_operationlog` (`content`,`cUid`,`cTime`) VALUES ('UPDATE `ec_article` SET `visitNums`=visitNums+1 WHERE `id` = 2','1','1473696900') [ RunTime:0.0020s ]
NOTIC: [8] Undefined index: modelType C:\project\JQ_UI\tpcms\App\Common\Model\BaseModel.class.php 第 188 行.
NOTIC: [8] Undefined index: field C:\project\JQ_UI\tpcms\App\Common\Model\BaseModel.class.php 第 206 行.
SQL: SELECT * FROM `ec_article` WHERE `id` = 2 LIMIT 1   [ RunTime:0.0010s ]
NOTIC: [8192] Non-static method Common\Model\ChannelModel::getChannelDetailById() should not be called statically, assuming $this from incompatible context C:\project\JQ_UI\tpcms\App\Common\Model\ArticleModel.class.php 第 228 行.
NOTIC: [8] Undefined index: modelType C:\project\JQ_UI\tpcms\App\Common\Model\BaseModel.class.php 第 188 行.
SQL: SELECT * FROM `ec_article` WHERE ( id<2 ) ORDER BY id DESC LIMIT 1   [ RunTime:0.0010s ]
SQL: SELECT * FROM `ec_article` WHERE ( id>2 ) ORDER BY id ASC LIMIT 1   [ RunTime:0.0010s ]
INFO: [ view_parse ] --START--
INFO: [ template_filter ] --START--
INFO: Run Behavior\ContentReplaceBehavior [ RunTime:0.000000s ]
INFO: [ template_filter ] --END-- [ RunTime:0.000000s ]
NOTIC: [8] Undefined index: limit C:\project\JQ_UI\tpcms\App\Common\Model\BaseModel.class.php 第 49 行.
SQL: SELECT * FROM `ec_channel` WHERE `status` = 1 ORDER BY sort ASC  [ RunTime:0.0010s ]
INFO: [ view_parse ] --START--
INFO: [ template_filter ] --START--
INFO: Run Behavior\ContentReplaceBehavior [ RunTime:0.000000s ]
INFO: [ template_filter ] --END-- [ RunTime:-0.008001s ]
NOTIC: [8] Undefined offset: 0 C:\project\JQ_UI\tpcms\App\Runtime\Cache\Home\1242af1d05ffad1db18cc3faaddc1588.php 第 3 行.
NOTIC: [8] Use of undefined constant cid - assumed 'cid' C:\project\JQ_UI\tpcms\App\Runtime\Cache\Home\1242af1d05ffad1db18cc3faaddc1588.php 第 13 行.
NOTIC: [8] Undefined offset: 0 C:\project\JQ_UI\tpcms\App\Runtime\Cache\Home\1242af1d05ffad1db18cc3faaddc1588.php 第 3 行.
NOTIC: [8] Undefined offset: 0 C:\project\JQ_UI\tpcms\App\Runtime\Cache\Home\1242af1d05ffad1db18cc3faaddc1588.php 第 3 行.
INFO: Run Behavior\ParseTemplateBehavior [ RunTime:0.004000s ]
INFO: [ view_parse ] --END-- [ RunTime:0.004000s ]
INFO: [ view_filter ] --START--
INFO: Run Behavior\WriteHtmlCacheBehavior [ RunTime:0.001000s ]
INFO: [ view_filter ] --END-- [ RunTime:0.001000s ]
NOTIC: [8] Undefined index: limit C:\project\JQ_UI\tpcms\App\Common\Model\BaseModel.class.php 第 49 行.
SQL: SELECT * FROM `ec_channel` WHERE `status` = 1 ORDER BY sort ASC  [ RunTime:0.0010s ]
INFO: [ view_parse ] --START--
INFO: [ template_filter ] --START--
INFO: Run Behavior\ContentReplaceBehavior [ RunTime:0.000000s ]
INFO: [ template_filter ] --END-- [ RunTime:-0.013001s ]
INFO: Run Behavior\ParseTemplateBehavior [ RunTime:0.004000s ]
INFO: [ view_parse ] --END-- [ RunTime:-0.002000s ]
INFO: [ view_filter ] --START--
INFO: Run Behavior\WriteHtmlCacheBehavior [ RunTime:0.000000s ]
INFO: [ view_filter ] --END-- [ RunTime:-0.005000s ]
NOTIC: [8] Undefined index: cat_id C:\project\JQ_UI\tpcms\App\Runtime\Cache\Home\8659c8391793411fcfd1c97b8ff1db38.php 第 111 行.
SQL: SELECT `name` FROM `ec_channel` WHERE `cid` = null LIMIT 1   [ RunTime:0.0010s ]
NOTIC: [8] Undefined variable: channelList C:\project\JQ_UI\tpcms\App\Runtime\Cache\Home\8659c8391793411fcfd1c97b8ff1db38.php 第 241 行.
INFO: Run Behavior\ParseTemplateBehavior [ RunTime:0.005000s ]
INFO: [ view_parse ] --END-- [ RunTime:-0.002000s ]
INFO: [ view_filter ] --START--
INFO: Run Behavior\WriteHtmlCacheBehavior [ RunTime:0.000000s ]
INFO: [ view_filter ] --END-- [ RunTime:-0.006000s ]
INFO: [ app_end ] --START--
INFO: Run Behavior\ShowPageTraceBehavior [ RunTime:0.001000s ]
INFO: [ app_end ] --END-- [ RunTime:0.001000s ]

[ 2016-09-13T00:15:12+08:00 ] 127.0.0.1 /index.php/Home/Article/detail/cid/2/id/2.html
INFO: [ app_init ] --START--
INFO: Run Behavior\BuildLiteBehavior [ RunTime:0.000000s ]
INFO: [ app_init ] --END-- [ RunTime:0.000000s ]
INFO: [ app_begin ] --START--
INFO: Run Behavior\ReadHtmlCacheBehavior [ RunTime:0.001000s ]
INFO: [ app_begin ] --END-- [ RunTime:0.001000s ]
SQL: SHOW COLUMNS FROM `ec_channel` [ RunTime:0.0050s ]
SQL: SHOW COLUMNS FROM `ec_channel` [ RunTime:0.0040s ]
NOTIC: [8] Undefined index: modelType C:\project\JQ_UI\tpcms\App\Common\Model\BaseModel.class.php 第 188 行.
NOTIC: [2048] Declaration of Common\Model\ArticleModel::add() should be compatible with Think\Model::add($data = '', $options = Array, $replace = false) C:\project\JQ_UI\tpcms\App\Common\Model\ArticleModel.class.php 第 411 行.
SQL: SHOW COLUMNS FROM `ec_article` [ RunTime:0.0050s ]
NOTIC: [8] Undefined index: connection C:\project\JQ_UI\tpcms\App\Common\Model\BaseModel.class.php 第 299 行.
SQL: SHOW COLUMNS FROM `ec_article` [ RunTime:0.0040s ]
SQL: UPDATE `ec_article` SET `visitNums`=visitNums+1 WHERE `id` = 2 [ RunTime:0.0010s ]
SQL: SHOW COLUMNS FROM `ec_operationlog` [ RunTime:0.0050s ]
SQL: INSERT INTO `ec_operationlog` (`content`,`cUid`,`cTime`) VALUES ('UPDATE `ec_article` SET `visitNums`=visitNums+1 WHERE `id` = 2','1','1473696912') [ RunTime:0.0020s ]
NOTIC: [8] Undefined index: modelType C:\project\JQ_UI\tpcms\App\Common\Model\BaseModel.class.php 第 188 行.
NOTIC: [8192] Non-static method Common\Model\ChannelModel::getChannelDetailById() should not be called statically, assuming $this from incompatible context C:\project\JQ_UI\tpcms\App\Common\Model\ArticleModel.class.php 第 228 行.
NOTIC: [8] Undefined index: modelType C:\project\JQ_UI\tpcms\App\Common\Model\BaseModel.class.php 第 188 行.
SQL: SELECT * FROM `ec_article` WHERE ( id<2 ) ORDER BY id DESC LIMIT 1   [ RunTime:0.0010s ]
SQL: SELECT * FROM `ec_article` WHERE ( id>2 ) ORDER BY id ASC LIMIT 1   [ RunTime:0.0000s ]
INFO: [ view_parse ] --START--
INFO: [ template_filter ] --START--
INFO: Run Behavior\ContentReplaceBehavior [ RunTime:0.000000s ]
INFO: [ template_filter ] --END-- [ RunTime:0.000000s ]
NOTIC: [8] Undefined index: limit C:\project\JQ_UI\tpcms\App\Common\Model\BaseModel.class.php 第 49 行.
SQL: SELECT * FROM `ec_channel` WHERE `status` = 1 ORDER BY sort ASC  [ RunTime:0.0010s ]
INFO: [ view_parse ] --START--
INFO: [ template_filter ] --START--
INFO: Run Behavior\ContentReplaceBehavior [ RunTime:0.000000s ]
INFO: [ template_filter ] --END-- [ RunTime:-0.007000s ]
NOTIC: [8] Undefined offset: 0 C:\project\JQ_UI\tpcms\App\Runtime\Cache\Home\1242af1d05ffad1db18cc3faaddc1588.php 第 3 行.
NOTIC: [8] Use of undefined constant cid - assumed 'cid' C:\project\JQ_UI\tpcms\App\Runtime\Cache\Home\1242af1d05ffad1db18cc3faaddc1588.php 第 13 行.
NOTIC: [8] Undefined offset: 0 C:\project\JQ_UI\tpcms\App\Runtime\Cache\Home\1242af1d05ffad1db18cc3faaddc1588.php 第 3 行.
NOTIC: [8] Undefined offset: 0 C:\project\JQ_UI\tpcms\App\Runtime\Cache\Home\1242af1d05ffad1db18cc3faaddc1588.php 第 3 行.
INFO: Run Behavior\ParseTemplateBehavior [ RunTime:0.005000s ]
INFO: [ view_parse ] --END-- [ RunTime:0.005000s ]
INFO: [ view_filter ] --START--
INFO: Run Behavior\WriteHtmlCacheBehavior [ RunTime:0.000000s ]
INFO: [ view_filter ] --END-- [ RunTime:0.000000s ]
NOTIC: [8] Undefined index: limit C:\project\JQ_UI\tpcms\App\Common\Model\BaseModel.class.php 第 49 行.
SQL: SELECT * FROM `ec_channel` WHERE `status` = 1 ORDER BY sort ASC  [ RunTime:0.0010s ]
INFO: [ view_parse ] --START--
INFO: [ template_filter ] --START--
INFO: Run Behavior\ContentReplaceBehavior [ RunTime:0.000000s ]
INFO: [ template_filter ] --END-- [ RunTime:-0.011001s ]
INFO: Run Behavior\ParseTemplateBehavior [ RunTime:0.002000s ]
INFO: [ view_parse ] --END-- [ RunTime:-0.002001s ]
INFO: [ view_filter ] --START--
INFO: Run Behavior\WriteHtmlCacheBehavior [ RunTime:0.000000s ]
INFO: [ view_filter ] --END-- [ RunTime:-0.004001s ]
NOTIC: [8] Undefined index: cat_id C:\project\JQ_UI\tpcms\App\Runtime\Cache\Home\8659c8391793411fcfd1c97b8ff1db38.php 第 111 行.
SQL: SELECT `name` FROM `ec_channel` WHERE `cid` = null LIMIT 1   [ RunTime:0.0010s ]
NOTIC: [8] Undefined variable: channelList C:\project\JQ_UI\tpcms\App\Runtime\Cache\Home\8659c8391793411fcfd1c97b8ff1db38.php 第 241 行.
INFO: Run Behavior\ParseTemplateBehavior [ RunTime:0.003000s ]
INFO: [ view_parse ] --END-- [ RunTime:-0.002001s ]
INFO: [ view_filter ] --START--
INFO: Run Behavior\WriteHtmlCacheBehavior [ RunTime:0.000000s ]
INFO: [ view_filter ] --END-- [ RunTime:-0.005001s ]
INFO: [ app_end ] --START--
INFO: Run Behavior\ShowPageTraceBehavior [ RunTime:0.000000s ]
INFO: [ app_end ] --END-- [ RunTime:0.000000s ]

[ 2016-09-13T00:16:00+08:00 ] 127.0.0.1 /index.php/Home/Article/detail/cid/2/id/2.html
INFO: [ app_init ] --START--
INFO: Run Behavior\BuildLiteBehavior [ RunTime:0.000000s ]
INFO: [ app_init ] --END-- [ RunTime:0.000000s ]
INFO: [ app_begin ] --START--
INFO: Run Behavior\ReadHtmlCacheBehavior [ RunTime:0.000000s ]
INFO: [ app_begin ] --END-- [ RunTime:0.000000s ]
SQL: SHOW COLUMNS FROM `ec_channel` [ RunTime:0.0040s ]
SQL: SHOW COLUMNS FROM `ec_channel` [ RunTime:0.0030s ]
NOTIC: [8] Undefined index: modelType C:\project\JQ_UI\tpcms\App\Common\Model\BaseModel.class.php 第 188 行.
NOTIC: [2048] Declaration of Common\Model\ArticleModel::add() should be compatible with Think\Model::add($data = '', $options = Array, $replace = false) C:\project\JQ_UI\tpcms\App\Common\Model\ArticleModel.class.php 第 411 行.
SQL: SHOW COLUMNS FROM `ec_article` [ RunTime:0.0060s ]
NOTIC: [8] Undefined index: connection C:\project\JQ_UI\tpcms\App\Common\Model\BaseModel.class.php 第 299 行.
SQL: SHOW COLUMNS FROM `ec_article` [ RunTime:0.0050s ]
SQL: UPDATE `ec_article` SET `visitNums`=visitNums+1 WHERE `id` = 2 [ RunTime:0.0000s ]
SQL: SHOW COLUMNS FROM `ec_operationlog` [ RunTime:0.0030s ]
SQL: INSERT INTO `ec_operationlog` (`content`,`cUid`,`cTime`) VALUES ('UPDATE `ec_article` SET `visitNums`=visitNums+1 WHERE `id` = 2','1','1473696959') [ RunTime:0.1990s ]
NOTIC: [8] Undefined index: modelType C:\project\JQ_UI\tpcms\App\Common\Model\BaseModel.class.php 第 188 行.
NOTIC: [8192] Non-static method Common\Model\ChannelModel::getChannelDetailById() should not be called statically, assuming $this from incompatible context C:\project\JQ_UI\tpcms\App\Common\Model\ArticleModel.class.php 第 228 行.
NOTIC: [8] Undefined index: modelType C:\project\JQ_UI\tpcms\App\Common\Model\BaseModel.class.php 第 188 行.
SQL: SELECT * FROM `ec_article` WHERE ( id<2 ) ORDER BY id DESC LIMIT 1   [ RunTime:0.0010s ]
SQL: SELECT * FROM `ec_article` WHERE ( id>2 ) ORDER BY id ASC LIMIT 1   [ RunTime:0.0020s ]
INFO: [ view_parse ] --START--
INFO: [ template_filter ] --START--
INFO: Run Behavior\ContentReplaceBehavior [ RunTime:0.000000s ]
INFO: [ template_filter ] --END-- [ RunTime:0.000000s ]
NOTIC: [8] Undefined index: limit C:\project\JQ_UI\tpcms\App\Common\Model\BaseModel.class.php 第 49 行.
SQL: SELECT * FROM `ec_channel` WHERE `status` = 1 ORDER BY sort ASC  [ RunTime:0.0010s ]
INFO: [ view_parse ] --START--
INFO: [ template_filter ] --START--
INFO: Run Behavior\ContentReplaceBehavior [ RunTime:0.000000s ]
INFO: [ template_filter ] --END-- [ RunTime:-0.009000s ]
NOTIC: [8] Undefined offset: 0 C:\project\JQ_UI\tpcms\App\Runtime\Cache\Home\1242af1d05ffad1db18cc3faaddc1588.php 第 3 行.
NOTIC: [8] Use of undefined constant cid - assumed 'cid' C:\project\JQ_UI\tpcms\App\Runtime\Cache\Home\1242af1d05ffad1db18cc3faaddc1588.php 第 13 行.
NOTIC: [8] Undefined offset: 0 C:\project\JQ_UI\tpcms\App\Runtime\Cache\Home\1242af1d05ffad1db18cc3faaddc1588.php 第 3 行.
NOTIC: [8] Undefined offset: 0 C:\project\JQ_UI\tpcms\App\Runtime\Cache\Home\1242af1d05ffad1db18cc3faaddc1588.php 第 3 行.
INFO: Run Behavior\ParseTemplateBehavior [ RunTime:0.004001s ]
INFO: [ view_parse ] --END-- [ RunTime:0.004001s ]
INFO: [ view_filter ] --START--
INFO: Run Behavior\WriteHtmlCacheBehavior [ RunTime:0.000000s ]
INFO: [ view_filter ] --END-- [ RunTime:0.000000s ]
NOTIC: [8] Undefined index: limit C:\project\JQ_UI\tpcms\App\Common\Model\BaseModel.class.php 第 49 行.
SQL: SELECT * FROM `ec_channel` WHERE `status` = 1 ORDER BY sort ASC  [ RunTime:0.0000s ]
INFO: [ view_parse ] --START--
INFO: [ template_filter ] --START--
INFO: Run Behavior\ContentReplaceBehavior [ RunTime:0.000000s ]
INFO: [ template_filter ] --END-- [ RunTime:-0.013001s ]
INFO: Run Behavior\ParseTemplateBehavior [ RunTime:0.002000s ]
INFO: [ view_parse ] --END-- [ RunTime:-0.002000s ]
INFO: [ view_filter ] --START--
INFO: Run Behavior\WriteHtmlCacheBehavior [ RunTime:0.000000s ]
INFO: [ view_filter ] --END-- [ RunTime:-0.004000s ]
NOTIC: [8] Undefined index: cat_id C:\project\JQ_UI\tpcms\App\Runtime\Cache\Home\8659c8391793411fcfd1c97b8ff1db38.php 第 111 行.
SQL: SELECT `name` FROM `ec_channel` WHERE `cid` = null LIMIT 1   [ RunTime:0.0000s ]
NOTIC: [8] Undefined variable: channelList C:\project\JQ_UI\tpcms\App\Runtime\Cache\Home\8659c8391793411fcfd1c97b8ff1db38.php 第 241 行.
INFO: Run Behavior\ParseTemplateBehavior [ RunTime:0.003000s ]
INFO: [ view_parse ] --END-- [ RunTime:-0.002000s ]
INFO: [ view_filter ] --START--
INFO: Run Behavior\WriteHtmlCacheBehavior [ RunTime:0.000000s ]
INFO: [ view_filter ] --END-- [ RunTime:-0.005000s ]
INFO: [ app_end ] --START--
INFO: Run Behavior\ShowPageTraceBehavior [ RunTime:0.007000s ]
INFO: [ app_end ] --END-- [ RunTime:0.007000s ]

[ 2016-09-13T00:16:43+08:00 ] 127.0.0.1 /index.php/Home/Article/detail/cid/2/id/2.html
INFO: [ app_init ] --START--
INFO: Run Behavior\BuildLiteBehavior [ RunTime:0.000000s ]
INFO: [ app_init ] --END-- [ RunTime:0.001000s ]
INFO: [ app_begin ] --START--
INFO: Run Behavior\ReadHtmlCacheBehavior [ RunTime:0.000000s ]
INFO: [ app_begin ] --END-- [ RunTime:0.000000s ]
SQL: SHOW COLUMNS FROM `ec_channel` [ RunTime:0.0040s ]
SQL: SHOW COLUMNS FROM `ec_channel` [ RunTime:0.0040s ]
NOTIC: [8] Undefined index: modelType C:\project\JQ_UI\tpcms\App\Common\Model\BaseModel.class.php 第 188 行.
NOTIC: [8] Undefined index: field C:\project\JQ_UI\tpcms\App\Common\Model\BaseModel.class.php 第 206 行.
SQL: SELECT * FROM `ec_channel` WHERE `cid` = 2 LIMIT 1   [ RunTime:0.0010s ]
NOTIC: [2048] Declaration of Common\Model\ArticleModel::add() should be compatible with Think\Model::add($data = '', $options = Array, $replace = false) C:\project\JQ_UI\tpcms\App\Common\Model\ArticleModel.class.php 第 411 行.
SQL: SHOW COLUMNS FROM `ec_article` [ RunTime:0.0040s ]
NOTIC: [8] Undefined index: connection C:\project\JQ_UI\tpcms\App\Common\Model\BaseModel.class.php 第 299 行.
SQL: SHOW COLUMNS FROM `ec_article` [ RunTime:0.0040s ]
SQL: UPDATE `ec_article` SET `visitNums`=visitNums+1 WHERE `id` = 2 [ RunTime:0.0000s ]
SQL: SHOW COLUMNS FROM `ec_operationlog` [ RunTime:0.0040s ]
SQL: INSERT INTO `ec_operationlog` (`content`,`cUid`,`cTime`) VALUES ('UPDATE `ec_article` SET `visitNums`=visitNums+1 WHERE `id` = 2','1','1473697003') [ RunTime:0.0020s ]
NOTIC: [8] Undefined index: modelType C:\project\JQ_UI\tpcms\App\Common\Model\BaseModel.class.php 第 188 行.
NOTIC: [8] Undefined index: field C:\project\JQ_UI\tpcms\App\Common\Model\BaseModel.class.php 第 206 行.
SQL: SELECT * FROM `ec_article` WHERE `id` = 2 LIMIT 1   [ RunTime:0.0010s ]
NOTIC: [8192] Non-static method Common\Model\ChannelModel::getChannelDetailById() should not be called statically, assuming $this from incompatible context C:\project\JQ_UI\tpcms\App\Common\Model\ArticleModel.class.php 第 228 行.
NOTIC: [8] Undefined index: modelType C:\project\JQ_UI\tpcms\App\Common\Model\BaseModel.class.php 第 188 行.
SQL: SELECT * FROM `ec_article` WHERE ( id<2 ) ORDER BY id DESC LIMIT 1   [ RunTime:0.0010s ]
SQL: SELECT * FROM `ec_article` WHERE ( id>2 ) ORDER BY id ASC LIMIT 1   [ RunTime:0.0000s ]
INFO: [ view_parse ] --START--
INFO: [ template_filter ] --START--
INFO: Run Behavior\ContentReplaceBehavior [ RunTime:0.000000s ]
INFO: [ template_filter ] --END-- [ RunTime:0.000000s ]
NOTIC: [8] Undefined index: limit C:\project\JQ_UI\tpcms\App\Common\Model\BaseModel.class.php 第 49 行.
SQL: SELECT * FROM `ec_channel` WHERE `status` = 1 ORDER BY sort ASC  [ RunTime:0.0000s ]
INFO: [ view_parse ] --START--
INFO: [ template_filter ] --START--
INFO: Run Behavior\ContentReplaceBehavior [ RunTime:0.000000s ]
INFO: [ template_filter ] --END-- [ RunTime:-0.007000s ]
NOTIC: [8] Undefined offset: 0 C:\project\JQ_UI\tpcms\App\Runtime\Cache\Home\1242af1d05ffad1db18cc3faaddc1588.php 第 3 行.
NOTIC: [8] Use of undefined constant cid - assumed 'cid' C:\project\JQ_UI\tpcms\App\Runtime\Cache\Home\1242af1d05ffad1db18cc3faaddc1588.php 第 13 行.
NOTIC: [8] Undefined offset: 0 C:\project\JQ_UI\tpcms\App\Runtime\Cache\Home\1242af1d05ffad1db18cc3faaddc1588.php 第 3 行.
NOTIC: [8] Undefined offset: 0 C:\project\JQ_UI\tpcms\App\Runtime\Cache\Home\1242af1d05ffad1db18cc3faaddc1588.php 第 3 行.
INFO: Run Behavior\ParseTemplateBehavior [ RunTime:0.004000s ]
INFO: [ view_parse ] --END-- [ RunTime:0.004000s ]
INFO: [ view_filter ] --START--
INFO: Run Behavior\WriteHtmlCacheBehavior [ RunTime:0.001000s ]
INFO: [ view_filter ] --END-- [ RunTime:0.001000s ]
NOTIC: [8] Undefined index: limit C:\project\JQ_UI\tpcms\App\Common\Model\BaseModel.class.php 第 49 行.
SQL: SELECT * FROM `ec_channel` WHERE `status` = 1 ORDER BY sort ASC  [ RunTime:0.0010s ]
INFO: [ view_parse ] --START--
INFO: [ template_filter ] --START--
INFO: Run Behavior\ContentReplaceBehavior [ RunTime:0.000000s ]
INFO: [ template_filter ] --END-- [ RunTime:-0.011000s ]
INFO: Run Behavior\ParseTemplateBehavior [ RunTime:0.003001s ]
INFO: [ view_parse ] --END-- [ RunTime:-0.002000s ]
INFO: [ view_filter ] --START--
INFO: Run Behavior\WriteHtmlCacheBehavior [ RunTime:0.000000s ]
INFO: [ view_filter ] --END-- [ RunTime:-0.004001s ]
NOTIC: [8] Undefined index: cat_id C:\project\JQ_UI\tpcms\App\Runtime\Cache\Home\8659c8391793411fcfd1c97b8ff1db38.php 第 111 行.
SQL: SELECT `name` FROM `ec_channel` WHERE `cid` = null LIMIT 1   [ RunTime:0.0000s ]
NOTIC: [8] Undefined variable: channelList C:\project\JQ_UI\tpcms\App\Runtime\Cache\Home\8659c8391793411fcfd1c97b8ff1db38.php 第 237 行.
INFO: Run Behavior\ParseTemplateBehavior [ RunTime:0.003001s ]
INFO: [ view_parse ] --END-- [ RunTime:-0.002000s ]
INFO: [ view_filter ] --START--
INFO: Run Behavior\WriteHtmlCacheBehavior [ RunTime:0.000000s ]
INFO: [ view_filter ] --END-- [ RunTime:-0.005001s ]
INFO: [ app_end ] --START--
INFO: Run Behavior\ShowPageTraceBehavior [ RunTime:0.001000s ]
INFO: [ app_end ] --END-- [ RunTime:0.001000s ]

[ 2016-09-13T00:16:47+08:00 ] 127.0.0.1 /index.php/Home/Article/detail/cid/5/id/3.html.html
INFO: [ app_init ] --START--
INFO: Run Behavior\BuildLiteBehavior [ RunTime:0.000000s ]
INFO: [ app_init ] --END-- [ RunTime:0.001000s ]
INFO: [ app_begin ] --START--
INFO: Run Behavior\ReadHtmlCacheBehavior [ RunTime:0.001000s ]
INFO: [ app_begin ] --END-- [ RunTime:0.001000s ]
SQL: SHOW COLUMNS FROM `ec_channel` [ RunTime:0.0160s ]
SQL: SHOW COLUMNS FROM `ec_channel` [ RunTime:0.0050s ]
NOTIC: [8] Undefined index: modelType C:\project\JQ_UI\tpcms\App\Common\Model\BaseModel.class.php 第 188 行.
NOTIC: [8] Undefined index: field C:\project\JQ_UI\tpcms\App\Common\Model\BaseModel.class.php 第 206 行.
SQL: SELECT * FROM `ec_channel` WHERE `cid` = 5 LIMIT 1   [ RunTime:0.0010s ]
NOTIC: [2048] Declaration of Common\Model\ArticleModel::add() should be compatible with Think\Model::add($data = '', $options = Array, $replace = false) C:\project\JQ_UI\tpcms\App\Common\Model\ArticleModel.class.php 第 411 行.
SQL: SHOW COLUMNS FROM `ec_article` [ RunTime:0.0040s ]
NOTIC: [8] Undefined index: connection C:\project\JQ_UI\tpcms\App\Common\Model\BaseModel.class.php 第 299 行.
SQL: SHOW COLUMNS FROM `ec_article` [ RunTime:0.0050s ]
SQL: UPDATE `ec_article` SET `visitNums`=visitNums+1 WHERE `id` = 3 [ RunTime:0.0010s ]
SQL: SHOW COLUMNS FROM `ec_operationlog` [ RunTime:0.0030s ]
SQL: INSERT INTO `ec_operationlog` (`content`,`cUid`,`cTime`) VALUES ('UPDATE `ec_article` SET `visitNums`=visitNums+1 WHERE `id` = 3','1','1473697007') [ RunTime:0.0020s ]
NOTIC: [8] Undefined index: modelType C:\project\JQ_UI\tpcms\App\Common\Model\BaseModel.class.php 第 188 行.
NOTIC: [8] Undefined index: field C:\project\JQ_UI\tpcms\App\Common\Model\BaseModel.class.php 第 206 行.
SQL: SELECT * FROM `ec_article` WHERE `id` = 3 LIMIT 1   [ RunTime:0.0010s ]
NOTIC: [8192] Non-static method Common\Model\ChannelModel::getChannelDetailById() should not be called statically, assuming $this from incompatible context C:\project\JQ_UI\tpcms\App\Common\Model\ArticleModel.class.php 第 228 行.
NOTIC: [8] Undefined index: modelType C:\project\JQ_UI\tpcms\App\Common\Model\BaseModel.class.php 第 188 行.
ERR: SQLSTATE[42000]: Syntax error or access violation: 1064 You have an error in your SQL syntax; check the manual that corresponds to your MySQL server version for the right syntax to use near 'html ) ORDER BY id DESC LIMIT 1' at line 1

[ 2016-09-13T00:16:54+08:00 ] 127.0.0.1 /index.php/Home/Article/detail/cid/5/id/3.html.html
INFO: [ app_init ] --START--
INFO: Run Behavior\BuildLiteBehavior [ RunTime:0.000000s ]
INFO: [ app_init ] --END-- [ RunTime:0.000000s ]
INFO: [ app_begin ] --START--
INFO: Run Behavior\ReadHtmlCacheBehavior [ RunTime:0.001000s ]
INFO: [ app_begin ] --END-- [ RunTime:0.001000s ]
SQL: SHOW COLUMNS FROM `ec_channel` [ RunTime:0.0060s ]
SQL: SHOW COLUMNS FROM `ec_channel` [ RunTime:0.0050s ]
NOTIC: [8] Undefined index: modelType C:\project\JQ_UI\tpcms\App\Common\Model\BaseModel.class.php 第 188 行.
NOTIC: [2048] Declaration of Common\Model\ArticleModel::add() should be compatible with Think\Model::add($data = '', $options = Array, $replace = false) C:\project\JQ_UI\tpcms\App\Common\Model\ArticleModel.class.php 第 411 行.
SQL: SHOW COLUMNS FROM `ec_article` [ RunTime:0.0050s ]
NOTIC: [8] Undefined index: connection C:\project\JQ_UI\tpcms\App\Common\Model\BaseModel.class.php 第 299 行.
SQL: SHOW COLUMNS FROM `ec_article` [ RunTime:0.0050s ]
SQL: UPDATE `ec_article` SET `visitNums`=visitNums+1 WHERE `id` = 3 [ RunTime:0.0000s ]
SQL: SHOW COLUMNS FROM `ec_operationlog` [ RunTime:0.0050s ]
SQL: INSERT INTO `ec_operationlog` (`content`,`cUid`,`cTime`) VALUES ('UPDATE `ec_article` SET `visitNums`=visitNums+1 WHERE `id` = 3','1','1473697014') [ RunTime:0.0030s ]
NOTIC: [8] Undefined index: modelType C:\project\JQ_UI\tpcms\App\Common\Model\BaseModel.class.php 第 188 行.
NOTIC: [8192] Non-static method Common\Model\ChannelModel::getChannelDetailById() should not be called statically, assuming $this from incompatible context C:\project\JQ_UI\tpcms\App\Common\Model\ArticleModel.class.php 第 228 行.
NOTIC: [8] Undefined index: modelType C:\project\JQ_UI\tpcms\App\Common\Model\BaseModel.class.php 第 188 行.
ERR: SQLSTATE[42000]: Syntax error or access violation: 1064 You have an error in your SQL syntax; check the manual that corresponds to your MySQL server version for the right syntax to use near 'html ) ORDER BY id DESC LIMIT 1' at line 1

[ 2016-09-13T00:17:30+08:00 ] 127.0.0.1 /index.php/Home/Article/detail/cid/2/id/2.html
INFO: [ app_init ] --START--
INFO: Run Behavior\BuildLiteBehavior [ RunTime:0.000000s ]
INFO: [ app_init ] --END-- [ RunTime:0.001000s ]
INFO: [ app_begin ] --START--
INFO: Run Behavior\ReadHtmlCacheBehavior [ RunTime:0.001000s ]
INFO: [ app_begin ] --END-- [ RunTime:0.001000s ]
SQL: SHOW COLUMNS FROM `ec_channel` [ RunTime:0.0060s ]
SQL: SHOW COLUMNS FROM `ec_channel` [ RunTime:0.0050s ]
NOTIC: [8] Undefined index: modelType C:\project\JQ_UI\tpcms\App\Common\Model\BaseModel.class.php 第 188 行.
NOTIC: [2048] Declaration of Common\Model\ArticleModel::add() should be compatible with Think\Model::add($data = '', $options = Array, $replace = false) C:\project\JQ_UI\tpcms\App\Common\Model\ArticleModel.class.php 第 411 行.
SQL: SHOW COLUMNS FROM `ec_article` [ RunTime:0.0070s ]
NOTIC: [8] Undefined index: connection C:\project\JQ_UI\tpcms\App\Common\Model\BaseModel.class.php 第 299 行.
SQL: SHOW COLUMNS FROM `ec_article` [ RunTime:0.0050s ]
SQL: UPDATE `ec_article` SET `visitNums`=visitNums+1 WHERE `id` = 2 [ RunTime:0.0050s ]
SQL: SHOW COLUMNS FROM `ec_operationlog` [ RunTime:0.0050s ]
SQL: INSERT INTO `ec_operationlog` (`content`,`cUid`,`cTime`) VALUES ('UPDATE `ec_article` SET `visitNums`=visitNums+1 WHERE `id` = 2','1','1473697050') [ RunTime:0.0030s ]
NOTIC: [8] Undefined index: modelType C:\project\JQ_UI\tpcms\App\Common\Model\BaseModel.class.php 第 188 行.
NOTIC: [8192] Non-static method Common\Model\ChannelModel::getChannelDetailById() should not be called statically, assuming $this from incompatible context C:\project\JQ_UI\tpcms\App\Common\Model\ArticleModel.class.php 第 228 行.
NOTIC: [8] Undefined index: modelType C:\project\JQ_UI\tpcms\App\Common\Model\BaseModel.class.php 第 188 行.
SQL: SELECT * FROM `ec_article` WHERE ( id<2 ) ORDER BY id DESC LIMIT 1   [ RunTime:0.0000s ]
SQL: SELECT * FROM `ec_article` WHERE ( id>2 ) ORDER BY id ASC LIMIT 1   [ RunTime:0.0010s ]
INFO: [ view_parse ] --START--
INFO: [ template_filter ] --START--
INFO: Run Behavior\ContentReplaceBehavior [ RunTime:0.000000s ]
INFO: [ template_filter ] --END-- [ RunTime:0.000000s ]
NOTIC: [8] Undefined index: limit C:\project\JQ_UI\tpcms\App\Common\Model\BaseModel.class.php 第 49 行.
SQL: SELECT * FROM `ec_channel` WHERE `status` = 1 ORDER BY sort ASC  [ RunTime:0.0010s ]
INFO: [ view_parse ] --START--
INFO: [ template_filter ] --START--
INFO: Run Behavior\ContentReplaceBehavior [ RunTime:0.000000s ]
INFO: [ template_filter ] --END-- [ RunTime:-0.008000s ]
NOTIC: [8] Undefined offset: 0 C:\project\JQ_UI\tpcms\App\Runtime\Cache\Home\1242af1d05ffad1db18cc3faaddc1588.php 第 3 行.
NOTIC: [8] Use of undefined constant cid - assumed 'cid' C:\project\JQ_UI\tpcms\App\Runtime\Cache\Home\1242af1d05ffad1db18cc3faaddc1588.php 第 13 行.
NOTIC: [8] Undefined offset: 0 C:\project\JQ_UI\tpcms\App\Runtime\Cache\Home\1242af1d05ffad1db18cc3faaddc1588.php 第 3 行.
NOTIC: [8] Undefined offset: 0 C:\project\JQ_UI\tpcms\App\Runtime\Cache\Home\1242af1d05ffad1db18cc3faaddc1588.php 第 3 行.
INFO: Run Behavior\ParseTemplateBehavior [ RunTime:0.006000s ]
INFO: [ view_parse ] --END-- [ RunTime:0.006000s ]
INFO: [ view_filter ] --START--
INFO: Run Behavior\WriteHtmlCacheBehavior [ RunTime:0.000000s ]
INFO: [ view_filter ] --END-- [ RunTime:0.000000s ]
NOTIC: [8] Undefined index: limit C:\project\JQ_UI\tpcms\App\Common\Model\BaseModel.class.php 第 49 行.
SQL: SELECT * FROM `ec_channel` WHERE `status` = 1 ORDER BY sort ASC  [ RunTime:0.0010s ]
INFO: [ view_parse ] --START--
INFO: [ template_filter ] --START--
INFO: Run Behavior\ContentReplaceBehavior [ RunTime:0.000000s ]
INFO: [ template_filter ] --END-- [ RunTime:-0.013000s ]
INFO: Run Behavior\ParseTemplateBehavior [ RunTime:0.003001s ]
INFO: [ view_parse ] --END-- [ RunTime:-0.001000s ]
INFO: [ view_filter ] --START--
INFO: Run Behavior\WriteHtmlCacheBehavior [ RunTime:0.000000s ]
INFO: [ view_filter ] --END-- [ RunTime:-0.004001s ]
NOTIC: [8] Undefined index: cat_id C:\project\JQ_UI\tpcms\App\Runtime\Cache\Home\8659c8391793411fcfd1c97b8ff1db38.php 第 111 行.
SQL: SELECT `name` FROM `ec_channel` WHERE `cid` = null LIMIT 1   [ RunTime:0.0010s ]
NOTIC: [8] Undefined variable: channelList C:\project\JQ_UI\tpcms\App\Runtime\Cache\Home\8659c8391793411fcfd1c97b8ff1db38.php 第 237 行.
INFO: Run Behavior\ParseTemplateBehavior [ RunTime:0.004001s ]
INFO: [ view_parse ] --END-- [ RunTime:-0.001000s ]
INFO: [ view_filter ] --START--
INFO: Run Behavior\WriteHtmlCacheBehavior [ RunTime:0.000000s ]
INFO: [ view_filter ] --END-- [ RunTime:-0.005001s ]
INFO: [ app_end ] --START--
INFO: Run Behavior\ShowPageTraceBehavior [ RunTime:0.006000s ]
INFO: [ app_end ] --END-- [ RunTime:0.006000s ]

[ 2016-09-13T00:17:33+08:00 ] 127.0.0.1 /index.php/Home/Article/detail/cid/5/id/3.html
INFO: [ app_init ] --START--
INFO: Run Behavior\BuildLiteBehavior [ RunTime:0.000000s ]
INFO: [ app_init ] --END-- [ RunTime:0.000000s ]
INFO: [ app_begin ] --START--
INFO: Run Behavior\ReadHtmlCacheBehavior [ RunTime:0.000000s ]
INFO: [ app_begin ] --END-- [ RunTime:0.000000s ]
SQL: SHOW COLUMNS FROM `ec_channel` [ RunTime:0.0040s ]
SQL: SHOW COLUMNS FROM `ec_channel` [ RunTime:0.0040s ]
NOTIC: [8] Undefined index: modelType C:\project\JQ_UI\tpcms\App\Common\Model\BaseModel.class.php 第 188 行.
NOTIC: [8] Undefined index: field C:\project\JQ_UI\tpcms\App\Common\Model\BaseModel.class.php 第 206 行.
SQL: SELECT * FROM `ec_channel` WHERE `cid` = 5 LIMIT 1   [ RunTime:0.0010s ]
NOTIC: [2048] Declaration of Common\Model\ArticleModel::add() should be compatible with Think\Model::add($data = '', $options = Array, $replace = false) C:\project\JQ_UI\tpcms\App\Common\Model\ArticleModel.class.php 第 411 行.
SQL: SHOW COLUMNS FROM `ec_article` [ RunTime:0.0040s ]
NOTIC: [8] Undefined index: connection C:\project\JQ_UI\tpcms\App\Common\Model\BaseModel.class.php 第 299 行.
SQL: SHOW COLUMNS FROM `ec_article` [ RunTime:0.0040s ]
SQL: UPDATE `ec_article` SET `visitNums`=visitNums+1 WHERE `id` = 3 [ RunTime:0.0010s ]
SQL: SHOW COLUMNS FROM `ec_operationlog` [ RunTime:0.0040s ]
SQL: INSERT INTO `ec_operationlog` (`content`,`cUid`,`cTime`) VALUES ('UPDATE `ec_article` SET `visitNums`=visitNums+1 WHERE `id` = 3','1','1473697053') [ RunTime:0.0020s ]
NOTIC: [8] Undefined index: modelType C:\project\JQ_UI\tpcms\App\Common\Model\BaseModel.class.php 第 188 行.
NOTIC: [8] Undefined index: field C:\project\JQ_UI\tpcms\App\Common\Model\BaseModel.class.php 第 206 行.
SQL: SELECT * FROM `ec_article` WHERE `id` = 3 LIMIT 1   [ RunTime:0.0010s ]
NOTIC: [8192] Non-static method Common\Model\ChannelModel::getChannelDetailById() should not be called statically, assuming $this from incompatible context C:\project\JQ_UI\tpcms\App\Common\Model\ArticleModel.class.php 第 228 行.
NOTIC: [8] Undefined index: modelType C:\project\JQ_UI\tpcms\App\Common\Model\BaseModel.class.php 第 188 行.
SQL: SELECT * FROM `ec_article` WHERE ( id<3 ) ORDER BY id DESC LIMIT 1   [ RunTime:0.0010s ]
SQL: SELECT * FROM `ec_article` WHERE ( id>3 ) ORDER BY id ASC LIMIT 1   [ RunTime:0.0010s ]
INFO: [ view_parse ] --START--
INFO: [ template_filter ] --START--
INFO: Run Behavior\ContentReplaceBehavior [ RunTime:0.000000s ]
INFO: [ template_filter ] --END-- [ RunTime:0.000000s ]
NOTIC: [8] Undefined index: limit C:\project\JQ_UI\tpcms\App\Common\Model\BaseModel.class.php 第 49 行.
SQL: SELECT * FROM `ec_channel` WHERE `status` = 1 ORDER BY sort ASC  [ RunTime:0.0010s ]
INFO: [ view_parse ] --START--
INFO: [ template_filter ] --START--
INFO: Run Behavior\ContentReplaceBehavior [ RunTime:0.000000s ]
INFO: [ template_filter ] --END-- [ RunTime:-0.006000s ]
NOTIC: [8] Undefined offset: 0 C:\project\JQ_UI\tpcms\App\Runtime\Cache\Home\1242af1d05ffad1db18cc3faaddc1588.php 第 3 行.
NOTIC: [8] Use of undefined constant cid - assumed 'cid' C:\project\JQ_UI\tpcms\App\Runtime\Cache\Home\1242af1d05ffad1db18cc3faaddc1588.php 第 13 行.
NOTIC: [8] Undefined offset: 0 C:\project\JQ_UI\tpcms\App\Runtime\Cache\Home\1242af1d05ffad1db18cc3faaddc1588.php 第 3 行.
NOTIC: [8] Undefined offset: 0 C:\project\JQ_UI\tpcms\App\Runtime\Cache\Home\1242af1d05ffad1db18cc3faaddc1588.php 第 3 行.
INFO: Run Behavior\ParseTemplateBehavior [ RunTime:0.003000s ]
INFO: [ view_parse ] --END-- [ RunTime:0.003000s ]
INFO: [ view_filter ] --START--
INFO: Run Behavior\WriteHtmlCacheBehavior [ RunTime:0.000000s ]
INFO: [ view_filter ] --END-- [ RunTime:0.001000s ]
NOTIC: [8] Undefined index: limit C:\project\JQ_UI\tpcms\App\Common\Model\BaseModel.class.php 第 49 行.
SQL: SELECT * FROM `ec_channel` WHERE `status` = 1 ORDER BY sort ASC  [ RunTime:0.0010s ]
INFO: [ view_parse ] --START--
INFO: [ template_filter ] --START--
INFO: Run Behavior\ContentReplaceBehavior [ RunTime:0.000000s ]
INFO: [ template_filter ] --END-- [ RunTime:-0.010001s ]
INFO: Run Behavior\ParseTemplateBehavior [ RunTime:0.003000s ]
INFO: [ view_parse ] --END-- [ RunTime:-0.002001s ]
INFO: [ view_filter ] --START--
INFO: Run Behavior\WriteHtmlCacheBehavior [ RunTime:0.000000s ]
INFO: [ view_filter ] --END-- [ RunTime:-0.005001s ]
NOTIC: [8] Undefined index: cat_id C:\project\JQ_UI\tpcms\App\Runtime\Cache\Home\8659c8391793411fcfd1c97b8ff1db38.php 第 111 行.
SQL: SELECT `name` FROM `ec_channel` WHERE `cid` = null LIMIT 1   [ RunTime:0.0010s ]
NOTIC: [8] Undefined variable: channelList C:\project\JQ_UI\tpcms\App\Runtime\Cache\Home\8659c8391793411fcfd1c97b8ff1db38.php 第 237 行.
INFO: Run Behavior\ParseTemplateBehavior [ RunTime:0.005000s ]
INFO: [ view_parse ] --END-- [ RunTime:-0.002001s ]
INFO: [ view_filter ] --START--
INFO: Run Behavior\WriteHtmlCacheBehavior [ RunTime:0.000000s ]
INFO: [ view_filter ] --END-- [ RunTime:-0.006001s ]
INFO: [ app_end ] --START--
INFO: Run Behavior\ShowPageTraceBehavior [ RunTime:0.002000s ]
INFO: [ app_end ] --END-- [ RunTime:0.002000s ]

[ 2016-09-13T00:17:36+08:00 ] 127.0.0.1 /index.php/Home/Article/detail/cid/2/id/2.html
INFO: [ app_init ] --START--
INFO: Run Behavior\BuildLiteBehavior [ RunTime:0.000000s ]
INFO: [ app_init ] --END-- [ RunTime:0.000000s ]
INFO: [ app_begin ] --START--
INFO: Run Behavior\ReadHtmlCacheBehavior [ RunTime:0.001000s ]
INFO: [ app_begin ] --END-- [ RunTime:0.001000s ]
SQL: SHOW COLUMNS FROM `ec_channel` [ RunTime:0.0040s ]
SQL: SHOW COLUMNS FROM `ec_channel` [ RunTime:0.0060s ]
NOTIC: [8] Undefined index: modelType C:\project\JQ_UI\tpcms\App\Common\Model\BaseModel.class.php 第 188 行.
NOTIC: [2048] Declaration of Common\Model\ArticleModel::add() should be compatible with Think\Model::add($data = '', $options = Array, $replace = false) C:\project\JQ_UI\tpcms\App\Common\Model\ArticleModel.class.php 第 411 行.
SQL: SHOW COLUMNS FROM `ec_article` [ RunTime:0.0050s ]
NOTIC: [8] Undefined index: connection C:\project\JQ_UI\tpcms\App\Common\Model\BaseModel.class.php 第 299 行.
SQL: SHOW COLUMNS FROM `ec_article` [ RunTime:0.0050s ]
SQL: UPDATE `ec_article` SET `visitNums`=visitNums+1 WHERE `id` = 2 [ RunTime:0.0010s ]
SQL: SHOW COLUMNS FROM `ec_operationlog` [ RunTime:0.0040s ]
SQL: INSERT INTO `ec_operationlog` (`content`,`cUid`,`cTime`) VALUES ('UPDATE `ec_article` SET `visitNums`=visitNums+1 WHERE `id` = 2','1','1473697056') [ RunTime:0.0030s ]
NOTIC: [8] Undefined index: modelType C:\project\JQ_UI\tpcms\App\Common\Model\BaseModel.class.php 第 188 行.
NOTIC: [8192] Non-static method Common\Model\ChannelModel::getChannelDetailById() should not be called statically, assuming $this from incompatible context C:\project\JQ_UI\tpcms\App\Common\Model\ArticleModel.class.php 第 228 行.
NOTIC: [8] Undefined index: modelType C:\project\JQ_UI\tpcms\App\Common\Model\BaseModel.class.php 第 188 行.
SQL: SELECT * FROM `ec_article` WHERE ( id<2 ) ORDER BY id DESC LIMIT 1   [ RunTime:0.0010s ]
SQL: SELECT * FROM `ec_article` WHERE ( id>2 ) ORDER BY id ASC LIMIT 1   [ RunTime:0.0000s ]
INFO: [ view_parse ] --START--
INFO: [ template_filter ] --START--
INFO: Run Behavior\ContentReplaceBehavior [ RunTime:0.000000s ]
INFO: [ template_filter ] --END-- [ RunTime:0.000000s ]
NOTIC: [8] Undefined index: limit C:\project\JQ_UI\tpcms\App\Common\Model\BaseModel.class.php 第 49 行.
SQL: SELECT * FROM `ec_channel` WHERE `status` = 1 ORDER BY sort ASC  [ RunTime:0.0010s ]
INFO: [ view_parse ] --START--
INFO: [ template_filter ] --START--
INFO: Run Behavior\ContentReplaceBehavior [ RunTime:0.000000s ]
INFO: [ template_filter ] --END-- [ RunTime:-0.006000s ]
NOTIC: [8] Undefined offset: 0 C:\project\JQ_UI\tpcms\App\Runtime\Cache\Home\1242af1d05ffad1db18cc3faaddc1588.php 第 3 行.
NOTIC: [8] Use of undefined constant cid - assumed 'cid' C:\project\JQ_UI\tpcms\App\Runtime\Cache\Home\1242af1d05ffad1db18cc3faaddc1588.php 第 13 行.
NOTIC: [8] Undefined offset: 0 C:\project\JQ_UI\tpcms\App\Runtime\Cache\Home\1242af1d05ffad1db18cc3faaddc1588.php 第 3 行.
NOTIC: [8] Undefined offset: 0 C:\project\JQ_UI\tpcms\App\Runtime\Cache\Home\1242af1d05ffad1db18cc3faaddc1588.php 第 3 行.
INFO: Run Behavior\ParseTemplateBehavior [ RunTime:0.004000s ]
INFO: [ view_parse ] --END-- [ RunTime:0.004000s ]
INFO: [ view_filter ] --START--
INFO: Run Behavior\WriteHtmlCacheBehavior [ RunTime:0.000000s ]
INFO: [ view_filter ] --END-- [ RunTime:0.000000s ]
NOTIC: [8] Undefined index: limit C:\project\JQ_UI\tpcms\App\Common\Model\BaseModel.class.php 第 49 行.
SQL: SELECT * FROM `ec_channel` WHERE `status` = 1 ORDER BY sort ASC  [ RunTime:0.0010s ]
INFO: [ view_parse ] --START--
INFO: [ template_filter ] --START--
INFO: Run Behavior\ContentReplaceBehavior [ RunTime:0.000000s ]
INFO: [ template_filter ] --END-- [ RunTime:-0.010000s ]
INFO: Run Behavior\ParseTemplateBehavior [ RunTime:0.002000s ]
INFO: [ view_parse ] --END-- [ RunTime:-0.001000s ]
INFO: [ view_filter ] --START--
INFO: Run Behavior\WriteHtmlCacheBehavior [ RunTime:0.000000s ]
INFO: [ view_filter ] --END-- [ RunTime:-0.003000s ]
NOTIC: [8] Undefined index: cat_id C:\project\JQ_UI\tpcms\App\Runtime\Cache\Home\8659c8391793411fcfd1c97b8ff1db38.php 第 111 行.
SQL: SELECT `name` FROM `ec_channel` WHERE `cid` = null LIMIT 1   [ RunTime:0.0010s ]
NOTIC: [8] Undefined variable: channelList C:\project\JQ_UI\tpcms\App\Runtime\Cache\Home\8659c8391793411fcfd1c97b8ff1db38.php 第 237 行.
INFO: Run Behavior\ParseTemplateBehavior [ RunTime:0.003001s ]
INFO: [ view_parse ] --END-- [ RunTime:-0.001000s ]
INFO: [ view_filter ] --START--
INFO: Run Behavior\WriteHtmlCacheBehavior [ RunTime:0.000000s ]
INFO: [ view_filter ] --END-- [ RunTime:-0.004001s ]
INFO: [ app_end ] --START--
INFO: Run Behavior\ShowPageTraceBehavior [ RunTime:0.000000s ]
INFO: [ app_end ] --END-- [ RunTime:0.000000s ]

[ 2016-09-13T00:17:41+08:00 ] 127.0.0.1 /index.php/Home/Article/detail/cid/5/id/3.html
INFO: [ app_init ] --START--
INFO: Run Behavior\BuildLiteBehavior [ RunTime:0.000000s ]
INFO: [ app_init ] --END-- [ RunTime:0.000000s ]
INFO: [ app_begin ] --START--
INFO: Run Behavior\ReadHtmlCacheBehavior [ RunTime:0.000000s ]
INFO: [ app_begin ] --END-- [ RunTime:0.000000s ]
SQL: SHOW COLUMNS FROM `ec_channel` [ RunTime:0.0050s ]
SQL: SHOW COLUMNS FROM `ec_channel` [ RunTime:0.0040s ]
NOTIC: [8] Undefined index: modelType C:\project\JQ_UI\tpcms\App\Common\Model\BaseModel.class.php 第 188 行.
NOTIC: [2048] Declaration of Common\Model\ArticleModel::add() should be compatible with Think\Model::add($data = '', $options = Array, $replace = false) C:\project\JQ_UI\tpcms\App\Common\Model\ArticleModel.class.php 第 411 行.
SQL: SHOW COLUMNS FROM `ec_article` [ RunTime:0.0070s ]
NOTIC: [8] Undefined index: connection C:\project\JQ_UI\tpcms\App\Common\Model\BaseModel.class.php 第 299 行.
SQL: SHOW COLUMNS FROM `ec_article` [ RunTime:0.0040s ]
SQL: UPDATE `ec_article` SET `visitNums`=visitNums+1 WHERE `id` = 3 [ RunTime:0.0010s ]
SQL: SHOW COLUMNS FROM `ec_operationlog` [ RunTime:0.0060s ]
SQL: INSERT INTO `ec_operationlog` (`content`,`cUid`,`cTime`) VALUES ('UPDATE `ec_article` SET `visitNums`=visitNums+1 WHERE `id` = 3','1','1473697061') [ RunTime:0.0030s ]
NOTIC: [8] Undefined index: modelType C:\project\JQ_UI\tpcms\App\Common\Model\BaseModel.class.php 第 188 行.
NOTIC: [8192] Non-static method Common\Model\ChannelModel::getChannelDetailById() should not be called statically, assuming $this from incompatible context C:\project\JQ_UI\tpcms\App\Common\Model\ArticleModel.class.php 第 228 行.
NOTIC: [8] Undefined index: modelType C:\project\JQ_UI\tpcms\App\Common\Model\BaseModel.class.php 第 188 行.
SQL: SELECT * FROM `ec_article` WHERE ( id<3 ) ORDER BY id DESC LIMIT 1   [ RunTime:0.0010s ]
SQL: SELECT * FROM `ec_article` WHERE ( id>3 ) ORDER BY id ASC LIMIT 1   [ RunTime:0.0010s ]
INFO: [ view_parse ] --START--
INFO: [ template_filter ] --START--
INFO: Run Behavior\ContentReplaceBehavior [ RunTime:0.001000s ]
INFO: [ template_filter ] --END-- [ RunTime:0.001000s ]
NOTIC: [8] Undefined index: limit C:\project\JQ_UI\tpcms\App\Common\Model\BaseModel.class.php 第 49 行.
SQL: SELECT * FROM `ec_channel` WHERE `status` = 1 ORDER BY sort ASC  [ RunTime:0.0010s ]
INFO: [ view_parse ] --START--
INFO: [ template_filter ] --START--
INFO: Run Behavior\ContentReplaceBehavior [ RunTime:0.000000s ]
INFO: [ template_filter ] --END-- [ RunTime:-0.007000s ]
NOTIC: [8] Undefined offset: 0 C:\project\JQ_UI\tpcms\App\Runtime\Cache\Home\1242af1d05ffad1db18cc3faaddc1588.php 第 3 行.
NOTIC: [8] Use of undefined constant cid - assumed 'cid' C:\project\JQ_UI\tpcms\App\Runtime\Cache\Home\1242af1d05ffad1db18cc3faaddc1588.php 第 13 行.
NOTIC: [8] Undefined offset: 0 C:\project\JQ_UI\tpcms\App\Runtime\Cache\Home\1242af1d05ffad1db18cc3faaddc1588.php 第 3 行.
NOTIC: [8] Undefined offset: 0 C:\project\JQ_UI\tpcms\App\Runtime\Cache\Home\1242af1d05ffad1db18cc3faaddc1588.php 第 3 行.
INFO: Run Behavior\ParseTemplateBehavior [ RunTime:0.004000s ]
INFO: [ view_parse ] --END-- [ RunTime:0.004000s ]
INFO: [ view_filter ] --START--
INFO: Run Behavior\WriteHtmlCacheBehavior [ RunTime:0.001001s ]
INFO: [ view_filter ] --END-- [ RunTime:0.001001s ]
NOTIC: [8] Undefined index: limit C:\project\JQ_UI\tpcms\App\Common\Model\BaseModel.class.php 第 49 行.
SQL: SELECT * FROM `ec_channel` WHERE `status` = 1 ORDER BY sort ASC  [ RunTime:0.0010s ]
INFO: [ view_parse ] --START--
INFO: [ template_filter ] --START--
INFO: Run Behavior\ContentReplaceBehavior [ RunTime:0.000000s ]
INFO: [ template_filter ] --END-- [ RunTime:-0.012001s ]
INFO: Run Behavior\ParseTemplateBehavior [ RunTime:0.002000s ]
INFO: [ view_parse ] --END-- [ RunTime:-0.003001s ]
INFO: [ view_filter ] --START--
INFO: Run Behavior\WriteHtmlCacheBehavior [ RunTime:0.000000s ]
INFO: [ view_filter ] --END-- [ RunTime:-0.004000s ]
NOTIC: [8] Undefined index: cat_id C:\project\JQ_UI\tpcms\App\Runtime\Cache\Home\8659c8391793411fcfd1c97b8ff1db38.php 第 111 行.
SQL: SELECT `name` FROM `ec_channel` WHERE `cid` = null LIMIT 1   [ RunTime:0.0000s ]
NOTIC: [8] Undefined variable: channelList C:\project\JQ_UI\tpcms\App\Runtime\Cache\Home\8659c8391793411fcfd1c97b8ff1db38.php 第 237 行.
INFO: Run Behavior\ParseTemplateBehavior [ RunTime:0.003000s ]
INFO: [ view_parse ] --END-- [ RunTime:-0.003001s ]
INFO: [ view_filter ] --START--
INFO: Run Behavior\WriteHtmlCacheBehavior [ RunTime:0.000000s ]
INFO: [ view_filter ] --END-- [ RunTime:-0.005000s ]
INFO: [ app_end ] --START--
INFO: Run Behavior\ShowPageTraceBehavior [ RunTime:0.001000s ]
INFO: [ app_end ] --END-- [ RunTime:0.001000s ]

[ 2016-09-13T00:22:49+08:00 ] 127.0.0.1 /index.php/Home/Article/detail/cid/5/id/3.html
INFO: [ app_init ] --START--
INFO: Run Behavior\BuildLiteBehavior [ RunTime:0.000000s ]
INFO: [ app_init ] --END-- [ RunTime:0.001000s ]
INFO: [ app_begin ] --START--
INFO: Run Behavior\ReadHtmlCacheBehavior [ RunTime:0.000000s ]
INFO: [ app_begin ] --END-- [ RunTime:0.000000s ]
SQL: SHOW COLUMNS FROM `ec_channel` [ RunTime:0.0060s ]
SQL: SHOW COLUMNS FROM `ec_channel` [ RunTime:0.0030s ]
NOTIC: [8] Undefined index: modelType C:\project\JQ_UI\tpcms\App\Common\Model\BaseModel.class.php 第 188 行.
NOTIC: [8] Undefined index: field C:\project\JQ_UI\tpcms\App\Common\Model\BaseModel.class.php 第 206 行.
SQL: SELECT * FROM `ec_channel` WHERE `cid` = 5 LIMIT 1   [ RunTime:0.0010s ]
NOTIC: [2048] Declaration of Common\Model\ArticleModel::add() should be compatible with Think\Model::add($data = '', $options = Array, $replace = false) C:\project\JQ_UI\tpcms\App\Common\Model\ArticleModel.class.php 第 413 行.
SQL: SHOW COLUMNS FROM `ec_article` [ RunTime:0.0070s ]
NOTIC: [8] Undefined index: connection C:\project\JQ_UI\tpcms\App\Common\Model\BaseModel.class.php 第 299 行.
SQL: SHOW COLUMNS FROM `ec_article` [ RunTime:0.0040s ]
SQL: UPDATE `ec_article` SET `visitNums`=visitNums+1 WHERE `id` = 3 [ RunTime:0.0000s ]
SQL: SHOW COLUMNS FROM `ec_operationlog` [ RunTime:0.0040s ]
SQL: INSERT INTO `ec_operationlog` (`content`,`cUid`,`cTime`) VALUES ('UPDATE `ec_article` SET `visitNums`=visitNums+1 WHERE `id` = 3','1','1473697369') [ RunTime:0.0030s ]
NOTIC: [8] Undefined index: modelType C:\project\JQ_UI\tpcms\App\Common\Model\BaseModel.class.php 第 188 行.
NOTIC: [8] Undefined index: field C:\project\JQ_UI\tpcms\App\Common\Model\BaseModel.class.php 第 206 行.
SQL: SELECT * FROM `ec_article` WHERE `id` = 3 LIMIT 1   [ RunTime:0.0000s ]
NOTIC: [8192] Non-static method Common\Model\ChannelModel::getChannelDetailById() should not be called statically, assuming $this from incompatible context C:\project\JQ_UI\tpcms\App\Common\Model\ArticleModel.class.php 第 228 行.
NOTIC: [8] Undefined index: modelType C:\project\JQ_UI\tpcms\App\Common\Model\BaseModel.class.php 第 188 行.
SQL: SELECT * FROM `ec_article` WHERE ( id<3 ) ORDER BY id DESC LIMIT 1   [ RunTime:0.0000s ]
SQL: SELECT * FROM `ec_article` WHERE ( id>3 ) ORDER BY id ASC LIMIT 1   [ RunTime:0.0000s ]
INFO: [ view_parse ] --START--
INFO: [ template_filter ] --START--
INFO: Run Behavior\ContentReplaceBehavior [ RunTime:0.000000s ]
INFO: [ template_filter ] --END-- [ RunTime:0.000000s ]
NOTIC: [8] Undefined index: limit C:\project\JQ_UI\tpcms\App\Common\Model\BaseModel.class.php 第 49 行.
SQL: SELECT * FROM `ec_channel` WHERE `status` = 1 ORDER BY sort ASC  [ RunTime:0.0010s ]
INFO: [ view_parse ] --START--
INFO: [ template_filter ] --START--
INFO: Run Behavior\ContentReplaceBehavior [ RunTime:0.000000s ]
INFO: [ template_filter ] --END-- [ RunTime:-0.013001s ]
NOTIC: [8] Undefined offset: 0 C:\project\JQ_UI\tpcms\App\Runtime\Cache\Home\1242af1d05ffad1db18cc3faaddc1588.php 第 3 行.
NOTIC: [8] Use of undefined constant cid - assumed 'cid' C:\project\JQ_UI\tpcms\App\Runtime\Cache\Home\1242af1d05ffad1db18cc3faaddc1588.php 第 13 行.
NOTIC: [8] Undefined offset: 0 C:\project\JQ_UI\tpcms\App\Runtime\Cache\Home\1242af1d05ffad1db18cc3faaddc1588.php 第 3 行.
NOTIC: [8] Undefined offset: 0 C:\project\JQ_UI\tpcms\App\Runtime\Cache\Home\1242af1d05ffad1db18cc3faaddc1588.php 第 3 行.
INFO: Run Behavior\ParseTemplateBehavior [ RunTime:0.004000s ]
INFO: [ view_parse ] --END-- [ RunTime:0.004000s ]
INFO: [ view_filter ] --START--
INFO: Run Behavior\WriteHtmlCacheBehavior [ RunTime:0.000000s ]
INFO: [ view_filter ] --END-- [ RunTime:0.000000s ]
NOTIC: [8] Undefined index: limit C:\project\JQ_UI\tpcms\App\Common\Model\BaseModel.class.php 第 49 行.
SQL: SELECT * FROM `ec_channel` WHERE `status` = 1 ORDER BY sort ASC  [ RunTime:0.0000s ]
INFO: [ view_parse ] --START--
INFO: [ template_filter ] --START--
INFO: Run Behavior\ContentReplaceBehavior [ RunTime:0.000000s ]
INFO: [ template_filter ] --END-- [ RunTime:-0.018001s ]
INFO: Run Behavior\ParseTemplateBehavior [ RunTime:0.003000s ]
INFO: [ view_parse ] --END-- [ RunTime:-0.002000s ]
INFO: [ view_filter ] --START--
INFO: Run Behavior\WriteHtmlCacheBehavior [ RunTime:0.000000s ]
INFO: [ view_filter ] --END-- [ RunTime:-0.005000s ]
NOTIC: [8] Undefined index: cat_id C:\project\JQ_UI\tpcms\App\Runtime\Cache\Home\8659c8391793411fcfd1c97b8ff1db38.php 第 111 行.
SQL: SELECT `name` FROM `ec_channel` WHERE `cid` = null LIMIT 1   [ RunTime:0.0010s ]
NOTIC: [8] Undefined variable: channelList C:\project\JQ_UI\tpcms\App\Runtime\Cache\Home\8659c8391793411fcfd1c97b8ff1db38.php 第 237 行.
INFO: Run Behavior\ParseTemplateBehavior [ RunTime:0.004000s ]
INFO: [ view_parse ] --END-- [ RunTime:-0.002000s ]
INFO: [ view_filter ] --START--
INFO: Run Behavior\WriteHtmlCacheBehavior [ RunTime:0.000000s ]
INFO: [ view_filter ] --END-- [ RunTime:-0.006000s ]
INFO: [ app_end ] --START--
INFO: Run Behavior\ShowPageTraceBehavior [ RunTime:0.000000s ]
INFO: [ app_end ] --END-- [ RunTime:0.000000s ]

[ 2016-09-13T00:25:00+08:00 ] 127.0.0.1 /index.php/Home/Article/detail/cid/5/id/3.html
INFO: [ app_init ] --START--
INFO: Run Behavior\BuildLiteBehavior [ RunTime:0.000000s ]
INFO: [ app_init ] --END-- [ RunTime:0.000000s ]
INFO: [ app_begin ] --START--
INFO: Run Behavior\ReadHtmlCacheBehavior [ RunTime:0.000000s ]
INFO: [ app_begin ] --END-- [ RunTime:0.000000s ]
SQL: SHOW COLUMNS FROM `ec_channel` [ RunTime:0.0030s ]
SQL: SHOW COLUMNS FROM `ec_channel` [ RunTime:0.0040s ]
NOTIC: [8] Undefined index: modelType C:\project\JQ_UI\tpcms\App\Common\Model\BaseModel.class.php 第 188 行.
NOTIC: [8] Undefined index: field C:\project\JQ_UI\tpcms\App\Common\Model\BaseModel.class.php 第 206 行.
SQL: SELECT * FROM `ec_channel` WHERE `cid` = 5 LIMIT 1   [ RunTime:0.0010s ]
NOTIC: [2048] Declaration of Common\Model\ArticleModel::add() should be compatible with Think\Model::add($data = '', $options = Array, $replace = false) C:\project\JQ_UI\tpcms\App\Common\Model\ArticleModel.class.php 第 413 行.
SQL: SHOW COLUMNS FROM `ec_article` [ RunTime:0.0030s ]
NOTIC: [8] Undefined index: connection C:\project\JQ_UI\tpcms\App\Common\Model\BaseModel.class.php 第 299 行.
SQL: SHOW COLUMNS FROM `ec_article` [ RunTime:0.0030s ]
SQL: UPDATE `ec_article` SET `visitNums`=visitNums+1 WHERE `id` = 3 [ RunTime:0.0000s ]
SQL: SHOW COLUMNS FROM `ec_operationlog` [ RunTime:0.0160s ]
SQL: INSERT INTO `ec_operationlog` (`content`,`cUid`,`cTime`) VALUES ('UPDATE `ec_article` SET `visitNums`=visitNums+1 WHERE `id` = 3','1','1473697500') [ RunTime:0.0030s ]
NOTIC: [8] Undefined index: modelType C:\project\JQ_UI\tpcms\App\Common\Model\BaseModel.class.php 第 188 行.
NOTIC: [8] Undefined index: field C:\project\JQ_UI\tpcms\App\Common\Model\BaseModel.class.php 第 206 行.
SQL: SELECT * FROM `ec_article` WHERE `id` = 3 LIMIT 1   [ RunTime:0.0010s ]
NOTIC: [8192] Non-static method Common\Model\ChannelModel::getChannelDetailById() should not be called statically, assuming $this from incompatible context C:\project\JQ_UI\tpcms\App\Common\Model\ArticleModel.class.php 第 228 行.
NOTIC: [8] Undefined index: modelType C:\project\JQ_UI\tpcms\App\Common\Model\BaseModel.class.php 第 188 行.
SQL: SELECT * FROM `ec_article` WHERE ( id<3 ) ORDER BY id DESC LIMIT 1   [ RunTime:0.0010s ]
SQL: SELECT * FROM `ec_article` WHERE ( id>3 ) ORDER BY id ASC LIMIT 1   [ RunTime:0.0010s ]
INFO: [ view_parse ] --START--
INFO: [ template_filter ] --START--
INFO: Run Behavior\ContentReplaceBehavior [ RunTime:0.000000s ]
INFO: [ template_filter ] --END-- [ RunTime:0.000000s ]
NOTIC: [8] Undefined index: limit C:\project\JQ_UI\tpcms\App\Common\Model\BaseModel.class.php 第 49 行.
SQL: SELECT * FROM `ec_channel` WHERE `status` = 1 ORDER BY sort ASC  [ RunTime:0.0000s ]
INFO: [ view_parse ] --START--
INFO: [ template_filter ] --START--
INFO: Run Behavior\ContentReplaceBehavior [ RunTime:0.000000s ]
INFO: [ template_filter ] --END-- [ RunTime:-0.011001s ]
NOTIC: [8] Undefined offset: 0 C:\project\JQ_UI\tpcms\App\Runtime\Cache\Home\1242af1d05ffad1db18cc3faaddc1588.php 第 3 行.
NOTIC: [8] Use of undefined constant cid - assumed 'cid' C:\project\JQ_UI\tpcms\App\Runtime\Cache\Home\1242af1d05ffad1db18cc3faaddc1588.php 第 13 行.
NOTIC: [8] Undefined offset: 0 C:\project\JQ_UI\tpcms\App\Runtime\Cache\Home\1242af1d05ffad1db18cc3faaddc1588.php 第 3 行.
NOTIC: [8] Undefined offset: 0 C:\project\JQ_UI\tpcms\App\Runtime\Cache\Home\1242af1d05ffad1db18cc3faaddc1588.php 第 3 行.
INFO: Run Behavior\ParseTemplateBehavior [ RunTime:0.004000s ]
INFO: [ view_parse ] --END-- [ RunTime:0.004000s ]
INFO: [ view_filter ] --START--
INFO: Run Behavior\WriteHtmlCacheBehavior [ RunTime:0.001000s ]
INFO: [ view_filter ] --END-- [ RunTime:0.001000s ]
NOTIC: [8] Undefined index: limit C:\project\JQ_UI\tpcms\App\Common\Model\BaseModel.class.php 第 49 行.
SQL: SELECT * FROM `ec_channel` WHERE `status` = 1 ORDER BY sort ASC  [ RunTime:0.0020s ]
INFO: [ view_parse ] --START--
INFO: [ template_filter ] --START--
INFO: Run Behavior\ContentReplaceBehavior [ RunTime:0.000000s ]
INFO: [ template_filter ] --END-- [ RunTime:-0.020001s ]
INFO: Run Behavior\ParseTemplateBehavior [ RunTime:0.006000s ]
INFO: [ view_parse ] --END-- [ RunTime:-0.003000s ]
INFO: [ view_filter ] --START--
INFO: Run Behavior\WriteHtmlCacheBehavior [ RunTime:0.000000s ]
INFO: [ view_filter ] --END-- [ RunTime:-0.008000s ]
NOTIC: [8] Undefined index: cat_id C:\project\JQ_UI\tpcms\App\Runtime\Cache\Home\8659c8391793411fcfd1c97b8ff1db38.php 第 111 行.
SQL: SELECT `name` FROM `ec_channel` WHERE `cid` = null LIMIT 1   [ RunTime:0.0000s ]
NOTIC: [8] Undefined variable: channelList C:\project\JQ_UI\tpcms\App\Runtime\Cache\Home\8659c8391793411fcfd1c97b8ff1db38.php 第 237 行.
INFO: Run Behavior\ParseTemplateBehavior [ RunTime:0.007000s ]
INFO: [ view_parse ] --END-- [ RunTime:-0.003000s ]
INFO: [ view_filter ] --START--
INFO: Run Behavior\WriteHtmlCacheBehavior [ RunTime:0.000000s ]
INFO: [ view_filter ] --END-- [ RunTime:-0.009000s ]
INFO: [ app_end ] --START--
INFO: Run Behavior\ShowPageTraceBehavior [ RunTime:0.000000s ]
INFO: [ app_end ] --END-- [ RunTime:0.000000s ]

[ 2016-09-13T00:25:11+08:00 ] 127.0.0.1 /index.php/Home/Article/detail/cid/5/id/3.html
INFO: [ app_init ] --START--
INFO: Run Behavior\BuildLiteBehavior [ RunTime:0.000000s ]
INFO: [ app_init ] --END-- [ RunTime:0.001000s ]
INFO: [ app_begin ] --START--
INFO: Run Behavior\ReadHtmlCacheBehavior [ RunTime:0.001000s ]
INFO: [ app_begin ] --END-- [ RunTime:0.001000s ]
SQL: SHOW COLUMNS FROM `ec_channel` [ RunTime:0.0040s ]
SQL: SHOW COLUMNS FROM `ec_channel` [ RunTime:0.0040s ]
NOTIC: [8] Undefined index: modelType C:\project\JQ_UI\tpcms\App\Common\Model\BaseModel.class.php 第 188 行.
NOTIC: [2048] Declaration of Common\Model\ArticleModel::add() should be compatible with Think\Model::add($data = '', $options = Array, $replace = false) C:\project\JQ_UI\tpcms\App\Common\Model\ArticleModel.class.php 第 413 行.
SQL: SHOW COLUMNS FROM `ec_article` [ RunTime:0.0040s ]
NOTIC: [8] Undefined index: connection C:\project\JQ_UI\tpcms\App\Common\Model\BaseModel.class.php 第 299 行.
SQL: SHOW COLUMNS FROM `ec_article` [ RunTime:0.0090s ]
SQL: UPDATE `ec_article` SET `visitNums`=visitNums+1 WHERE `id` = 3 [ RunTime:0.0000s ]
SQL: SHOW COLUMNS FROM `ec_operationlog` [ RunTime:0.0040s ]
SQL: INSERT INTO `ec_operationlog` (`content`,`cUid`,`cTime`) VALUES ('UPDATE `ec_article` SET `visitNums`=visitNums+1 WHERE `id` = 3','1','1473697511') [ RunTime:0.0030s ]
NOTIC: [8] Undefined index: modelType C:\project\JQ_UI\tpcms\App\Common\Model\BaseModel.class.php 第 188 行.
NOTIC: [8192] Non-static method Common\Model\ChannelModel::getChannelDetailById() should not be called statically, assuming $this from incompatible context C:\project\JQ_UI\tpcms\App\Common\Model\ArticleModel.class.php 第 228 行.
NOTIC: [8] Undefined index: modelType C:\project\JQ_UI\tpcms\App\Common\Model\BaseModel.class.php 第 188 行.
SQL: SELECT * FROM `ec_article` WHERE ( id<3 ) ORDER BY id DESC LIMIT 1   [ RunTime:0.0010s ]
SQL: SELECT * FROM `ec_article` WHERE ( id>3 ) ORDER BY id ASC LIMIT 1   [ RunTime:0.0000s ]
INFO: [ view_parse ] --START--
INFO: [ template_filter ] --START--
INFO: Run Behavior\ContentReplaceBehavior [ RunTime:0.000000s ]
INFO: [ template_filter ] --END-- [ RunTime:0.000000s ]
NOTIC: [8] Undefined index: limit C:\project\JQ_UI\tpcms\App\Common\Model\BaseModel.class.php 第 49 行.
SQL: SELECT * FROM `ec_channel` WHERE `status` = 1 ORDER BY sort ASC  [ RunTime:0.0020s ]
INFO: [ view_parse ] --START--
INFO: [ template_filter ] --START--
INFO: Run Behavior\ContentReplaceBehavior [ RunTime:0.000000s ]
INFO: [ template_filter ] --END-- [ RunTime:-0.008000s ]
NOTIC: [8] Undefined offset: 0 C:\project\JQ_UI\tpcms\App\Runtime\Cache\Home\1242af1d05ffad1db18cc3faaddc1588.php 第 3 行.
NOTIC: [8] Use of undefined constant cid - assumed 'cid' C:\project\JQ_UI\tpcms\App\Runtime\Cache\Home\1242af1d05ffad1db18cc3faaddc1588.php 第 13 行.
NOTIC: [8] Undefined offset: 0 C:\project\JQ_UI\tpcms\App\Runtime\Cache\Home\1242af1d05ffad1db18cc3faaddc1588.php 第 3 行.
NOTIC: [8] Undefined offset: 0 C:\project\JQ_UI\tpcms\App\Runtime\Cache\Home\1242af1d05ffad1db18cc3faaddc1588.php 第 3 行.
INFO: Run Behavior\ParseTemplateBehavior [ RunTime:0.004000s ]
INFO: [ view_parse ] --END-- [ RunTime:0.004000s ]
INFO: [ view_filter ] --START--
INFO: Run Behavior\WriteHtmlCacheBehavior [ RunTime:0.000000s ]
INFO: [ view_filter ] --END-- [ RunTime:0.000000s ]
NOTIC: [8] Undefined index: limit C:\project\JQ_UI\tpcms\App\Common\Model\BaseModel.class.php 第 49 行.
SQL: SELECT * FROM `ec_channel` WHERE `status` = 1 ORDER BY sort ASC  [ RunTime:0.0060s ]
INFO: [ view_parse ] --START--
INFO: [ template_filter ] --START--
INFO: Run Behavior\ContentReplaceBehavior [ RunTime:0.000000s ]
INFO: [ template_filter ] --END-- [ RunTime:-0.018001s ]
INFO: Run Behavior\ParseTemplateBehavior [ RunTime:0.007000s ]
INFO: [ view_parse ] --END-- [ RunTime:-0.006001s ]
INFO: [ view_filter ] --START--
INFO: Run Behavior\WriteHtmlCacheBehavior [ RunTime:0.000000s ]
INFO: [ view_filter ] --END-- [ RunTime:-0.013001s ]
NOTIC: [8] Undefined index: cat_id C:\project\JQ_UI\tpcms\App\Runtime\Cache\Home\8659c8391793411fcfd1c97b8ff1db38.php 第 111 行.
SQL: SELECT `name` FROM `ec_channel` WHERE `cid` = null LIMIT 1   [ RunTime:0.0010s ]
NOTIC: [8] Undefined variable: channelList C:\project\JQ_UI\tpcms\App\Runtime\Cache\Home\8659c8391793411fcfd1c97b8ff1db38.php 第 237 行.
INFO: Run Behavior\ParseTemplateBehavior [ RunTime:0.008000s ]
INFO: [ view_parse ] --END-- [ RunTime:-0.006001s ]
INFO: [ view_filter ] --START--
INFO: Run Behavior\WriteHtmlCacheBehavior [ RunTime:0.000000s ]
INFO: [ view_filter ] --END-- [ RunTime:-0.014001s ]
INFO: [ app_end ] --START--
INFO: Run Behavior\ShowPageTraceBehavior [ RunTime:0.001000s ]
INFO: [ app_end ] --END-- [ RunTime:0.001000s ]

[ 2016-09-13T00:29:15+08:00 ] 127.0.0.1 /index.php/Home/Article/detail/cid/5/id/3.html
INFO: [ app_init ] --START--
INFO: Run Behavior\BuildLiteBehavior [ RunTime:0.000000s ]
INFO: [ app_init ] --END-- [ RunTime:0.001000s ]
INFO: [ app_begin ] --START--
INFO: Run Behavior\ReadHtmlCacheBehavior [ RunTime:0.000000s ]
INFO: [ app_begin ] --END-- [ RunTime:0.000000s ]
SQL: SHOW COLUMNS FROM `ec_channel` [ RunTime:0.0050s ]
SQL: SHOW COLUMNS FROM `ec_channel` [ RunTime:0.0050s ]
NOTIC: [8] Undefined index: modelType C:\project\JQ_UI\tpcms\App\Common\Model\BaseModel.class.php 第 188 行.
NOTIC: [8] Undefined index: field C:\project\JQ_UI\tpcms\App\Common\Model\BaseModel.class.php 第 206 行.
SQL: SELECT * FROM `ec_channel` WHERE `cid` = 5 LIMIT 1   [ RunTime:0.0010s ]
NOTIC: [2048] Declaration of Common\Model\ArticleModel::add() should be compatible with Think\Model::add($data = '', $options = Array, $replace = false) C:\project\JQ_UI\tpcms\App\Common\Model\ArticleModel.class.php 第 413 行.
SQL: SHOW COLUMNS FROM `ec_article` [ RunTime:0.0050s ]
NOTIC: [8] Undefined index: connection C:\project\JQ_UI\tpcms\App\Common\Model\BaseModel.class.php 第 299 行.
SQL: SHOW COLUMNS FROM `ec_article` [ RunTime:0.0050s ]
SQL: UPDATE `ec_article` SET `visitNums`=visitNums+1 WHERE `id` = 3 [ RunTime:0.0010s ]
SQL: SHOW COLUMNS FROM `ec_operationlog` [ RunTime:0.0060s ]
SQL: INSERT INTO `ec_operationlog` (`content`,`cUid`,`cTime`) VALUES ('UPDATE `ec_article` SET `visitNums`=visitNums+1 WHERE `id` = 3','1','1473697755') [ RunTime:0.0070s ]
NOTIC: [8] Undefined index: modelType C:\project\JQ_UI\tpcms\App\Common\Model\BaseModel.class.php 第 188 行.
NOTIC: [8] Undefined index: field C:\project\JQ_UI\tpcms\App\Common\Model\BaseModel.class.php 第 206 行.
SQL: SELECT * FROM `ec_article` WHERE `id` = 3 LIMIT 1   [ RunTime:0.0010s ]
NOTIC: [8192] Non-static method Common\Model\ChannelModel::getChannelDetailById() should not be called statically, assuming $this from incompatible context C:\project\JQ_UI\tpcms\App\Common\Model\ArticleModel.class.php 第 228 行.
NOTIC: [8] Undefined index: modelType C:\project\JQ_UI\tpcms\App\Common\Model\BaseModel.class.php 第 188 行.
SQL: SELECT * FROM `ec_article` WHERE ( id<3 ) ORDER BY id DESC LIMIT 1   [ RunTime:0.0000s ]
SQL: SELECT * FROM `ec_article` WHERE ( id>3 ) ORDER BY id ASC LIMIT 1   [ RunTime:0.0010s ]
INFO: [ view_parse ] --START--
INFO: [ template_filter ] --START--
INFO: Run Behavior\ContentReplaceBehavior [ RunTime:0.000000s ]
INFO: [ template_filter ] --END-- [ RunTime:0.000000s ]
NOTIC: [8] Undefined index: limit C:\project\JQ_UI\tpcms\App\Common\Model\BaseModel.class.php 第 49 行.
SQL: SELECT * FROM `ec_channel` WHERE `status` = 1 ORDER BY sort ASC  [ RunTime:0.0000s ]
INFO: [ view_parse ] --START--
INFO: [ template_filter ] --START--
INFO: Run Behavior\ContentReplaceBehavior [ RunTime:0.000000s ]
INFO: [ template_filter ] --END-- [ RunTime:-0.007001s ]
NOTIC: [8] Undefined offset: 0 C:\project\JQ_UI\tpcms\App\Runtime\Cache\Home\1242af1d05ffad1db18cc3faaddc1588.php 第 3 行.
NOTIC: [8] Use of undefined constant cid - assumed 'cid' C:\project\JQ_UI\tpcms\App\Runtime\Cache\Home\1242af1d05ffad1db18cc3faaddc1588.php 第 13 行.
NOTIC: [8] Undefined offset: 0 C:\project\JQ_UI\tpcms\App\Runtime\Cache\Home\1242af1d05ffad1db18cc3faaddc1588.php 第 3 行.
NOTIC: [8] Undefined offset: 0 C:\project\JQ_UI\tpcms\App\Runtime\Cache\Home\1242af1d05ffad1db18cc3faaddc1588.php 第 3 行.
INFO: Run Behavior\ParseTemplateBehavior [ RunTime:0.003001s ]
INFO: [ view_parse ] --END-- [ RunTime:0.003001s ]
INFO: [ view_filter ] --START--
INFO: Run Behavior\WriteHtmlCacheBehavior [ RunTime:0.001000s ]
INFO: [ view_filter ] --END-- [ RunTime:0.001000s ]
NOTIC: [8] Undefined index: limit C:\project\JQ_UI\tpcms\App\Common\Model\BaseModel.class.php 第 49 行.
SQL: SELECT * FROM `ec_channel` WHERE `status` = 1 ORDER BY sort ASC  [ RunTime:0.0000s ]
INFO: [ view_parse ] --START--
INFO: [ template_filter ] --START--
INFO: Run Behavior\ContentReplaceBehavior [ RunTime:0.000000s ]
INFO: [ template_filter ] --END-- [ RunTime:-0.013001s ]
INFO: Run Behavior\ParseTemplateBehavior [ RunTime:0.004000s ]
INFO: [ view_parse ] --END-- [ RunTime:-0.003000s ]
INFO: [ view_filter ] --START--
INFO: Run Behavior\WriteHtmlCacheBehavior [ RunTime:0.000000s ]
INFO: [ view_filter ] --END-- [ RunTime:-0.006000s ]
NOTIC: [8] Undefined index: cat_id C:\project\JQ_UI\tpcms\App\Runtime\Cache\Home\8659c8391793411fcfd1c97b8ff1db38.php 第 111 行.
SQL: SELECT `name` FROM `ec_channel` WHERE `cid` = null LIMIT 1   [ RunTime:0.0000s ]
NOTIC: [8] Undefined variable: channelList C:\project\JQ_UI\tpcms\App\Runtime\Cache\Home\8659c8391793411fcfd1c97b8ff1db38.php 第 251 行.
INFO: Run Behavior\ParseTemplateBehavior [ RunTime:0.005000s ]
INFO: [ view_parse ] --END-- [ RunTime:-0.003000s ]
INFO: [ view_filter ] --START--
INFO: Run Behavior\WriteHtmlCacheBehavior [ RunTime:0.000000s ]
INFO: [ view_filter ] --END-- [ RunTime:-0.007000s ]
INFO: [ app_end ] --START--
INFO: Run Behavior\ShowPageTraceBehavior [ RunTime:0.000000s ]
INFO: [ app_end ] --END-- [ RunTime:0.000000s ]

[ 2016-09-13T00:36:20+08:00 ] 127.0.0.1 /index.php/Home/Article/detail/cid/5/id/3.html
INFO: [ app_init ] --START--
INFO: Run Behavior\BuildLiteBehavior [ RunTime:0.000000s ]
INFO: [ app_init ] --END-- [ RunTime:0.001000s ]
INFO: [ app_begin ] --START--
INFO: Run Behavior\ReadHtmlCacheBehavior [ RunTime:0.000000s ]
INFO: [ app_begin ] --END-- [ RunTime:0.000000s ]
SQL: SHOW COLUMNS FROM `ec_channel` [ RunTime:0.0040s ]
SQL: SHOW COLUMNS FROM `ec_channel` [ RunTime:0.0050s ]
NOTIC: [8] Undefined index: modelType C:\project\JQ_UI\tpcms\App\Common\Model\BaseModel.class.php 第 188 行.
NOTIC: [8] Undefined index: field C:\project\JQ_UI\tpcms\App\Common\Model\BaseModel.class.php 第 206 行.
SQL: SELECT * FROM `ec_channel` WHERE `cid` = 5 LIMIT 1   [ RunTime:0.0000s ]
NOTIC: [2048] Declaration of Common\Model\ArticleModel::add() should be compatible with Think\Model::add($data = '', $options = Array, $replace = false) C:\project\JQ_UI\tpcms\App\Common\Model\ArticleModel.class.php 第 413 行.
SQL: SHOW COLUMNS FROM `ec_article` [ RunTime:0.0040s ]
NOTIC: [8] Undefined index: connection C:\project\JQ_UI\tpcms\App\Common\Model\BaseModel.class.php 第 299 行.
SQL: SHOW COLUMNS FROM `ec_article` [ RunTime:0.0040s ]
SQL: UPDATE `ec_article` SET `visitNums`=visitNums+1 WHERE `id` = 3 [ RunTime:0.0000s ]
SQL: SHOW COLUMNS FROM `ec_operationlog` [ RunTime:0.0080s ]
SQL: INSERT INTO `ec_operationlog` (`content`,`cUid`,`cTime`) VALUES ('UPDATE `ec_article` SET `visitNums`=visitNums+1 WHERE `id` = 3','1','1473698180') [ RunTime:0.0030s ]
NOTIC: [8] Undefined index: modelType C:\project\JQ_UI\tpcms\App\Common\Model\BaseModel.class.php 第 188 行.
NOTIC: [8] Undefined index: field C:\project\JQ_UI\tpcms\App\Common\Model\BaseModel.class.php 第 206 行.
SQL: SELECT * FROM `ec_article` WHERE `id` = 3 LIMIT 1   [ RunTime:0.0000s ]
NOTIC: [8192] Non-static method Common\Model\ChannelModel::getChannelDetailById() should not be called statically, assuming $this from incompatible context C:\project\JQ_UI\tpcms\App\Common\Model\ArticleModel.class.php 第 228 行.
NOTIC: [8] Undefined index: modelType C:\project\JQ_UI\tpcms\App\Common\Model\BaseModel.class.php 第 188 行.
SQL: SELECT * FROM `ec_article` WHERE ( id<3 ) ORDER BY id DESC LIMIT 1   [ RunTime:0.0020s ]
SQL: SELECT * FROM `ec_article` WHERE ( id>3 ) ORDER BY id ASC LIMIT 1   [ RunTime:0.0000s ]
INFO: [ view_parse ] --START--
INFO: [ template_filter ] --START--
INFO: Run Behavior\ContentReplaceBehavior [ RunTime:0.000000s ]
INFO: [ template_filter ] --END-- [ RunTime:0.000000s ]
NOTIC: [8] Undefined index: limit C:\project\JQ_UI\tpcms\App\Common\Model\BaseModel.class.php 第 49 行.
SQL: SELECT * FROM `ec_channel` WHERE `status` = 1 ORDER BY sort ASC  [ RunTime:0.0010s ]
INFO: [ view_parse ] --START--
INFO: [ template_filter ] --START--
INFO: Run Behavior\ContentReplaceBehavior [ RunTime:0.000000s ]
INFO: [ template_filter ] --END-- [ RunTime:-0.007000s ]
NOTIC: [8] Undefined offset: 0 C:\project\JQ_UI\tpcms\App\Runtime\Cache\Home\1242af1d05ffad1db18cc3faaddc1588.php 第 3 行.
NOTIC: [8] Use of undefined constant cid - assumed 'cid' C:\project\JQ_UI\tpcms\App\Runtime\Cache\Home\1242af1d05ffad1db18cc3faaddc1588.php 第 13 行.
NOTIC: [8] Undefined offset: 0 C:\project\JQ_UI\tpcms\App\Runtime\Cache\Home\1242af1d05ffad1db18cc3faaddc1588.php 第 3 行.
NOTIC: [8] Undefined offset: 0 C:\project\JQ_UI\tpcms\App\Runtime\Cache\Home\1242af1d05ffad1db18cc3faaddc1588.php 第 3 行.
INFO: Run Behavior\ParseTemplateBehavior [ RunTime:0.004000s ]
INFO: [ view_parse ] --END-- [ RunTime:0.004000s ]
INFO: [ view_filter ] --START--
INFO: Run Behavior\WriteHtmlCacheBehavior [ RunTime:0.000000s ]
INFO: [ view_filter ] --END-- [ RunTime:0.000000s ]
NOTIC: [8] Undefined index: limit C:\project\JQ_UI\tpcms\App\Common\Model\BaseModel.class.php 第 49 行.
SQL: SELECT * FROM `ec_channel` WHERE `status` = 1 ORDER BY sort ASC  [ RunTime:0.0010s ]
INFO: [ view_parse ] --START--
INFO: [ template_filter ] --START--
INFO: Run Behavior\ContentReplaceBehavior [ RunTime:0.000000s ]
INFO: [ template_filter ] --END-- [ RunTime:-0.012000s ]
INFO: Run Behavior\ParseTemplateBehavior [ RunTime:0.003000s ]
INFO: [ view_parse ] --END-- [ RunTime:-0.001000s ]
INFO: [ view_filter ] --START--
INFO: Run Behavior\WriteHtmlCacheBehavior [ RunTime:0.000000s ]
INFO: [ view_filter ] --END-- [ RunTime:-0.004000s ]
NOTIC: [8] Undefined index: cat_id C:\project\JQ_UI\tpcms\App\Runtime\Cache\Home\8659c8391793411fcfd1c97b8ff1db38.php 第 181 行.
SQL: SELECT `name` FROM `ec_channel` WHERE `cid` = null LIMIT 1   [ RunTime:0.0000s ]
NOTIC: [8] Undefined variable: channelList C:\project\JQ_UI\tpcms\App\Runtime\Cache\Home\8659c8391793411fcfd1c97b8ff1db38.php 第 321 行.
INFO: Run Behavior\ParseTemplateBehavior [ RunTime:0.004000s ]
INFO: [ view_parse ] --END-- [ RunTime:-0.001000s ]
INFO: [ view_filter ] --START--
INFO: Run Behavior\WriteHtmlCacheBehavior [ RunTime:0.000000s ]
INFO: [ view_filter ] --END-- [ RunTime:-0.005000s ]
INFO: [ app_end ] --START--
INFO: Run Behavior\ShowPageTraceBehavior [ RunTime:0.008001s ]
INFO: [ app_end ] --END-- [ RunTime:0.008001s ]

[ 2016-09-13T00:38:28+08:00 ] 127.0.0.1 /index.php/Home/Article/detail/cid/5/id/3.html
INFO: [ app_init ] --START--
INFO: Run Behavior\BuildLiteBehavior [ RunTime:0.000000s ]
INFO: [ app_init ] --END-- [ RunTime:0.001000s ]
INFO: [ app_begin ] --START--
INFO: Run Behavior\ReadHtmlCacheBehavior [ RunTime:0.001000s ]
INFO: [ app_begin ] --END-- [ RunTime:0.001000s ]
SQL: SHOW COLUMNS FROM `ec_channel` [ RunTime:0.0050s ]
SQL: SHOW COLUMNS FROM `ec_channel` [ RunTime:0.0040s ]
NOTIC: [8] Undefined index: modelType C:\project\JQ_UI\tpcms\App\Common\Model\BaseModel.class.php 第 188 行.
NOTIC: [8] Undefined index: field C:\project\JQ_UI\tpcms\App\Common\Model\BaseModel.class.php 第 206 行.
SQL: SELECT * FROM `ec_channel` WHERE `cid` = 5 LIMIT 1   [ RunTime:0.0010s ]
NOTIC: [2048] Declaration of Common\Model\ArticleModel::add() should be compatible with Think\Model::add($data = '', $options = Array, $replace = false) C:\project\JQ_UI\tpcms\App\Common\Model\ArticleModel.class.php 第 413 行.
SQL: SHOW COLUMNS FROM `ec_article` [ RunTime:0.0050s ]
NOTIC: [8] Undefined index: connection C:\project\JQ_UI\tpcms\App\Common\Model\BaseModel.class.php 第 299 行.
SQL: SHOW COLUMNS FROM `ec_article` [ RunTime:0.0030s ]
SQL: UPDATE `ec_article` SET `visitNums`=visitNums+1 WHERE `id` = 3 [ RunTime:0.0000s ]
SQL: SHOW COLUMNS FROM `ec_operationlog` [ RunTime:0.0040s ]
SQL: INSERT INTO `ec_operationlog` (`content`,`cUid`,`cTime`) VALUES ('UPDATE `ec_article` SET `visitNums`=visitNums+1 WHERE `id` = 3','1','1473698308') [ RunTime:0.0030s ]
NOTIC: [8] Undefined index: modelType C:\project\JQ_UI\tpcms\App\Common\Model\BaseModel.class.php 第 188 行.
NOTIC: [8] Undefined index: field C:\project\JQ_UI\tpcms\App\Common\Model\BaseModel.class.php 第 206 行.
SQL: SELECT * FROM `ec_article` WHERE `id` = 3 LIMIT 1   [ RunTime:0.0000s ]
NOTIC: [8192] Non-static method Common\Model\ChannelModel::getChannelDetailById() should not be called statically, assuming $this from incompatible context C:\project\JQ_UI\tpcms\App\Common\Model\ArticleModel.class.php 第 228 行.
NOTIC: [8] Undefined index: modelType C:\project\JQ_UI\tpcms\App\Common\Model\BaseModel.class.php 第 188 行.
SQL: SELECT * FROM `ec_article` WHERE ( id<3 ) ORDER BY id DESC LIMIT 1   [ RunTime:0.0010s ]
SQL: SELECT * FROM `ec_article` WHERE ( id>3 ) ORDER BY id ASC LIMIT 1   [ RunTime:0.0000s ]
INFO: [ view_parse ] --START--
INFO: [ template_filter ] --START--
INFO: Run Behavior\ContentReplaceBehavior [ RunTime:0.000000s ]
INFO: [ template_filter ] --END-- [ RunTime:0.000000s ]
NOTIC: [8] Undefined index: limit C:\project\JQ_UI\tpcms\App\Common\Model\BaseModel.class.php 第 49 行.
SQL: SELECT * FROM `ec_channel` WHERE `status` = 1 ORDER BY sort ASC  [ RunTime:0.0010s ]
INFO: [ view_parse ] --START--
INFO: [ template_filter ] --START--
INFO: Run Behavior\ContentReplaceBehavior [ RunTime:0.000000s ]
INFO: [ template_filter ] --END-- [ RunTime:-0.006000s ]
NOTIC: [8] Undefined offset: 0 C:\project\JQ_UI\tpcms\App\Runtime\Cache\Home\1242af1d05ffad1db18cc3faaddc1588.php 第 3 行.
NOTIC: [8] Use of undefined constant cid - assumed 'cid' C:\project\JQ_UI\tpcms\App\Runtime\Cache\Home\1242af1d05ffad1db18cc3faaddc1588.php 第 13 行.
NOTIC: [8] Undefined offset: 0 C:\project\JQ_UI\tpcms\App\Runtime\Cache\Home\1242af1d05ffad1db18cc3faaddc1588.php 第 3 行.
NOTIC: [8] Undefined offset: 0 C:\project\JQ_UI\tpcms\App\Runtime\Cache\Home\1242af1d05ffad1db18cc3faaddc1588.php 第 3 行.
INFO: Run Behavior\ParseTemplateBehavior [ RunTime:0.004001s ]
INFO: [ view_parse ] --END-- [ RunTime:0.004001s ]
INFO: [ view_filter ] --START--
INFO: Run Behavior\WriteHtmlCacheBehavior [ RunTime:0.000000s ]
INFO: [ view_filter ] --END-- [ RunTime:0.000000s ]
NOTIC: [8] Undefined index: limit C:\project\JQ_UI\tpcms\App\Common\Model\BaseModel.class.php 第 49 行.
SQL: SELECT * FROM `ec_channel` WHERE `status` = 1 ORDER BY sort ASC  [ RunTime:0.0010s ]
INFO: [ view_parse ] --START--
INFO: [ template_filter ] --START--
INFO: Run Behavior\ContentReplaceBehavior [ RunTime:0.000000s ]
INFO: [ template_filter ] --END-- [ RunTime:-0.011001s ]
INFO: Run Behavior\ParseTemplateBehavior [ RunTime:0.004000s ]
INFO: [ view_parse ] --END-- [ RunTime:-0.001000s ]
INFO: [ view_filter ] --START--
INFO: Run Behavior\WriteHtmlCacheBehavior [ RunTime:0.000000s ]
INFO: [ view_filter ] --END-- [ RunTime:-0.005000s ]
NOTIC: [8] Undefined index: cat_id C:\project\JQ_UI\tpcms\App\Runtime\Cache\Home\8659c8391793411fcfd1c97b8ff1db38.php 第 180 行.
SQL: SELECT `name` FROM `ec_channel` WHERE `cid` = null LIMIT 1   [ RunTime:0.0000s ]
NOTIC: [8] Undefined variable: channelList C:\project\JQ_UI\tpcms\App\Runtime\Cache\Home\8659c8391793411fcfd1c97b8ff1db38.php 第 320 行.
INFO: Run Behavior\ParseTemplateBehavior [ RunTime:0.004000s ]
INFO: [ view_parse ] --END-- [ RunTime:-0.001000s ]
INFO: [ view_filter ] --START--
INFO: Run Behavior\WriteHtmlCacheBehavior [ RunTime:0.000000s ]
INFO: [ view_filter ] --END-- [ RunTime:-0.005000s ]
INFO: [ app_end ] --START--
INFO: Run Behavior\ShowPageTraceBehavior [ RunTime:0.002000s ]
INFO: [ app_end ] --END-- [ RunTime:0.002000s ]

[ 2016-09-13T00:38:34+08:00 ] 127.0.0.1 /index.php/Home/Article/detail/cid/5/id/3.html
INFO: [ app_init ] --START--
INFO: Run Behavior\BuildLiteBehavior [ RunTime:0.000000s ]
INFO: [ app_init ] --END-- [ RunTime:0.001000s ]
INFO: [ app_begin ] --START--
INFO: Run Behavior\ReadHtmlCacheBehavior [ RunTime:0.000000s ]
INFO: [ app_begin ] --END-- [ RunTime:0.001000s ]
SQL: SHOW COLUMNS FROM `ec_channel` [ RunTime:0.0050s ]
SQL: SHOW COLUMNS FROM `ec_channel` [ RunTime:0.0050s ]
NOTIC: [8] Undefined index: modelType C:\project\JQ_UI\tpcms\App\Common\Model\BaseModel.class.php 第 188 行.
NOTIC: [2048] Declaration of Common\Model\ArticleModel::add() should be compatible with Think\Model::add($data = '', $options = Array, $replace = false) C:\project\JQ_UI\tpcms\App\Common\Model\ArticleModel.class.php 第 413 行.
SQL: SHOW COLUMNS FROM `ec_article` [ RunTime:0.0050s ]
NOTIC: [8] Undefined index: connection C:\project\JQ_UI\tpcms\App\Common\Model\BaseModel.class.php 第 299 行.
SQL: SHOW COLUMNS FROM `ec_article` [ RunTime:0.0040s ]
SQL: UPDATE `ec_article` SET `visitNums`=visitNums+1 WHERE `id` = 3 [ RunTime:0.0000s ]
SQL: SHOW COLUMNS FROM `ec_operationlog` [ RunTime:0.0040s ]
SQL: INSERT INTO `ec_operationlog` (`content`,`cUid`,`cTime`) VALUES ('UPDATE `ec_article` SET `visitNums`=visitNums+1 WHERE `id` = 3','1','1473698314') [ RunTime:0.0020s ]
NOTIC: [8] Undefined index: modelType C:\project\JQ_UI\tpcms\App\Common\Model\BaseModel.class.php 第 188 行.
NOTIC: [8192] Non-static method Common\Model\ChannelModel::getChannelDetailById() should not be called statically, assuming $this from incompatible context C:\project\JQ_UI\tpcms\App\Common\Model\ArticleModel.class.php 第 228 行.
NOTIC: [8] Undefined index: modelType C:\project\JQ_UI\tpcms\App\Common\Model\BaseModel.class.php 第 188 行.
SQL: SELECT * FROM `ec_article` WHERE ( id<3 ) ORDER BY id DESC LIMIT 1   [ RunTime:0.0000s ]
SQL: SELECT * FROM `ec_article` WHERE ( id>3 ) ORDER BY id ASC LIMIT 1   [ RunTime:0.0000s ]
INFO: [ view_parse ] --START--
INFO: [ template_filter ] --START--
INFO: Run Behavior\ContentReplaceBehavior [ RunTime:0.000000s ]
INFO: [ template_filter ] --END-- [ RunTime:0.000000s ]
NOTIC: [8] Undefined index: limit C:\project\JQ_UI\tpcms\App\Common\Model\BaseModel.class.php 第 49 行.
SQL: SELECT * FROM `ec_channel` WHERE `status` = 1 ORDER BY sort ASC  [ RunTime:0.0010s ]
INFO: [ view_parse ] --START--
INFO: [ template_filter ] --START--
INFO: Run Behavior\ContentReplaceBehavior [ RunTime:0.000000s ]
INFO: [ template_filter ] --END-- [ RunTime:-0.006000s ]
NOTIC: [8] Undefined offset: 0 C:\project\JQ_UI\tpcms\App\Runtime\Cache\Home\1242af1d05ffad1db18cc3faaddc1588.php 第 3 行.
NOTIC: [8] Use of undefined constant cid - assumed 'cid' C:\project\JQ_UI\tpcms\App\Runtime\Cache\Home\1242af1d05ffad1db18cc3faaddc1588.php 第 13 行.
NOTIC: [8] Undefined offset: 0 C:\project\JQ_UI\tpcms\App\Runtime\Cache\Home\1242af1d05ffad1db18cc3faaddc1588.php 第 3 行.
NOTIC: [8] Undefined offset: 0 C:\project\JQ_UI\tpcms\App\Runtime\Cache\Home\1242af1d05ffad1db18cc3faaddc1588.php 第 3 行.
INFO: Run Behavior\ParseTemplateBehavior [ RunTime:0.004001s ]
INFO: [ view_parse ] --END-- [ RunTime:0.004001s ]
INFO: [ view_filter ] --START--
INFO: Run Behavior\WriteHtmlCacheBehavior [ RunTime:0.000000s ]
INFO: [ view_filter ] --END-- [ RunTime:0.000000s ]
NOTIC: [8] Undefined index: limit C:\project\JQ_UI\tpcms\App\Common\Model\BaseModel.class.php 第 49 行.
SQL: SELECT * FROM `ec_channel` WHERE `status` = 1 ORDER BY sort ASC  [ RunTime:0.0010s ]
INFO: [ view_parse ] --START--
INFO: [ template_filter ] --START--
INFO: Run Behavior\ContentReplaceBehavior [ RunTime:0.000000s ]
INFO: [ template_filter ] --END-- [ RunTime:-0.011001s ]
INFO: Run Behavior\ParseTemplateBehavior [ RunTime:0.003000s ]
INFO: [ view_parse ] --END-- [ RunTime:-0.001000s ]
INFO: [ view_filter ] --START--
INFO: Run Behavior\WriteHtmlCacheBehavior [ RunTime:0.000000s ]
INFO: [ view_filter ] --END-- [ RunTime:-0.004000s ]
NOTIC: [8] Undefined index: cat_id C:\project\JQ_UI\tpcms\App\Runtime\Cache\Home\8659c8391793411fcfd1c97b8ff1db38.php 第 180 行.
SQL: SELECT `name` FROM `ec_channel` WHERE `cid` = null LIMIT 1   [ RunTime:0.0000s ]
NOTIC: [8] Undefined variable: channelList C:\project\JQ_UI\tpcms\App\Runtime\Cache\Home\8659c8391793411fcfd1c97b8ff1db38.php 第 320 行.
INFO: Run Behavior\ParseTemplateBehavior [ RunTime:0.003000s ]
INFO: [ view_parse ] --END-- [ RunTime:-0.001000s ]
INFO: [ view_filter ] --START--
INFO: Run Behavior\WriteHtmlCacheBehavior [ RunTime:0.000000s ]
INFO: [ view_filter ] --END-- [ RunTime:-0.004000s ]
INFO: [ app_end ] --START--
INFO: Run Behavior\ShowPageTraceBehavior [ RunTime:0.001000s ]
INFO: [ app_end ] --END-- [ RunTime:0.001000s ]

[ 2016-09-13T00:40:03+08:00 ] 127.0.0.1 /index.php/Home/Article/detail/cid/5/id/6.html
INFO: [ app_init ] --START--
INFO: Run Behavior\BuildLiteBehavior [ RunTime:0.000000s ]
INFO: [ app_init ] --END-- [ RunTime:0.001000s ]
INFO: [ app_begin ] --START--
INFO: Run Behavior\ReadHtmlCacheBehavior [ RunTime:0.002001s ]
INFO: [ app_begin ] --END-- [ RunTime:0.002001s ]
SQL: SHOW COLUMNS FROM `ec_channel` [ RunTime:0.0050s ]
SQL: SHOW COLUMNS FROM `ec_channel` [ RunTime:0.0050s ]
NOTIC: [8] Undefined index: modelType C:\project\JQ_UI\tpcms\App\Common\Model\BaseModel.class.php 第 188 行.
NOTIC: [8] Undefined index: field C:\project\JQ_UI\tpcms\App\Common\Model\BaseModel.class.php 第 206 行.
SQL: SELECT * FROM `ec_channel` WHERE `cid` = 5 LIMIT 1   [ RunTime:0.0010s ]
NOTIC: [2048] Declaration of Common\Model\ArticleModel::add() should be compatible with Think\Model::add($data = '', $options = Array, $replace = false) C:\project\JQ_UI\tpcms\App\Common\Model\ArticleModel.class.php 第 413 行.
SQL: SHOW COLUMNS FROM `ec_article` [ RunTime:0.0040s ]
NOTIC: [8] Undefined index: connection C:\project\JQ_UI\tpcms\App\Common\Model\BaseModel.class.php 第 299 行.
SQL: SHOW COLUMNS FROM `ec_article` [ RunTime:0.0040s ]
SQL: UPDATE `ec_article` SET `visitNums`=visitNums+1 WHERE `id` = 6 [ RunTime:0.0000s ]
SQL: SHOW COLUMNS FROM `ec_operationlog` [ RunTime:0.0040s ]
SQL: INSERT INTO `ec_operationlog` (`content`,`cUid`,`cTime`) VALUES ('UPDATE `ec_article` SET `visitNums`=visitNums+1 WHERE `id` = 6','1','1473698403') [ RunTime:0.0030s ]
NOTIC: [8] Undefined index: modelType C:\project\JQ_UI\tpcms\App\Common\Model\BaseModel.class.php 第 188 行.
NOTIC: [8] Undefined index: field C:\project\JQ_UI\tpcms\App\Common\Model\BaseModel.class.php 第 206 行.
SQL: SELECT * FROM `ec_article` WHERE `id` = 6 LIMIT 1   [ RunTime:0.0000s ]
NOTIC: [8192] Non-static method Common\Model\ChannelModel::getChannelDetailById() should not be called statically, assuming $this from incompatible context C:\project\JQ_UI\tpcms\App\Common\Model\ArticleModel.class.php 第 228 行.
NOTIC: [8] Undefined index: modelType C:\project\JQ_UI\tpcms\App\Common\Model\BaseModel.class.php 第 188 行.
SQL: SELECT * FROM `ec_article` WHERE ( id<6 ) ORDER BY id DESC LIMIT 1   [ RunTime:0.0010s ]
SQL: SELECT * FROM `ec_article` WHERE ( id>6 ) ORDER BY id ASC LIMIT 1   [ RunTime:0.0010s ]
INFO: [ view_parse ] --START--
INFO: [ template_filter ] --START--
INFO: Run Behavior\ContentReplaceBehavior [ RunTime:0.000000s ]
INFO: [ template_filter ] --END-- [ RunTime:0.000000s ]
NOTIC: [8] Undefined index: limit C:\project\JQ_UI\tpcms\App\Common\Model\BaseModel.class.php 第 49 行.
SQL: SELECT * FROM `ec_channel` WHERE `status` = 1 ORDER BY sort ASC  [ RunTime:0.0010s ]
INFO: [ view_parse ] --START--
INFO: [ template_filter ] --START--
INFO: Run Behavior\ContentReplaceBehavior [ RunTime:0.001001s ]
INFO: [ template_filter ] --END-- [ RunTime:-0.007000s ]
NOTIC: [8] Undefined offset: 0 C:\project\JQ_UI\tpcms\App\Runtime\Cache\Home\1242af1d05ffad1db18cc3faaddc1588.php 第 3 行.
NOTIC: [8] Use of undefined constant cid - assumed 'cid' C:\project\JQ_UI\tpcms\App\Runtime\Cache\Home\1242af1d05ffad1db18cc3faaddc1588.php 第 13 行.
NOTIC: [8] Undefined offset: 0 C:\project\JQ_UI\tpcms\App\Runtime\Cache\Home\1242af1d05ffad1db18cc3faaddc1588.php 第 3 行.
NOTIC: [8] Undefined offset: 0 C:\project\JQ_UI\tpcms\App\Runtime\Cache\Home\1242af1d05ffad1db18cc3faaddc1588.php 第 3 行.
INFO: Run Behavior\ParseTemplateBehavior [ RunTime:0.005001s ]
INFO: [ view_parse ] --END-- [ RunTime:0.005001s ]
INFO: [ view_filter ] --START--
INFO: Run Behavior\WriteHtmlCacheBehavior [ RunTime:0.000000s ]
INFO: [ view_filter ] --END-- [ RunTime:0.000000s ]
NOTIC: [8] Undefined index: limit C:\project\JQ_UI\tpcms\App\Common\Model\BaseModel.class.php 第 49 行.
SQL: SELECT * FROM `ec_channel` WHERE `status` = 1 ORDER BY sort ASC  [ RunTime:0.0010s ]
INFO: [ view_parse ] --START--
INFO: [ template_filter ] --START--
INFO: Run Behavior\ContentReplaceBehavior [ RunTime:0.000000s ]
INFO: [ template_filter ] --END-- [ RunTime:-0.013001s ]
INFO: Run Behavior\ParseTemplateBehavior [ RunTime:0.004000s ]
INFO: [ view_parse ] --END-- [ RunTime:-0.001000s ]
INFO: [ view_filter ] --START--
INFO: Run Behavior\WriteHtmlCacheBehavior [ RunTime:0.000000s ]
INFO: [ view_filter ] --END-- [ RunTime:-0.005000s ]
NOTIC: [8] Undefined index: cat_id C:\project\JQ_UI\tpcms\App\Runtime\Cache\Home\8659c8391793411fcfd1c97b8ff1db38.php 第 182 行.
SQL: SELECT `name` FROM `ec_channel` WHERE `cid` = null LIMIT 1   [ RunTime:0.0000s ]
NOTIC: [8] Undefined variable: channelList C:\project\JQ_UI\tpcms\App\Runtime\Cache\Home\8659c8391793411fcfd1c97b8ff1db38.php 第 322 行.
INFO: Run Behavior\ParseTemplateBehavior [ RunTime:0.006000s ]
INFO: [ view_parse ] --END-- [ RunTime:-0.001000s ]
INFO: [ view_filter ] --START--
INFO: Run Behavior\WriteHtmlCacheBehavior [ RunTime:0.000000s ]
INFO: [ view_filter ] --END-- [ RunTime:-0.007000s ]
INFO: [ app_end ] --START--
INFO: Run Behavior\ShowPageTraceBehavior [ RunTime:0.001000s ]
INFO: [ app_end ] --END-- [ RunTime:0.001000s ]

[ 2016-09-13T00:40:49+08:00 ] 127.0.0.1 /index.php/Home/Article/detail/cid/5/id/6.html
INFO: [ app_init ] --START--
INFO: Run Behavior\BuildLiteBehavior [ RunTime:0.000000s ]
INFO: [ app_init ] --END-- [ RunTime:0.000000s ]
INFO: [ app_begin ] --START--
INFO: Run Behavior\ReadHtmlCacheBehavior [ RunTime:0.001000s ]
INFO: [ app_begin ] --END-- [ RunTime:0.001000s ]
SQL: SHOW COLUMNS FROM `ec_channel` [ RunTime:0.0040s ]
SQL: SHOW COLUMNS FROM `ec_channel` [ RunTime:0.0040s ]
NOTIC: [8] Undefined index: modelType C:\project\JQ_UI\tpcms\App\Common\Model\BaseModel.class.php 第 188 行.
NOTIC: [2048] Declaration of Common\Model\ArticleModel::add() should be compatible with Think\Model::add($data = '', $options = Array, $replace = false) C:\project\JQ_UI\tpcms\App\Common\Model\ArticleModel.class.php 第 413 行.
SQL: SHOW COLUMNS FROM `ec_article` [ RunTime:0.0040s ]
NOTIC: [8] Undefined index: connection C:\project\JQ_UI\tpcms\App\Common\Model\BaseModel.class.php 第 299 行.
SQL: SHOW COLUMNS FROM `ec_article` [ RunTime:0.0040s ]
SQL: UPDATE `ec_article` SET `visitNums`=visitNums+1 WHERE `id` = 6 [ RunTime:0.0000s ]
SQL: SHOW COLUMNS FROM `ec_operationlog` [ RunTime:0.0040s ]
SQL: INSERT INTO `ec_operationlog` (`content`,`cUid`,`cTime`) VALUES ('UPDATE `ec_article` SET `visitNums`=visitNums+1 WHERE `id` = 6','1','1473698449') [ RunTime:0.0030s ]
NOTIC: [8] Undefined index: modelType C:\project\JQ_UI\tpcms\App\Common\Model\BaseModel.class.php 第 188 行.
NOTIC: [8192] Non-static method Common\Model\ChannelModel::getChannelDetailById() should not be called statically, assuming $this from incompatible context C:\project\JQ_UI\tpcms\App\Common\Model\ArticleModel.class.php 第 228 行.
NOTIC: [8] Undefined index: modelType C:\project\JQ_UI\tpcms\App\Common\Model\BaseModel.class.php 第 188 行.
SQL: SELECT * FROM `ec_article` WHERE ( id<6 ) ORDER BY id DESC LIMIT 1   [ RunTime:0.0010s ]
SQL: SELECT * FROM `ec_article` WHERE ( id>6 ) ORDER BY id ASC LIMIT 1   [ RunTime:0.0000s ]
INFO: [ view_parse ] --START--
INFO: [ template_filter ] --START--
INFO: Run Behavior\ContentReplaceBehavior [ RunTime:0.001000s ]
INFO: [ template_filter ] --END-- [ RunTime:0.001000s ]
NOTIC: [8] Undefined index: limit C:\project\JQ_UI\tpcms\App\Common\Model\BaseModel.class.php 第 49 行.
SQL: SELECT * FROM `ec_channel` WHERE `status` = 1 ORDER BY sort ASC  [ RunTime:0.0010s ]
INFO: [ view_parse ] --START--
INFO: [ template_filter ] --START--
INFO: Run Behavior\ContentReplaceBehavior [ RunTime:0.000000s ]
INFO: [ template_filter ] --END-- [ RunTime:-0.007000s ]
NOTIC: [8] Undefined offset: 0 C:\project\JQ_UI\tpcms\App\Runtime\Cache\Home\1242af1d05ffad1db18cc3faaddc1588.php 第 3 行.
NOTIC: [8] Use of undefined constant cid - assumed 'cid' C:\project\JQ_UI\tpcms\App\Runtime\Cache\Home\1242af1d05ffad1db18cc3faaddc1588.php 第 13 行.
NOTIC: [8] Undefined offset: 0 C:\project\JQ_UI\tpcms\App\Runtime\Cache\Home\1242af1d05ffad1db18cc3faaddc1588.php 第 3 行.
NOTIC: [8] Undefined offset: 0 C:\project\JQ_UI\tpcms\App\Runtime\Cache\Home\1242af1d05ffad1db18cc3faaddc1588.php 第 3 行.
INFO: Run Behavior\ParseTemplateBehavior [ RunTime:0.005001s ]
INFO: [ view_parse ] --END-- [ RunTime:0.005001s ]
INFO: [ view_filter ] --START--
INFO: Run Behavior\WriteHtmlCacheBehavior [ RunTime:0.000000s ]
INFO: [ view_filter ] --END-- [ RunTime:0.000000s ]
NOTIC: [8] Undefined index: limit C:\project\JQ_UI\tpcms\App\Common\Model\BaseModel.class.php 第 49 行.
SQL: SELECT * FROM `ec_channel` WHERE `status` = 1 ORDER BY sort ASC  [ RunTime:0.0010s ]
INFO: [ view_parse ] --START--
INFO: [ template_filter ] --START--
INFO: Run Behavior\ContentReplaceBehavior [ RunTime:0.000000s ]
INFO: [ template_filter ] --END-- [ RunTime:-0.011001s ]
INFO: Run Behavior\ParseTemplateBehavior [ RunTime:0.003000s ]
INFO: [ view_parse ] --END-- [ RunTime:-0.001000s ]
INFO: [ view_filter ] --START--
INFO: Run Behavior\WriteHtmlCacheBehavior [ RunTime:0.000000s ]
INFO: [ view_filter ] --END-- [ RunTime:-0.004000s ]
NOTIC: [8] Undefined index: cat_id C:\project\JQ_UI\tpcms\App\Runtime\Cache\Home\8659c8391793411fcfd1c97b8ff1db38.php 第 182 行.
SQL: SELECT `name` FROM `ec_channel` WHERE `cid` = null LIMIT 1   [ RunTime:0.0000s ]
NOTIC: [8] Undefined variable: channelList C:\project\JQ_UI\tpcms\App\Runtime\Cache\Home\8659c8391793411fcfd1c97b8ff1db38.php 第 322 行.
INFO: Run Behavior\ParseTemplateBehavior [ RunTime:0.003000s ]
INFO: [ view_parse ] --END-- [ RunTime:-0.001000s ]
INFO: [ view_filter ] --START--
INFO: Run Behavior\WriteHtmlCacheBehavior [ RunTime:0.000000s ]
INFO: [ view_filter ] --END-- [ RunTime:-0.004000s ]
INFO: [ app_end ] --START--
INFO: Run Behavior\ShowPageTraceBehavior [ RunTime:0.000000s ]
INFO: [ app_end ] --END-- [ RunTime:0.001000s ]

[ 2016-09-13T00:41:00+08:00 ] 127.0.0.1 /index.php/Home/Article/detail/cid/5/id/6.html
INFO: [ app_init ] --START--
INFO: Run Behavior\BuildLiteBehavior [ RunTime:0.000000s ]
INFO: [ app_init ] --END-- [ RunTime:0.000000s ]
INFO: [ app_begin ] --START--
INFO: Run Behavior\ReadHtmlCacheBehavior [ RunTime:0.000000s ]
INFO: [ app_begin ] --END-- [ RunTime:0.000000s ]
SQL: SHOW COLUMNS FROM `ec_channel` [ RunTime:0.0040s ]
SQL: SHOW COLUMNS FROM `ec_channel` [ RunTime:0.0040s ]
NOTIC: [8] Undefined index: modelType C:\project\JQ_UI\tpcms\App\Common\Model\BaseModel.class.php 第 188 行.
NOTIC: [2048] Declaration of Common\Model\ArticleModel::add() should be compatible with Think\Model::add($data = '', $options = Array, $replace = false) C:\project\JQ_UI\tpcms\App\Common\Model\ArticleModel.class.php 第 413 行.
SQL: SHOW COLUMNS FROM `ec_article` [ RunTime:0.0050s ]
NOTIC: [8] Undefined index: connection C:\project\JQ_UI\tpcms\App\Common\Model\BaseModel.class.php 第 299 行.
SQL: SHOW COLUMNS FROM `ec_article` [ RunTime:0.0040s ]
SQL: UPDATE `ec_article` SET `visitNums`=visitNums+1 WHERE `id` = 6 [ RunTime:0.0010s ]
SQL: SHOW COLUMNS FROM `ec_operationlog` [ RunTime:0.0040s ]
SQL: INSERT INTO `ec_operationlog` (`content`,`cUid`,`cTime`) VALUES ('UPDATE `ec_article` SET `visitNums`=visitNums+1 WHERE `id` = 6','1','1473698460') [ RunTime:0.0030s ]
NOTIC: [8] Undefined index: modelType C:\project\JQ_UI\tpcms\App\Common\Model\BaseModel.class.php 第 188 行.
NOTIC: [8192] Non-static method Common\Model\ChannelModel::getChannelDetailById() should not be called statically, assuming $this from incompatible context C:\project\JQ_UI\tpcms\App\Common\Model\ArticleModel.class.php 第 228 行.
NOTIC: [8] Undefined index: modelType C:\project\JQ_UI\tpcms\App\Common\Model\BaseModel.class.php 第 188 行.
SQL: SELECT * FROM `ec_article` WHERE ( id<6 ) ORDER BY id DESC LIMIT 1   [ RunTime:0.0010s ]
SQL: SELECT * FROM `ec_article` WHERE ( id>6 ) ORDER BY id ASC LIMIT 1   [ RunTime:0.0010s ]
INFO: [ view_parse ] --START--
INFO: [ template_filter ] --START--
INFO: Run Behavior\ContentReplaceBehavior [ RunTime:0.000000s ]
INFO: [ template_filter ] --END-- [ RunTime:0.000000s ]
NOTIC: [8] Undefined index: limit C:\project\JQ_UI\tpcms\App\Common\Model\BaseModel.class.php 第 49 行.
SQL: SELECT * FROM `ec_channel` WHERE `status` = 1 ORDER BY sort ASC  [ RunTime:0.0010s ]
INFO: [ view_parse ] --START--
INFO: [ template_filter ] --START--
INFO: Run Behavior\ContentReplaceBehavior [ RunTime:0.000000s ]
INFO: [ template_filter ] --END-- [ RunTime:-0.007001s ]
NOTIC: [8] Undefined offset: 0 C:\project\JQ_UI\tpcms\App\Runtime\Cache\Home\1242af1d05ffad1db18cc3faaddc1588.php 第 3 行.
NOTIC: [8] Use of undefined constant cid - assumed 'cid' C:\project\JQ_UI\tpcms\App\Runtime\Cache\Home\1242af1d05ffad1db18cc3faaddc1588.php 第 13 行.
NOTIC: [8] Undefined offset: 0 C:\project\JQ_UI\tpcms\App\Runtime\Cache\Home\1242af1d05ffad1db18cc3faaddc1588.php 第 3 行.
NOTIC: [8] Undefined offset: 0 C:\project\JQ_UI\tpcms\App\Runtime\Cache\Home\1242af1d05ffad1db18cc3faaddc1588.php 第 3 行.
INFO: Run Behavior\ParseTemplateBehavior [ RunTime:0.003000s ]
INFO: [ view_parse ] --END-- [ RunTime:0.003000s ]
INFO: [ view_filter ] --START--
INFO: Run Behavior\WriteHtmlCacheBehavior [ RunTime:0.000000s ]
INFO: [ view_filter ] --END-- [ RunTime:0.000000s ]
NOTIC: [8] Undefined index: limit C:\project\JQ_UI\tpcms\App\Common\Model\BaseModel.class.php 第 49 行.
SQL: SELECT * FROM `ec_channel` WHERE `status` = 1 ORDER BY sort ASC  [ RunTime:0.0010s ]
INFO: [ view_parse ] --START--
INFO: [ template_filter ] --START--
INFO: Run Behavior\ContentReplaceBehavior [ RunTime:0.000000s ]
INFO: [ template_filter ] --END-- [ RunTime:-0.011001s ]
INFO: Run Behavior\ParseTemplateBehavior [ RunTime:0.003000s ]
INFO: [ view_parse ] --END-- [ RunTime:-0.001000s ]
INFO: [ view_filter ] --START--
INFO: Run Behavior\WriteHtmlCacheBehavior [ RunTime:0.000000s ]
INFO: [ view_filter ] --END-- [ RunTime:-0.004000s ]
NOTIC: [8] Undefined index: cat_id C:\project\JQ_UI\tpcms\App\Runtime\Cache\Home\8659c8391793411fcfd1c97b8ff1db38.php 第 182 行.
SQL: SELECT `name` FROM `ec_channel` WHERE `cid` = null LIMIT 1   [ RunTime:0.0010s ]
NOTIC: [8] Undefined variable: channelList C:\project\JQ_UI\tpcms\App\Runtime\Cache\Home\8659c8391793411fcfd1c97b8ff1db38.php 第 322 行.
INFO: Run Behavior\ParseTemplateBehavior [ RunTime:0.004000s ]
INFO: [ view_parse ] --END-- [ RunTime:-0.001000s ]
INFO: [ view_filter ] --START--
INFO: Run Behavior\WriteHtmlCacheBehavior [ RunTime:0.000000s ]
INFO: [ view_filter ] --END-- [ RunTime:-0.005000s ]
INFO: [ app_end ] --START--
INFO: Run Behavior\ShowPageTraceBehavior [ RunTime:0.001000s ]
INFO: [ app_end ] --END-- [ RunTime:0.001000s ]

