[ 2016-11-17T00:00:20+08:00 ] 127.0.0.1 /
INFO: [ app_init ] --START--
INFO: Run Behavior\BuildLiteBehavior [ RunTime:0.000000s ]
INFO: [ app_init ] --END-- [ RunTime:0.045003s ]
INFO: [ app_begin ] --START--
INFO: Run Behavior\ReadHtmlCacheBehavior [ RunTime:0.025002s ]
INFO: [ app_begin ] --END-- [ RunTime:0.025002s ]
NOTIC: [2048] Declaration of Common\Model\ArticleModel::add() should be compatible with Think\Model::add($data = '', $options = Array, $replace = false) C:\project\JQ_UI\tpcms\App\Common\Model\ArticleModel.class.php 第 18 行.
NOTIC: [8192] Non-static method Common\Model\ArticleModel::getCidById() should not be called statically, assuming $this from incompatible context C:\project\JQ_UI\tpcms\App\Home\Controller\CommonController.class.php 第 27 行.
SQL: SHOW COLUMNS FROM `ec_article` [ RunTime:0.1270s ]
SQL: SELECT `cid` FROM `ec_article` WHERE `id` = 0 LIMIT 1   [ RunTime:0.0020s ]
SQL: SHOW COLUMNS FROM `ec_channel` [ RunTime:0.0690s ]
SQL: SHOW COLUMNS FROM `ec_channel` [ RunTime:0.0050s ]
NOTIC: [8] Undefined index: modelType C:\project\JQ_UI\tpcms\App\Common\Model\BaseModel.class.php 第 188 行.
NOTIC: [8] Undefined index: field C:\project\JQ_UI\tpcms\App\Common\Model\BaseModel.class.php 第 206 行.
SQL: SELECT * FROM `ec_channel` WHERE `cid` = null LIMIT 1   [ RunTime:0.0010s ]
NOTIC: D方法实例化没找到模型类Admin\Model\ChannelModel
SQL: SHOW COLUMNS FROM `ec_channel` [ RunTime:0.0050s ]
SQL: SHOW COLUMNS FROM `ec_article` [ RunTime:0.0050s ]
SQL: SELECT * FROM `ec_article` WHERE `thumbnail` <> '' ORDER BY updated_at DESC LIMIT 6   [ RunTime:0.0220s ]
NOTIC: [8] Undefined index: limit C:\project\JQ_UI\tpcms\App\Common\Model\BaseModel.class.php 第 49 行.
SQL: SELECT * FROM `ec_channel` WHERE `fid` = 0 AND `model` = 'article' AND `status` = 1 ORDER BY sort ASC  [ RunTime:0.0440s ]
NOTIC: [8] Undefined index: limit C:\project\JQ_UI\tpcms\App\Common\Model\BaseModel.class.php 第 49 行.
SQL: SELECT * FROM `ec_channel` WHERE `status` = 1 ORDER BY sort ASC  [ RunTime:0.0000s ]
SQL: SELECT * FROM `ec_article` WHERE `cid` IN ('7','9','11','12','2') ORDER BY updated_at DESC LIMIT 5   [ RunTime:0.0010s ]
SQL: SELECT * FROM `ec_article` WHERE `cid` IN ('8','10','13','14','3') ORDER BY updated_at DESC LIMIT 5   [ RunTime:0.0000s ]
SQL: SELECT * FROM `ec_article` WHERE `cid` IN ('15','16','17','18','19','4') ORDER BY updated_at DESC LIMIT 5   [ RunTime:0.0000s ]
SQL: SELECT * FROM `ec_article` WHERE `cid` IN ('5') ORDER BY updated_at DESC LIMIT 5   [ RunTime:0.0010s ]
INFO: [ view_parse ] --START--
NOTIC: [8] Undefined index: condition C:\project\JQ_UI\tpcms\ThinkPHP\Library\Think\Template\TagLib\Co.class.php 第 25 行.
NOTIC: [8] Undefined variable: condition C:\project\JQ_UI\tpcms\ThinkPHP\Library\Think\Template\TagLib\Co.class.php 第 33 行.
NOTIC: [8] Undefined variable: condition C:\project\JQ_UI\tpcms\ThinkPHP\Library\Think\Template\TagLib\Co.class.php 第 37 行.
NOTIC: [8] Undefined index: condition C:\project\JQ_UI\tpcms\ThinkPHP\Library\Think\Template\TagLib\Co.class.php 第 25 行.
NOTIC: [8] Undefined variable: condition C:\project\JQ_UI\tpcms\ThinkPHP\Library\Think\Template\TagLib\Co.class.php 第 33 行.
NOTIC: [8] Undefined variable: condition C:\project\JQ_UI\tpcms\ThinkPHP\Library\Think\Template\TagLib\Co.class.php 第 37 行.
INFO: [ template_filter ] --START--
INFO: Run Behavior\ContentReplaceBehavior [ RunTime:0.000000s ]
INFO: [ template_filter ] --END-- [ RunTime:0.000000s ]
NOTIC: [8] Undefined variable: articleDetail C:\project\JQ_UI\tpcms\App\Runtime\Cache\Home\b60326ec84a0bfd6cb7251ea8bc93617.php 第 7 行.
NOTIC: [8] Undefined variable: articleDetail C:\project\JQ_UI\tpcms\App\Runtime\Cache\Home\b60326ec84a0bfd6cb7251ea8bc93617.php 第 8 行.
NOTIC: [8] Undefined index: limit C:\project\JQ_UI\tpcms\App\Common\Model\BaseModel.class.php 第 49 行.
SQL: SELECT * FROM `ec_channel` WHERE `status` = 1 ORDER BY sort ASC  [ RunTime:0.0020s ]
INFO: [ view_parse ] --START--
INFO: [ template_filter ] --START--
INFO: Run Behavior\ContentReplaceBehavior [ RunTime:0.000000s ]
INFO: [ template_filter ] --END-- [ RunTime:-0.132008s ]
NOTIC: [8] Undefined offset: 0 C:\project\JQ_UI\tpcms\App\Runtime\Cache\Home\1242af1d05ffad1db18cc3faaddc1588.php 第 3 行.
NOTIC: [8] Undefined index: cid C:\project\JQ_UI\tpcms\App\Runtime\Cache\Home\1242af1d05ffad1db18cc3faaddc1588.php 第 13 行.
NOTIC: [8] Use of undefined constant cid - assumed 'cid' C:\project\JQ_UI\tpcms\App\Runtime\Cache\Home\1242af1d05ffad1db18cc3faaddc1588.php 第 13 行.
NOTIC: [8] Undefined index: cid C:\project\JQ_UI\tpcms\App\Runtime\Cache\Home\1242af1d05ffad1db18cc3faaddc1588.php 第 13 行.
NOTIC: [8] Undefined offset: 0 C:\project\JQ_UI\tpcms\App\Runtime\Cache\Home\1242af1d05ffad1db18cc3faaddc1588.php 第 3 行.
NOTIC: [8] Undefined index: cid C:\project\JQ_UI\tpcms\App\Runtime\Cache\Home\1242af1d05ffad1db18cc3faaddc1588.php 第 13 行.
NOTIC: [8] Undefined offset: 0 C:\project\JQ_UI\tpcms\App\Runtime\Cache\Home\1242af1d05ffad1db18cc3faaddc1588.php 第 3 行.
NOTIC: [8] Undefined index: cid C:\project\JQ_UI\tpcms\App\Runtime\Cache\Home\1242af1d05ffad1db18cc3faaddc1588.php 第 13 行.
INFO: Run Behavior\ParseTemplateBehavior [ RunTime:0.020001s ]
INFO: [ view_parse ] --END-- [ RunTime:0.020001s ]
INFO: [ view_filter ] --START--
INFO: Run Behavior\WriteHtmlCacheBehavior [ RunTime:0.022001s ]
INFO: [ view_filter ] --END-- [ RunTime:0.022001s ]
NOTIC: [8] Undefined offset: 14 C:\project\JQ_UI\tpcms\App\Common\Common\function.php 第 199 行.
NOTIC: [8] Undefined offset: 15 C:\project\JQ_UI\tpcms\App\Common\Common\function.php 第 199 行.
NOTIC: [8] Undefined offset: 16 C:\project\JQ_UI\tpcms\App\Common\Common\function.php 第 199 行.
NOTIC: [8] Undefined offset: 17 C:\project\JQ_UI\tpcms\App\Common\Common\function.php 第 199 行.
NOTIC: [8] Undefined offset: 18 C:\project\JQ_UI\tpcms\App\Common\Common\function.php 第 199 行.
NOTIC: [8] Undefined offset: 19 C:\project\JQ_UI\tpcms\App\Common\Common\function.php 第 199 行.
NOTIC: [8] Undefined offset: 20 C:\project\JQ_UI\tpcms\App\Common\Common\function.php 第 199 行.
NOTIC: [8] Undefined offset: 21 C:\project\JQ_UI\tpcms\App\Common\Common\function.php 第 199 行.
NOTIC: [8] Undefined offset: 22 C:\project\JQ_UI\tpcms\App\Common\Common\function.php 第 199 行.
NOTIC: [8] Undefined offset: 23 C:\project\JQ_UI\tpcms\App\Common\Common\function.php 第 199 行.
NOTIC: [8] Undefined offset: 24 C:\project\JQ_UI\tpcms\App\Common\Common\function.php 第 199 行.
NOTIC: [8] Undefined offset: 25 C:\project\JQ_UI\tpcms\App\Common\Common\function.php 第 199 行.
NOTIC: [8] Undefined offset: 26 C:\project\JQ_UI\tpcms\App\Common\Common\function.php 第 199 行.
NOTIC: [8] Undefined offset: 27 C:\project\JQ_UI\tpcms\App\Common\Common\function.php 第 199 行.
NOTIC: [8] Undefined offset: 14 C:\project\JQ_UI\tpcms\App\Common\Common\function.php 第 199 行.
NOTIC: [8] Undefined offset: 15 C:\project\JQ_UI\tpcms\App\Common\Common\function.php 第 199 行.
NOTIC: [8] Undefined offset: 16 C:\project\JQ_UI\tpcms\App\Common\Common\function.php 第 199 行.
NOTIC: [8] Undefined offset: 17 C:\project\JQ_UI\tpcms\App\Common\Common\function.php 第 199 行.
NOTIC: [8] Undefined offset: 18 C:\project\JQ_UI\tpcms\App\Common\Common\function.php 第 199 行.
NOTIC: [8] Undefined offset: 19 C:\project\JQ_UI\tpcms\App\Common\Common\function.php 第 199 行.
NOTIC: [8] Undefined offset: 20 C:\project\JQ_UI\tpcms\App\Common\Common\function.php 第 199 行.
NOTIC: [8] Undefined offset: 21 C:\project\JQ_UI\tpcms\App\Common\Common\function.php 第 199 行.
NOTIC: [8] Undefined offset: 22 C:\project\JQ_UI\tpcms\App\Common\Common\function.php 第 199 行.
NOTIC: [8] Undefined offset: 23 C:\project\JQ_UI\tpcms\App\Common\Common\function.php 第 199 行.
NOTIC: [8] Undefined offset: 24 C:\project\JQ_UI\tpcms\App\Common\Common\function.php 第 199 行.
NOTIC: [8] Undefined offset: 25 C:\project\JQ_UI\tpcms\App\Common\Common\function.php 第 199 行.
NOTIC: [8] Undefined offset: 26 C:\project\JQ_UI\tpcms\App\Common\Common\function.php 第 199 行.
NOTIC: [8] Undefined offset: 27 C:\project\JQ_UI\tpcms\App\Common\Common\function.php 第 199 行.
NOTIC: [8] Undefined offset: 17 C:\project\JQ_UI\tpcms\App\Common\Common\function.php 第 199 行.
NOTIC: [8] Undefined offset: 18 C:\project\JQ_UI\tpcms\App\Common\Common\function.php 第 199 行.
NOTIC: [8] Undefined offset: 19 C:\project\JQ_UI\tpcms\App\Common\Common\function.php 第 199 行.
NOTIC: [8] Undefined offset: 20 C:\project\JQ_UI\tpcms\App\Common\Common\function.php 第 199 行.
NOTIC: [8] Undefined offset: 21 C:\project\JQ_UI\tpcms\App\Common\Common\function.php 第 199 行.
NOTIC: [8] Undefined offset: 22 C:\project\JQ_UI\tpcms\App\Common\Common\function.php 第 199 行.
NOTIC: [8] Undefined offset: 23 C:\project\JQ_UI\tpcms\App\Common\Common\function.php 第 199 行.
NOTIC: [8] Undefined offset: 24 C:\project\JQ_UI\tpcms\App\Common\Common\function.php 第 199 行.
NOTIC: [8] Undefined offset: 25 C:\project\JQ_UI\tpcms\App\Common\Common\function.php 第 199 行.
NOTIC: [8] Undefined offset: 26 C:\project\JQ_UI\tpcms\App\Common\Common\function.php 第 199 行.
NOTIC: [8] Undefined offset: 27 C:\project\JQ_UI\tpcms\App\Common\Common\function.php 第 199 行.
NOTIC: [8] Undefined offset: 17 C:\project\JQ_UI\tpcms\App\Common\Common\function.php 第 199 行.
NOTIC: [8] Undefined offset: 18 C:\project\JQ_UI\tpcms\App\Common\Common\function.php 第 199 行.
NOTIC: [8] Undefined offset: 19 C:\project\JQ_UI\tpcms\App\Common\Common\function.php 第 199 行.
NOTIC: [8] Undefined offset: 20 C:\project\JQ_UI\tpcms\App\Common\Common\function.php 第 199 行.
NOTIC: [8] Undefined offset: 21 C:\project\JQ_UI\tpcms\App\Common\Common\function.php 第 199 行.
NOTIC: [8] Undefined offset: 22 C:\project\JQ_UI\tpcms\App\Common\Common\function.php 第 199 行.
NOTIC: [8] Undefined offset: 23 C:\project\JQ_UI\tpcms\App\Common\Common\function.php 第 199 行.
NOTIC: [8] Undefined offset: 24 C:\project\JQ_UI\tpcms\App\Common\Common\function.php 第 199 行.
NOTIC: [8] Undefined offset: 25 C:\project\JQ_UI\tpcms\App\Common\Common\function.php 第 199 行.
NOTIC: [8] Undefined offset: 26 C:\project\JQ_UI\tpcms\App\Common\Common\function.php 第 199 行.
NOTIC: [8] Undefined offset: 27 C:\project\JQ_UI\tpcms\App\Common\Common\function.php 第 199 行.
NOTIC: [8] Undefined offset: 12 C:\project\JQ_UI\tpcms\App\Common\Common\function.php 第 199 行.
NOTIC: [8] Undefined offset: 13 C:\project\JQ_UI\tpcms\App\Common\Common\function.php 第 199 行.
NOTIC: [8] Undefined offset: 14 C:\project\JQ_UI\tpcms\App\Common\Common\function.php 第 199 行.
NOTIC: [8] Undefined offset: 15 C:\project\JQ_UI\tpcms\App\Common\Common\function.php 第 199 行.
NOTIC: [8] Undefined offset: 16 C:\project\JQ_UI\tpcms\App\Common\Common\function.php 第 199 行.
NOTIC: [8] Undefined offset: 17 C:\project\JQ_UI\tpcms\App\Common\Common\function.php 第 199 行.
NOTIC: [8] Undefined offset: 18 C:\project\JQ_UI\tpcms\App\Common\Common\function.php 第 199 行.
NOTIC: [8] Undefined offset: 19 C:\project\JQ_UI\tpcms\App\Common\Common\function.php 第 199 行.
NOTIC: [8] Undefined offset: 20 C:\project\JQ_UI\tpcms\App\Common\Common\function.php 第 199 行.
NOTIC: [8] Undefined offset: 21 C:\project\JQ_UI\tpcms\App\Common\Common\function.php 第 199 行.
NOTIC: [8] Undefined offset: 22 C:\project\JQ_UI\tpcms\App\Common\Common\function.php 第 199 行.
NOTIC: [8] Undefined offset: 23 C:\project\JQ_UI\tpcms\App\Common\Common\function.php 第 199 行.
NOTIC: [8] Undefined offset: 24 C:\project\JQ_UI\tpcms\App\Common\Common\function.php 第 199 行.
NOTIC: [8] Undefined offset: 25 C:\project\JQ_UI\tpcms\App\Common\Common\function.php 第 199 行.
NOTIC: [8] Undefined offset: 26 C:\project\JQ_UI\tpcms\App\Common\Common\function.php 第 199 行.
NOTIC: [8] Undefined offset: 27 C:\project\JQ_UI\tpcms\App\Common\Common\function.php 第 199 行.
NOTIC: [8] Undefined offset: 12 C:\project\JQ_UI\tpcms\App\Common\Common\function.php 第 199 行.
NOTIC: [8] Undefined offset: 13 C:\project\JQ_UI\tpcms\App\Common\Common\function.php 第 199 行.
NOTIC: [8] Undefined offset: 14 C:\project\JQ_UI\tpcms\App\Common\Common\function.php 第 199 行.
NOTIC: [8] Undefined offset: 15 C:\project\JQ_UI\tpcms\App\Common\Common\function.php 第 199 行.
NOTIC: [8] Undefined offset: 16 C:\project\JQ_UI\tpcms\App\Common\Common\function.php 第 199 行.
NOTIC: [8] Undefined offset: 17 C:\project\JQ_UI\tpcms\App\Common\Common\function.php 第 199 行.
NOTIC: [8] Undefined offset: 18 C:\project\JQ_UI\tpcms\App\Common\Common\function.php 第 199 行.
NOTIC: [8] Undefined offset: 19 C:\project\JQ_UI\tpcms\App\Common\Common\function.php 第 199 行.
NOTIC: [8] Undefined offset: 20 C:\project\JQ_UI\tpcms\App\Common\Common\function.php 第 199 行.
NOTIC: [8] Undefined offset: 21 C:\project\JQ_UI\tpcms\App\Common\Common\function.php 第 199 行.
NOTIC: [8] Undefined offset: 22 C:\project\JQ_UI\tpcms\App\Common\Common\function.php 第 199 行.
NOTIC: [8] Undefined offset: 23 C:\project\JQ_UI\tpcms\App\Common\Common\function.php 第 199 行.
NOTIC: [8] Undefined offset: 24 C:\project\JQ_UI\tpcms\App\Common\Common\function.php 第 199 行.
NOTIC: [8] Undefined offset: 25 C:\project\JQ_UI\tpcms\App\Common\Common\function.php 第 199 行.
NOTIC: [8] Undefined offset: 26 C:\project\JQ_UI\tpcms\App\Common\Common\function.php 第 199 行.
NOTIC: [8] Undefined offset: 27 C:\project\JQ_UI\tpcms\App\Common\Common\function.php 第 199 行.
NOTIC: [8] Undefined offset: 15 C:\project\JQ_UI\tpcms\App\Common\Common\function.php 第 199 行.
NOTIC: [8] Undefined offset: 16 C:\project\JQ_UI\tpcms\App\Common\Common\function.php 第 199 行.
NOTIC: [8] Undefined offset: 17 C:\project\JQ_UI\tpcms\App\Common\Common\function.php 第 199 行.
NOTIC: [8] Undefined offset: 18 C:\project\JQ_UI\tpcms\App\Common\Common\function.php 第 199 行.
NOTIC: [8] Undefined offset: 19 C:\project\JQ_UI\tpcms\App\Common\Common\function.php 第 199 行.
NOTIC: [8] Undefined offset: 20 C:\project\JQ_UI\tpcms\App\Common\Common\function.php 第 199 行.
NOTIC: [8] Undefined offset: 21 C:\project\JQ_UI\tpcms\App\Common\Common\function.php 第 199 行.
NOTIC: [8] Undefined offset: 22 C:\project\JQ_UI\tpcms\App\Common\Common\function.php 第 199 行.
NOTIC: [8] Undefined offset: 23 C:\project\JQ_UI\tpcms\App\Common\Common\function.php 第 199 行.
NOTIC: [8] Undefined offset: 24 C:\project\JQ_UI\tpcms\App\Common\Common\function.php 第 199 行.
NOTIC: [8] Undefined offset: 25 C:\project\JQ_UI\tpcms\App\Common\Common\function.php 第 199 行.
NOTIC: [8] Undefined offset: 26 C:\project\JQ_UI\tpcms\App\Common\Common\function.php 第 199 行.
NOTIC: [8] Undefined offset: 27 C:\project\JQ_UI\tpcms\App\Common\Common\function.php 第 199 行.
NOTIC: [8] Undefined offset: 15 C:\project\JQ_UI\tpcms\App\Common\Common\function.php 第 199 行.
NOTIC: [8] Undefined offset: 16 C:\project\JQ_UI\tpcms\App\Common\Common\function.php 第 199 行.
NOTIC: [8] Undefined offset: 17 C:\project\JQ_UI\tpcms\App\Common\Common\function.php 第 199 行.
NOTIC: [8] Undefined offset: 18 C:\project\JQ_UI\tpcms\App\Common\Common\function.php 第 199 行.
NOTIC: [8] Undefined offset: 19 C:\project\JQ_UI\tpcms\App\Common\Common\function.php 第 199 行.
NOTIC: [8] Undefined offset: 20 C:\project\JQ_UI\tpcms\App\Common\Common\function.php 第 199 行.
NOTIC: [8] Undefined offset: 21 C:\project\JQ_UI\tpcms\App\Common\Common\function.php 第 199 行.
NOTIC: [8] Undefined offset: 22 C:\project\JQ_UI\tpcms\App\Common\Common\function.php 第 199 行.
NOTIC: [8] Undefined offset: 23 C:\project\JQ_UI\tpcms\App\Common\Common\function.php 第 199 行.
NOTIC: [8] Undefined offset: 24 C:\project\JQ_UI\tpcms\App\Common\Common\function.php 第 199 行.
NOTIC: [8] Undefined offset: 25 C:\project\JQ_UI\tpcms\App\Common\Common\function.php 第 199 行.
NOTIC: [8] Undefined offset: 26 C:\project\JQ_UI\tpcms\App\Common\Common\function.php 第 199 行.
NOTIC: [8] Undefined offset: 27 C:\project\JQ_UI\tpcms\App\Common\Common\function.php 第 199 行.
NOTIC: [8] Undefined index: kw C:\project\JQ_UI\tpcms\App\Runtime\Cache\Home\b60326ec84a0bfd6cb7251ea8bc93617.php 第 130 行.
NOTIC: [2] Missing argument 1 for Think\Model::where(), called in C:\project\JQ_UI\tpcms\App\Runtime\Cache\Home\b60326ec84a0bfd6cb7251ea8bc93617.php on line 141 and defined C:\project\JQ_UI\tpcms\ThinkPHP\Library\Think\Model.class.php 第 1771 行.
NOTIC: [8] Undefined variable: where C:\project\JQ_UI\tpcms\ThinkPHP\Library\Think\Model.class.php 第 1779 行.
NOTIC: [8] Undefined variable: where C:\project\JQ_UI\tpcms\ThinkPHP\Library\Think\Model.class.php 第 1782 行.
NOTIC: [8] Undefined variable: where C:\project\JQ_UI\tpcms\ThinkPHP\Library\Think\Model.class.php 第 1790 行.
SQL: SELECT COUNT(*) AS tp_count FROM `ec_article` LIMIT 1   [ RunTime:0.0000s ]
NOTIC: [2] Missing argument 1 for Think\Model::where(), called in C:\project\JQ_UI\tpcms\App\Runtime\Cache\Home\b60326ec84a0bfd6cb7251ea8bc93617.php on line 141 and defined C:\project\JQ_UI\tpcms\ThinkPHP\Library\Think\Model.class.php 第 1771 行.
NOTIC: [8] Undefined variable: where C:\project\JQ_UI\tpcms\ThinkPHP\Library\Think\Model.class.php 第 1779 行.
NOTIC: [8] Undefined variable: where C:\project\JQ_UI\tpcms\ThinkPHP\Library\Think\Model.class.php 第 1782 行.
NOTIC: [8] Undefined variable: where C:\project\JQ_UI\tpcms\ThinkPHP\Library\Think\Model.class.php 第 1790 行.
SQL: SELECT `id`,`cid`,`title` FROM `ec_article` ORDER BY click DESC LIMIT 0,15   [ RunTime:0.0010s ]
NOTIC: [8] Undefined offset: 14 C:\project\JQ_UI\tpcms\App\Common\Common\function.php 第 199 行.
NOTIC: [8] Undefined offset: 15 C:\project\JQ_UI\tpcms\App\Common\Common\function.php 第 199 行.
NOTIC: [8] Undefined offset: 16 C:\project\JQ_UI\tpcms\App\Common\Common\function.php 第 199 行.
NOTIC: [8] Undefined offset: 17 C:\project\JQ_UI\tpcms\App\Common\Common\function.php 第 199 行.
NOTIC: [8] Undefined offset: 18 C:\project\JQ_UI\tpcms\App\Common\Common\function.php 第 199 行.
NOTIC: [8] Undefined offset: 19 C:\project\JQ_UI\tpcms\App\Common\Common\function.php 第 199 行.
NOTIC: [8] Undefined offset: 20 C:\project\JQ_UI\tpcms\App\Common\Common\function.php 第 199 行.
NOTIC: [8] Undefined offset: 21 C:\project\JQ_UI\tpcms\App\Common\Common\function.php 第 199 行.
NOTIC: [8] Undefined offset: 22 C:\project\JQ_UI\tpcms\App\Common\Common\function.php 第 199 行.
NOTIC: [8] Undefined offset: 23 C:\project\JQ_UI\tpcms\App\Common\Common\function.php 第 199 行.
NOTIC: [8] Undefined offset: 24 C:\project\JQ_UI\tpcms\App\Common\Common\function.php 第 199 行.
NOTIC: [8] Undefined offset: 25 C:\project\JQ_UI\tpcms\App\Common\Common\function.php 第 199 行.
NOTIC: [8] Undefined offset: 26 C:\project\JQ_UI\tpcms\App\Common\Common\function.php 第 199 行.
NOTIC: [8] Undefined offset: 27 C:\project\JQ_UI\tpcms\App\Common\Common\function.php 第 199 行.
NOTIC: [8] Undefined offset: 15 C:\project\JQ_UI\tpcms\App\Common\Common\function.php 第 199 行.
NOTIC: [8] Undefined offset: 16 C:\project\JQ_UI\tpcms\App\Common\Common\function.php 第 199 行.
NOTIC: [8] Undefined offset: 17 C:\project\JQ_UI\tpcms\App\Common\Common\function.php 第 199 行.
NOTIC: [8] Undefined offset: 18 C:\project\JQ_UI\tpcms\App\Common\Common\function.php 第 199 行.
NOTIC: [8] Undefined offset: 19 C:\project\JQ_UI\tpcms\App\Common\Common\function.php 第 199 行.
NOTIC: [8] Undefined offset: 20 C:\project\JQ_UI\tpcms\App\Common\Common\function.php 第 199 行.
NOTIC: [8] Undefined offset: 21 C:\project\JQ_UI\tpcms\App\Common\Common\function.php 第 199 行.
NOTIC: [8] Undefined offset: 22 C:\project\JQ_UI\tpcms\App\Common\Common\function.php 第 199 行.
NOTIC: [8] Undefined offset: 23 C:\project\JQ_UI\tpcms\App\Common\Common\function.php 第 199 行.
NOTIC: [8] Undefined offset: 24 C:\project\JQ_UI\tpcms\App\Common\Common\function.php 第 199 行.
NOTIC: [8] Undefined offset: 25 C:\project\JQ_UI\tpcms\App\Common\Common\function.php 第 199 行.
NOTIC: [8] Undefined offset: 26 C:\project\JQ_UI\tpcms\App\Common\Common\function.php 第 199 行.
NOTIC: [8] Undefined offset: 27 C:\project\JQ_UI\tpcms\App\Common\Common\function.php 第 199 行.
NOTIC: [8] Undefined offset: 12 C:\project\JQ_UI\tpcms\App\Common\Common\function.php 第 199 行.
NOTIC: [8] Undefined offset: 13 C:\project\JQ_UI\tpcms\App\Common\Common\function.php 第 199 行.
NOTIC: [8] Undefined offset: 14 C:\project\JQ_UI\tpcms\App\Common\Common\function.php 第 199 行.
NOTIC: [8] Undefined offset: 15 C:\project\JQ_UI\tpcms\App\Common\Common\function.php 第 199 行.
NOTIC: [8] Undefined offset: 16 C:\project\JQ_UI\tpcms\App\Common\Common\function.php 第 199 行.
NOTIC: [8] Undefined offset: 17 C:\project\JQ_UI\tpcms\App\Common\Common\function.php 第 199 行.
NOTIC: [8] Undefined offset: 18 C:\project\JQ_UI\tpcms\App\Common\Common\function.php 第 199 行.
NOTIC: [8] Undefined offset: 19 C:\project\JQ_UI\tpcms\App\Common\Common\function.php 第 199 行.
NOTIC: [8] Undefined offset: 20 C:\project\JQ_UI\tpcms\App\Common\Common\function.php 第 199 行.
NOTIC: [8] Undefined offset: 21 C:\project\JQ_UI\tpcms\App\Common\Common\function.php 第 199 行.
NOTIC: [8] Undefined offset: 22 C:\project\JQ_UI\tpcms\App\Common\Common\function.php 第 199 行.
NOTIC: [8] Undefined offset: 23 C:\project\JQ_UI\tpcms\App\Common\Common\function.php 第 199 行.
NOTIC: [8] Undefined offset: 24 C:\project\JQ_UI\tpcms\App\Common\Common\function.php 第 199 行.
NOTIC: [8] Undefined offset: 25 C:\project\JQ_UI\tpcms\App\Common\Common\function.php 第 199 行.
NOTIC: [8] Undefined offset: 26 C:\project\JQ_UI\tpcms\App\Common\Common\function.php 第 199 行.
NOTIC: [8] Undefined offset: 27 C:\project\JQ_UI\tpcms\App\Common\Common\function.php 第 199 行.
NOTIC: [8] Undefined offset: 17 C:\project\JQ_UI\tpcms\App\Common\Common\function.php 第 199 行.
NOTIC: [8] Undefined offset: 18 C:\project\JQ_UI\tpcms\App\Common\Common\function.php 第 199 行.
NOTIC: [8] Undefined offset: 19 C:\project\JQ_UI\tpcms\App\Common\Common\function.php 第 199 行.
NOTIC: [8] Undefined offset: 20 C:\project\JQ_UI\tpcms\App\Common\Common\function.php 第 199 行.
NOTIC: [8] Undefined offset: 21 C:\project\JQ_UI\tpcms\App\Common\Common\function.php 第 199 行.
NOTIC: [8] Undefined offset: 22 C:\project\JQ_UI\tpcms\App\Common\Common\function.php 第 199 行.
NOTIC: [8] Undefined offset: 23 C:\project\JQ_UI\tpcms\App\Common\Common\function.php 第 199 行.
NOTIC: [8] Undefined offset: 24 C:\project\JQ_UI\tpcms\App\Common\Common\function.php 第 199 行.
NOTIC: [8] Undefined offset: 25 C:\project\JQ_UI\tpcms\App\Common\Common\function.php 第 199 行.
NOTIC: [8] Undefined offset: 26 C:\project\JQ_UI\tpcms\App\Common\Common\function.php 第 199 行.
NOTIC: [8] Undefined offset: 27 C:\project\JQ_UI\tpcms\App\Common\Common\function.php 第 199 行.
NOTIC: [2] Missing argument 1 for Think\Model::where(), called in C:\project\JQ_UI\tpcms\App\Runtime\Cache\Home\b60326ec84a0bfd6cb7251ea8bc93617.php on line 148 and defined C:\project\JQ_UI\tpcms\ThinkPHP\Library\Think\Model.class.php 第 1771 行.
NOTIC: [8] Undefined variable: where C:\project\JQ_UI\tpcms\ThinkPHP\Library\Think\Model.class.php 第 1779 行.
NOTIC: [8] Undefined variable: where C:\project\JQ_UI\tpcms\ThinkPHP\Library\Think\Model.class.php 第 1782 行.
NOTIC: [8] Undefined variable: where C:\project\JQ_UI\tpcms\ThinkPHP\Library\Think\Model.class.php 第 1790 行.
SQL: SELECT COUNT(*) AS tp_count FROM `ec_article` LIMIT 1   [ RunTime:0.0020s ]
NOTIC: [2] Missing argument 1 for Think\Model::where(), called in C:\project\JQ_UI\tpcms\App\Runtime\Cache\Home\b60326ec84a0bfd6cb7251ea8bc93617.php on line 148 and defined C:\project\JQ_UI\tpcms\ThinkPHP\Library\Think\Model.class.php 第 1771 行.
NOTIC: [8] Undefined variable: where C:\project\JQ_UI\tpcms\ThinkPHP\Library\Think\Model.class.php 第 1779 行.
NOTIC: [8] Undefined variable: where C:\project\JQ_UI\tpcms\ThinkPHP\Library\Think\Model.class.php 第 1782 行.
NOTIC: [8] Undefined variable: where C:\project\JQ_UI\tpcms\ThinkPHP\Library\Think\Model.class.php 第 1790 行.
SQL: SELECT `id`,`cid`,`title` FROM `ec_article` ORDER BY click DESC LIMIT 0,15   [ RunTime:0.0010s ]
NOTIC: [8] Undefined offset: 14 C:\project\JQ_UI\tpcms\App\Common\Common\function.php 第 199 行.
NOTIC: [8] Undefined offset: 15 C:\project\JQ_UI\tpcms\App\Common\Common\function.php 第 199 行.
NOTIC: [8] Undefined offset: 16 C:\project\JQ_UI\tpcms\App\Common\Common\function.php 第 199 行.
NOTIC: [8] Undefined offset: 17 C:\project\JQ_UI\tpcms\App\Common\Common\function.php 第 199 行.
NOTIC: [8] Undefined offset: 18 C:\project\JQ_UI\tpcms\App\Common\Common\function.php 第 199 行.
NOTIC: [8] Undefined offset: 19 C:\project\JQ_UI\tpcms\App\Common\Common\function.php 第 199 行.
NOTIC: [8] Undefined offset: 20 C:\project\JQ_UI\tpcms\App\Common\Common\function.php 第 199 行.
NOTIC: [8] Undefined offset: 21 C:\project\JQ_UI\tpcms\App\Common\Common\function.php 第 199 行.
NOTIC: [8] Undefined offset: 22 C:\project\JQ_UI\tpcms\App\Common\Common\function.php 第 199 行.
NOTIC: [8] Undefined offset: 23 C:\project\JQ_UI\tpcms\App\Common\Common\function.php 第 199 行.
NOTIC: [8] Undefined offset: 24 C:\project\JQ_UI\tpcms\App\Common\Common\function.php 第 199 行.
NOTIC: [8] Undefined offset: 25 C:\project\JQ_UI\tpcms\App\Common\Common\function.php 第 199 行.
NOTIC: [8] Undefined offset: 26 C:\project\JQ_UI\tpcms\App\Common\Common\function.php 第 199 行.
NOTIC: [8] Undefined offset: 27 C:\project\JQ_UI\tpcms\App\Common\Common\function.php 第 199 行.
NOTIC: [8] Undefined offset: 15 C:\project\JQ_UI\tpcms\App\Common\Common\function.php 第 199 行.
NOTIC: [8] Undefined offset: 16 C:\project\JQ_UI\tpcms\App\Common\Common\function.php 第 199 行.
NOTIC: [8] Undefined offset: 17 C:\project\JQ_UI\tpcms\App\Common\Common\function.php 第 199 行.
NOTIC: [8] Undefined offset: 18 C:\project\JQ_UI\tpcms\App\Common\Common\function.php 第 199 行.
NOTIC: [8] Undefined offset: 19 C:\project\JQ_UI\tpcms\App\Common\Common\function.php 第 199 行.
NOTIC: [8] Undefined offset: 20 C:\project\JQ_UI\tpcms\App\Common\Common\function.php 第 199 行.
NOTIC: [8] Undefined offset: 21 C:\project\JQ_UI\tpcms\App\Common\Common\function.php 第 199 行.
NOTIC: [8] Undefined offset: 22 C:\project\JQ_UI\tpcms\App\Common\Common\function.php 第 199 行.
NOTIC: [8] Undefined offset: 23 C:\project\JQ_UI\tpcms\App\Common\Common\function.php 第 199 行.
NOTIC: [8] Undefined offset: 24 C:\project\JQ_UI\tpcms\App\Common\Common\function.php 第 199 行.
NOTIC: [8] Undefined offset: 25 C:\project\JQ_UI\tpcms\App\Common\Common\function.php 第 199 行.
NOTIC: [8] Undefined offset: 26 C:\project\JQ_UI\tpcms\App\Common\Common\function.php 第 199 行.
NOTIC: [8] Undefined offset: 27 C:\project\JQ_UI\tpcms\App\Common\Common\function.php 第 199 行.
NOTIC: [8] Undefined offset: 12 C:\project\JQ_UI\tpcms\App\Common\Common\function.php 第 199 行.
NOTIC: [8] Undefined offset: 13 C:\project\JQ_UI\tpcms\App\Common\Common\function.php 第 199 行.
NOTIC: [8] Undefined offset: 14 C:\project\JQ_UI\tpcms\App\Common\Common\function.php 第 199 行.
NOTIC: [8] Undefined offset: 15 C:\project\JQ_UI\tpcms\App\Common\Common\function.php 第 199 行.
NOTIC: [8] Undefined offset: 16 C:\project\JQ_UI\tpcms\App\Common\Common\function.php 第 199 行.
NOTIC: [8] Undefined offset: 17 C:\project\JQ_UI\tpcms\App\Common\Common\function.php 第 199 行.
NOTIC: [8] Undefined offset: 18 C:\project\JQ_UI\tpcms\App\Common\Common\function.php 第 199 行.
NOTIC: [8] Undefined offset: 19 C:\project\JQ_UI\tpcms\App\Common\Common\function.php 第 199 行.
NOTIC: [8] Undefined offset: 20 C:\project\JQ_UI\tpcms\App\Common\Common\function.php 第 199 行.
NOTIC: [8] Undefined offset: 21 C:\project\JQ_UI\tpcms\App\Common\Common\function.php 第 199 行.
NOTIC: [8] Undefined offset: 22 C:\project\JQ_UI\tpcms\App\Common\Common\function.php 第 199 行.
NOTIC: [8] Undefined offset: 23 C:\project\JQ_UI\tpcms\App\Common\Common\function.php 第 199 行.
NOTIC: [8] Undefined offset: 24 C:\project\JQ_UI\tpcms\App\Common\Common\function.php 第 199 行.
NOTIC: [8] Undefined offset: 25 C:\project\JQ_UI\tpcms\App\Common\Common\function.php 第 199 行.
NOTIC: [8] Undefined offset: 26 C:\project\JQ_UI\tpcms\App\Common\Common\function.php 第 199 行.
NOTIC: [8] Undefined offset: 27 C:\project\JQ_UI\tpcms\App\Common\Common\function.php 第 199 行.
NOTIC: [8] Undefined offset: 17 C:\project\JQ_UI\tpcms\App\Common\Common\function.php 第 199 行.
NOTIC: [8] Undefined offset: 18 C:\project\JQ_UI\tpcms\App\Common\Common\function.php 第 199 行.
NOTIC: [8] Undefined offset: 19 C:\project\JQ_UI\tpcms\App\Common\Common\function.php 第 199 行.
NOTIC: [8] Undefined offset: 20 C:\project\JQ_UI\tpcms\App\Common\Common\function.php 第 199 行.
NOTIC: [8] Undefined offset: 21 C:\project\JQ_UI\tpcms\App\Common\Common\function.php 第 199 行.
NOTIC: [8] Undefined offset: 22 C:\project\JQ_UI\tpcms\App\Common\Common\function.php 第 199 行.
NOTIC: [8] Undefined offset: 23 C:\project\JQ_UI\tpcms\App\Common\Common\function.php 第 199 行.
NOTIC: [8] Undefined offset: 24 C:\project\JQ_UI\tpcms\App\Common\Common\function.php 第 199 行.
NOTIC: [8] Undefined offset: 25 C:\project\JQ_UI\tpcms\App\Common\Common\function.php 第 199 行.
NOTIC: [8] Undefined offset: 26 C:\project\JQ_UI\tpcms\App\Common\Common\function.php 第 199 行.
NOTIC: [8] Undefined offset: 27 C:\project\JQ_UI\tpcms\App\Common\Common\function.php 第 199 行.
NOTIC: [8] Undefined variable: channelList C:\project\JQ_UI\tpcms\App\Runtime\Cache\Home\b60326ec84a0bfd6cb7251ea8bc93617.php 第 244 行.
INFO: Run Behavior\ParseTemplateBehavior [ RunTime:0.099005s ]
INFO: [ view_parse ] --END-- [ RunTime:0.020001s ]
INFO: [ view_filter ] --START--
INFO: Run Behavior\WriteHtmlCacheBehavior [ RunTime:0.000000s ]
INFO: [ view_filter ] --END-- [ RunTime:-0.057003s ]
INFO: [ app_end ] --START--
INFO: Run Behavior\ShowPageTraceBehavior [ RunTime:0.035002s ]
INFO: [ app_end ] --END-- [ RunTime:0.035002s ]

[ 2016-11-17T00:00:30+08:00 ] 127.0.0.1 /index.php/Home/Article/detail/cid/2/id/205.html
INFO: [ app_init ] --START--
INFO: Run Behavior\BuildLiteBehavior [ RunTime:0.000000s ]
INFO: [ app_init ] --END-- [ RunTime:0.001000s ]
INFO: [ app_begin ] --START--
INFO: Run Behavior\ReadHtmlCacheBehavior [ RunTime:0.001000s ]
INFO: [ app_begin ] --END-- [ RunTime:0.001000s ]
SQL: SHOW COLUMNS FROM `ec_channel` [ RunTime:0.0040s ]
SQL: SHOW COLUMNS FROM `ec_channel` [ RunTime:0.0060s ]
NOTIC: [8] Undefined index: modelType C:\project\JQ_UI\tpcms\App\Common\Model\BaseModel.class.php 第 188 行.
NOTIC: [8] Undefined index: field C:\project\JQ_UI\tpcms\App\Common\Model\BaseModel.class.php 第 206 行.
SQL: SELECT * FROM `ec_channel` WHERE `cid` = 2 LIMIT 1   [ RunTime:0.0010s ]
NOTIC: [2048] Declaration of Common\Model\ArticleModel::add() should be compatible with Think\Model::add($data = '', $options = Array, $replace = false) C:\project\JQ_UI\tpcms\App\Common\Model\ArticleModel.class.php 第 413 行.
SQL: SHOW COLUMNS FROM `ec_article` [ RunTime:0.0060s ]
NOTIC: [8] Undefined index: connection C:\project\JQ_UI\tpcms\App\Common\Model\BaseModel.class.php 第 299 行.
SQL: SHOW COLUMNS FROM `ec_article` [ RunTime:0.0050s ]
SQL: UPDATE `ec_article` SET `visitNums`=visitNums+1 WHERE `id` = 205 [ RunTime:0.0010s ]
NOTIC: [8] Undefined index: myInfo C:\project\JQ_UI\tpcms\App\Common\Model\BaseModel.class.php 第 25 行.
SQL: SHOW COLUMNS FROM `ec_operationlog` [ RunTime:0.0880s ]
SQL: INSERT INTO `ec_operationlog` (`content`,`cTime`) VALUES ('UPDATE `ec_article` SET `visitNums`=visitNums+1 WHERE `id` = 205','1479312030') [ RunTime:0.0040s ]
NOTIC: [8] Undefined index: modelType C:\project\JQ_UI\tpcms\App\Common\Model\BaseModel.class.php 第 188 行.
NOTIC: [8] Undefined index: field C:\project\JQ_UI\tpcms\App\Common\Model\BaseModel.class.php 第 206 行.
SQL: SELECT * FROM `ec_article` WHERE `id` = 205 LIMIT 1   [ RunTime:0.0010s ]
NOTIC: [8192] Non-static method Common\Model\ChannelModel::getChannelDetailById() should not be called statically, assuming $this from incompatible context C:\project\JQ_UI\tpcms\App\Common\Model\ArticleModel.class.php 第 228 行.
NOTIC: [8] Undefined index: modelType C:\project\JQ_UI\tpcms\App\Common\Model\BaseModel.class.php 第 188 行.
SQL: SELECT * FROM `ec_article` WHERE ( id<205 ) ORDER BY id DESC LIMIT 1   [ RunTime:0.0010s ]
SQL: SELECT * FROM `ec_article` WHERE ( id>205 ) ORDER BY id ASC LIMIT 1   [ RunTime:0.0000s ]
INFO: [ view_parse ] --START--
INFO: [ template_filter ] --START--
INFO: Run Behavior\ContentReplaceBehavior [ RunTime:0.000000s ]
INFO: [ template_filter ] --END-- [ RunTime:0.000000s ]
NOTIC: [8] Undefined index: limit C:\project\JQ_UI\tpcms\App\Common\Model\BaseModel.class.php 第 49 行.
SQL: SELECT * FROM `ec_channel` WHERE `status` = 1 ORDER BY sort ASC  [ RunTime:0.0010s ]
INFO: [ view_parse ] --START--
INFO: [ template_filter ] --START--
INFO: Run Behavior\ContentReplaceBehavior [ RunTime:0.000000s ]
INFO: [ template_filter ] --END-- [ RunTime:-0.008001s ]
NOTIC: [8] Undefined offset: 0 C:\project\JQ_UI\tpcms\App\Runtime\Cache\Home\1242af1d05ffad1db18cc3faaddc1588.php 第 3 行.
NOTIC: [8] Use of undefined constant cid - assumed 'cid' C:\project\JQ_UI\tpcms\App\Runtime\Cache\Home\1242af1d05ffad1db18cc3faaddc1588.php 第 13 行.
NOTIC: [8] Undefined offset: 0 C:\project\JQ_UI\tpcms\App\Runtime\Cache\Home\1242af1d05ffad1db18cc3faaddc1588.php 第 3 行.
NOTIC: [8] Undefined offset: 0 C:\project\JQ_UI\tpcms\App\Runtime\Cache\Home\1242af1d05ffad1db18cc3faaddc1588.php 第 3 行.
INFO: Run Behavior\ParseTemplateBehavior [ RunTime:0.005001s ]
INFO: [ view_parse ] --END-- [ RunTime:0.005001s ]
INFO: [ view_filter ] --START--
INFO: Run Behavior\WriteHtmlCacheBehavior [ RunTime:0.000000s ]
INFO: [ view_filter ] --END-- [ RunTime:0.000000s ]
NOTIC: [8] Undefined index: limit C:\project\JQ_UI\tpcms\App\Common\Model\BaseModel.class.php 第 49 行.
SQL: SELECT * FROM `ec_channel` WHERE `status` = 1 ORDER BY sort ASC  [ RunTime:0.0010s ]
INFO: [ view_parse ] --START--
INFO: [ template_filter ] --START--
INFO: Run Behavior\ContentReplaceBehavior [ RunTime:0.000000s ]
INFO: [ template_filter ] --END-- [ RunTime:-0.013001s ]
INFO: Run Behavior\ParseTemplateBehavior [ RunTime:0.004000s ]
INFO: [ view_parse ] --END-- [ RunTime:-0.002000s ]
INFO: [ view_filter ] --START--
INFO: Run Behavior\WriteHtmlCacheBehavior [ RunTime:0.000000s ]
INFO: [ view_filter ] --END-- [ RunTime:-0.006000s ]
NOTIC: [8] Undefined index: cat_id C:\project\JQ_UI\tpcms\App\Runtime\Cache\Home\8659c8391793411fcfd1c97b8ff1db38.php 第 182 行.
SQL: SELECT `name` FROM `ec_channel` WHERE `cid` = null LIMIT 1   [ RunTime:0.0010s ]
NOTIC: [8] Undefined variable: channelList C:\project\JQ_UI\tpcms\App\Runtime\Cache\Home\8659c8391793411fcfd1c97b8ff1db38.php 第 322 行.
INFO: Run Behavior\ParseTemplateBehavior [ RunTime:0.005000s ]
INFO: [ view_parse ] --END-- [ RunTime:-0.002000s ]
INFO: [ view_filter ] --START--
INFO: Run Behavior\WriteHtmlCacheBehavior [ RunTime:0.000000s ]
INFO: [ view_filter ] --END-- [ RunTime:-0.007000s ]
INFO: [ app_end ] --START--
INFO: Run Behavior\ShowPageTraceBehavior [ RunTime:0.001000s ]
INFO: [ app_end ] --END-- [ RunTime:0.001000s ]

[ 2016-11-17T00:05:13+08:00 ] 127.0.0.1 /
INFO: [ app_init ] --START--
INFO: Run Behavior\BuildLiteBehavior [ RunTime:0.000000s ]
INFO: [ app_init ] --END-- [ RunTime:0.001000s ]
INFO: [ app_begin ] --START--
INFO: Run Behavior\ReadHtmlCacheBehavior [ RunTime:0.002000s ]
INFO: [ app_begin ] --END-- [ RunTime:0.002000s ]
NOTIC: [2048] Declaration of Common\Model\ArticleModel::add() should be compatible with Think\Model::add($data = '', $options = Array, $replace = false) C:\project\JQ_UI\tpcms\App\Common\Model\ArticleModel.class.php 第 18 行.
NOTIC: [8192] Non-static method Common\Model\ArticleModel::getCidById() should not be called statically, assuming $this from incompatible context C:\project\JQ_UI\tpcms\App\Home\Controller\CommonController.class.php 第 27 行.
SQL: SHOW COLUMNS FROM `ec_article` [ RunTime:0.0060s ]
SQL: SELECT `cid` FROM `ec_article` WHERE `id` = 0 LIMIT 1   [ RunTime:0.0010s ]
SQL: SHOW COLUMNS FROM `ec_channel` [ RunTime:0.0050s ]
SQL: SHOW COLUMNS FROM `ec_channel` [ RunTime:0.0060s ]
NOTIC: [8] Undefined index: modelType C:\project\JQ_UI\tpcms\App\Common\Model\BaseModel.class.php 第 188 行.
NOTIC: [8] Undefined index: field C:\project\JQ_UI\tpcms\App\Common\Model\BaseModel.class.php 第 206 行.
SQL: SELECT * FROM `ec_channel` WHERE `cid` = null LIMIT 1   [ RunTime:0.0000s ]
NOTIC: D方法实例化没找到模型类Admin\Model\ChannelModel
SQL: SHOW COLUMNS FROM `ec_channel` [ RunTime:0.0040s ]
SQL: SHOW COLUMNS FROM `ec_article` [ RunTime:0.0050s ]
SQL: SELECT * FROM `ec_article` WHERE `thumbnail` <> '' ORDER BY updated_at DESC LIMIT 6   [ RunTime:0.0010s ]
NOTIC: [8] Undefined index: limit C:\project\JQ_UI\tpcms\App\Common\Model\BaseModel.class.php 第 49 行.
SQL: SELECT * FROM `ec_channel` WHERE `fid` = 0 AND `model` = 'article' AND `status` = 1 ORDER BY sort ASC  [ RunTime:0.0000s ]
NOTIC: [8] Undefined index: limit C:\project\JQ_UI\tpcms\App\Common\Model\BaseModel.class.php 第 49 行.
SQL: SELECT * FROM `ec_channel` WHERE `status` = 1 ORDER BY sort ASC  [ RunTime:0.0000s ]
SQL: SELECT * FROM `ec_article` WHERE `cid` IN ('7','9','11','12','2') ORDER BY updated_at DESC LIMIT 5   [ RunTime:0.0010s ]
SQL: SELECT * FROM `ec_article` WHERE `cid` IN ('8','10','13','14','3') ORDER BY updated_at DESC LIMIT 5   [ RunTime:0.0000s ]
SQL: SELECT * FROM `ec_article` WHERE `cid` IN ('15','16','17','18','19','4') ORDER BY updated_at DESC LIMIT 5   [ RunTime:0.0010s ]
SQL: SELECT * FROM `ec_article` WHERE `cid` IN ('5') ORDER BY updated_at DESC LIMIT 5   [ RunTime:0.0000s ]
INFO: [ view_parse ] --START--
NOTIC: [8] Undefined index: condition C:\project\JQ_UI\tpcms\ThinkPHP\Library\Think\Template\TagLib\Co.class.php 第 25 行.
NOTIC: [8] Undefined variable: condition C:\project\JQ_UI\tpcms\ThinkPHP\Library\Think\Template\TagLib\Co.class.php 第 33 行.
NOTIC: [8] Undefined variable: condition C:\project\JQ_UI\tpcms\ThinkPHP\Library\Think\Template\TagLib\Co.class.php 第 37 行.
NOTIC: [8] Undefined index: condition C:\project\JQ_UI\tpcms\ThinkPHP\Library\Think\Template\TagLib\Co.class.php 第 25 行.
NOTIC: [8] Undefined variable: condition C:\project\JQ_UI\tpcms\ThinkPHP\Library\Think\Template\TagLib\Co.class.php 第 33 行.
NOTIC: [8] Undefined variable: condition C:\project\JQ_UI\tpcms\ThinkPHP\Library\Think\Template\TagLib\Co.class.php 第 37 行.
INFO: [ template_filter ] --START--
INFO: Run Behavior\ContentReplaceBehavior [ RunTime:0.000000s ]
INFO: [ template_filter ] --END-- [ RunTime:0.001000s ]
NOTIC: [8] Undefined variable: articleDetail C:\project\JQ_UI\tpcms\App\Runtime\Cache\Home\b60326ec84a0bfd6cb7251ea8bc93617.php 第 7 行.
NOTIC: [8] Undefined variable: articleDetail C:\project\JQ_UI\tpcms\App\Runtime\Cache\Home\b60326ec84a0bfd6cb7251ea8bc93617.php 第 8 行.
NOTIC: [8] Undefined index: limit C:\project\JQ_UI\tpcms\App\Common\Model\BaseModel.class.php 第 49 行.
SQL: SELECT * FROM `ec_channel` WHERE `status` = 1 ORDER BY sort ASC  [ RunTime:0.0020s ]
INFO: [ view_parse ] --START--
INFO: [ template_filter ] --START--
INFO: Run Behavior\ContentReplaceBehavior [ RunTime:0.000000s ]
INFO: [ template_filter ] --END-- [ RunTime:-0.008001s ]
NOTIC: [8] Undefined offset: 0 C:\project\JQ_UI\tpcms\App\Runtime\Cache\Home\1242af1d05ffad1db18cc3faaddc1588.php 第 3 行.
NOTIC: [8] Undefined index: cid C:\project\JQ_UI\tpcms\App\Runtime\Cache\Home\1242af1d05ffad1db18cc3faaddc1588.php 第 13 行.
NOTIC: [8] Use of undefined constant cid - assumed 'cid' C:\project\JQ_UI\tpcms\App\Runtime\Cache\Home\1242af1d05ffad1db18cc3faaddc1588.php 第 13 行.
NOTIC: [8] Undefined index: cid C:\project\JQ_UI\tpcms\App\Runtime\Cache\Home\1242af1d05ffad1db18cc3faaddc1588.php 第 13 行.
NOTIC: [8] Undefined offset: 0 C:\project\JQ_UI\tpcms\App\Runtime\Cache\Home\1242af1d05ffad1db18cc3faaddc1588.php 第 3 行.
NOTIC: [8] Undefined index: cid C:\project\JQ_UI\tpcms\App\Runtime\Cache\Home\1242af1d05ffad1db18cc3faaddc1588.php 第 13 行.
NOTIC: [8] Undefined offset: 0 C:\project\JQ_UI\tpcms\App\Runtime\Cache\Home\1242af1d05ffad1db18cc3faaddc1588.php 第 3 行.
NOTIC: [8] Undefined index: cid C:\project\JQ_UI\tpcms\App\Runtime\Cache\Home\1242af1d05ffad1db18cc3faaddc1588.php 第 13 行.
INFO: Run Behavior\ParseTemplateBehavior [ RunTime:0.005000s ]
INFO: [ view_parse ] --END-- [ RunTime:0.005000s ]
INFO: [ view_filter ] --START--
INFO: Run Behavior\WriteHtmlCacheBehavior [ RunTime:0.000000s ]
INFO: [ view_filter ] --END-- [ RunTime:0.000000s ]
NOTIC: [8] Undefined offset: 14 C:\project\JQ_UI\tpcms\App\Common\Common\function.php 第 199 行.
NOTIC: [8] Undefined offset: 15 C:\project\JQ_UI\tpcms\App\Common\Common\function.php 第 199 行.
NOTIC: [8] Undefined offset: 16 C:\project\JQ_UI\tpcms\App\Common\Common\function.php 第 199 行.
NOTIC: [8] Undefined offset: 17 C:\project\JQ_UI\tpcms\App\Common\Common\function.php 第 199 行.
NOTIC: [8] Undefined offset: 18 C:\project\JQ_UI\tpcms\App\Common\Common\function.php 第 199 行.
NOTIC: [8] Undefined offset: 19 C:\project\JQ_UI\tpcms\App\Common\Common\function.php 第 199 行.
NOTIC: [8] Undefined offset: 20 C:\project\JQ_UI\tpcms\App\Common\Common\function.php 第 199 行.
NOTIC: [8] Undefined offset: 21 C:\project\JQ_UI\tpcms\App\Common\Common\function.php 第 199 行.
NOTIC: [8] Undefined offset: 22 C:\project\JQ_UI\tpcms\App\Common\Common\function.php 第 199 行.
NOTIC: [8] Undefined offset: 23 C:\project\JQ_UI\tpcms\App\Common\Common\function.php 第 199 行.
NOTIC: [8] Undefined offset: 24 C:\project\JQ_UI\tpcms\App\Common\Common\function.php 第 199 行.
NOTIC: [8] Undefined offset: 25 C:\project\JQ_UI\tpcms\App\Common\Common\function.php 第 199 行.
NOTIC: [8] Undefined offset: 26 C:\project\JQ_UI\tpcms\App\Common\Common\function.php 第 199 行.
NOTIC: [8] Undefined offset: 27 C:\project\JQ_UI\tpcms\App\Common\Common\function.php 第 199 行.
NOTIC: [8] Undefined offset: 14 C:\project\JQ_UI\tpcms\App\Common\Common\function.php 第 199 行.
NOTIC: [8] Undefined offset: 15 C:\project\JQ_UI\tpcms\App\Common\Common\function.php 第 199 行.
NOTIC: [8] Undefined offset: 16 C:\project\JQ_UI\tpcms\App\Common\Common\function.php 第 199 行.
NOTIC: [8] Undefined offset: 17 C:\project\JQ_UI\tpcms\App\Common\Common\function.php 第 199 行.
NOTIC: [8] Undefined offset: 18 C:\project\JQ_UI\tpcms\App\Common\Common\function.php 第 199 行.
NOTIC: [8] Undefined offset: 19 C:\project\JQ_UI\tpcms\App\Common\Common\function.php 第 199 行.
NOTIC: [8] Undefined offset: 20 C:\project\JQ_UI\tpcms\App\Common\Common\function.php 第 199 行.
NOTIC: [8] Undefined offset: 21 C:\project\JQ_UI\tpcms\App\Common\Common\function.php 第 199 行.
NOTIC: [8] Undefined offset: 22 C:\project\JQ_UI\tpcms\App\Common\Common\function.php 第 199 行.
NOTIC: [8] Undefined offset: 23 C:\project\JQ_UI\tpcms\App\Common\Common\function.php 第 199 行.
NOTIC: [8] Undefined offset: 24 C:\project\JQ_UI\tpcms\App\Common\Common\function.php 第 199 行.
NOTIC: [8] Undefined offset: 25 C:\project\JQ_UI\tpcms\App\Common\Common\function.php 第 199 行.
NOTIC: [8] Undefined offset: 26 C:\project\JQ_UI\tpcms\App\Common\Common\function.php 第 199 行.
NOTIC: [8] Undefined offset: 27 C:\project\JQ_UI\tpcms\App\Common\Common\function.php 第 199 行.
NOTIC: [8] Undefined offset: 17 C:\project\JQ_UI\tpcms\App\Common\Common\function.php 第 199 行.
NOTIC: [8] Undefined offset: 18 C:\project\JQ_UI\tpcms\App\Common\Common\function.php 第 199 行.
NOTIC: [8] Undefined offset: 19 C:\project\JQ_UI\tpcms\App\Common\Common\function.php 第 199 行.
NOTIC: [8] Undefined offset: 20 C:\project\JQ_UI\tpcms\App\Common\Common\function.php 第 199 行.
NOTIC: [8] Undefined offset: 21 C:\project\JQ_UI\tpcms\App\Common\Common\function.php 第 199 行.
NOTIC: [8] Undefined offset: 22 C:\project\JQ_UI\tpcms\App\Common\Common\function.php 第 199 行.
NOTIC: [8] Undefined offset: 23 C:\project\JQ_UI\tpcms\App\Common\Common\function.php 第 199 行.
NOTIC: [8] Undefined offset: 24 C:\project\JQ_UI\tpcms\App\Common\Common\function.php 第 199 行.
NOTIC: [8] Undefined offset: 25 C:\project\JQ_UI\tpcms\App\Common\Common\function.php 第 199 行.
NOTIC: [8] Undefined offset: 26 C:\project\JQ_UI\tpcms\App\Common\Common\function.php 第 199 行.
NOTIC: [8] Undefined offset: 27 C:\project\JQ_UI\tpcms\App\Common\Common\function.php 第 199 行.
NOTIC: [8] Undefined offset: 17 C:\project\JQ_UI\tpcms\App\Common\Common\function.php 第 199 行.
NOTIC: [8] Undefined offset: 18 C:\project\JQ_UI\tpcms\App\Common\Common\function.php 第 199 行.
NOTIC: [8] Undefined offset: 19 C:\project\JQ_UI\tpcms\App\Common\Common\function.php 第 199 行.
NOTIC: [8] Undefined offset: 20 C:\project\JQ_UI\tpcms\App\Common\Common\function.php 第 199 行.
NOTIC: [8] Undefined offset: 21 C:\project\JQ_UI\tpcms\App\Common\Common\function.php 第 199 行.
NOTIC: [8] Undefined offset: 22 C:\project\JQ_UI\tpcms\App\Common\Common\function.php 第 199 行.
NOTIC: [8] Undefined offset: 23 C:\project\JQ_UI\tpcms\App\Common\Common\function.php 第 199 行.
NOTIC: [8] Undefined offset: 24 C:\project\JQ_UI\tpcms\App\Common\Common\function.php 第 199 行.
NOTIC: [8] Undefined offset: 25 C:\project\JQ_UI\tpcms\App\Common\Common\function.php 第 199 行.
NOTIC: [8] Undefined offset: 26 C:\project\JQ_UI\tpcms\App\Common\Common\function.php 第 199 行.
NOTIC: [8] Undefined offset: 27 C:\project\JQ_UI\tpcms\App\Common\Common\function.php 第 199 行.
NOTIC: [8] Undefined offset: 12 C:\project\JQ_UI\tpcms\App\Common\Common\function.php 第 199 行.
NOTIC: [8] Undefined offset: 13 C:\project\JQ_UI\tpcms\App\Common\Common\function.php 第 199 行.
NOTIC: [8] Undefined offset: 14 C:\project\JQ_UI\tpcms\App\Common\Common\function.php 第 199 行.
NOTIC: [8] Undefined offset: 15 C:\project\JQ_UI\tpcms\App\Common\Common\function.php 第 199 行.
NOTIC: [8] Undefined offset: 16 C:\project\JQ_UI\tpcms\App\Common\Common\function.php 第 199 行.
NOTIC: [8] Undefined offset: 17 C:\project\JQ_UI\tpcms\App\Common\Common\function.php 第 199 行.
NOTIC: [8] Undefined offset: 18 C:\project\JQ_UI\tpcms\App\Common\Common\function.php 第 199 行.
NOTIC: [8] Undefined offset: 19 C:\project\JQ_UI\tpcms\App\Common\Common\function.php 第 199 行.
NOTIC: [8] Undefined offset: 20 C:\project\JQ_UI\tpcms\App\Common\Common\function.php 第 199 行.
NOTIC: [8] Undefined offset: 21 C:\project\JQ_UI\tpcms\App\Common\Common\function.php 第 199 行.
NOTIC: [8] Undefined offset: 22 C:\project\JQ_UI\tpcms\App\Common\Common\function.php 第 199 行.
NOTIC: [8] Undefined offset: 23 C:\project\JQ_UI\tpcms\App\Common\Common\function.php 第 199 行.
NOTIC: [8] Undefined offset: 24 C:\project\JQ_UI\tpcms\App\Common\Common\function.php 第 199 行.
NOTIC: [8] Undefined offset: 25 C:\project\JQ_UI\tpcms\App\Common\Common\function.php 第 199 行.
NOTIC: [8] Undefined offset: 26 C:\project\JQ_UI\tpcms\App\Common\Common\function.php 第 199 行.
NOTIC: [8] Undefined offset: 27 C:\project\JQ_UI\tpcms\App\Common\Common\function.php 第 199 行.
NOTIC: [8] Undefined offset: 12 C:\project\JQ_UI\tpcms\App\Common\Common\function.php 第 199 行.
NOTIC: [8] Undefined offset: 13 C:\project\JQ_UI\tpcms\App\Common\Common\function.php 第 199 行.
NOTIC: [8] Undefined offset: 14 C:\project\JQ_UI\tpcms\App\Common\Common\function.php 第 199 行.
NOTIC: [8] Undefined offset: 15 C:\project\JQ_UI\tpcms\App\Common\Common\function.php 第 199 行.
NOTIC: [8] Undefined offset: 16 C:\project\JQ_UI\tpcms\App\Common\Common\function.php 第 199 行.
NOTIC: [8] Undefined offset: 17 C:\project\JQ_UI\tpcms\App\Common\Common\function.php 第 199 行.
NOTIC: [8] Undefined offset: 18 C:\project\JQ_UI\tpcms\App\Common\Common\function.php 第 199 行.
NOTIC: [8] Undefined offset: 19 C:\project\JQ_UI\tpcms\App\Common\Common\function.php 第 199 行.
NOTIC: [8] Undefined offset: 20 C:\project\JQ_UI\tpcms\App\Common\Common\function.php 第 199 行.
NOTIC: [8] Undefined offset: 21 C:\project\JQ_UI\tpcms\App\Common\Common\function.php 第 199 行.
NOTIC: [8] Undefined offset: 22 C:\project\JQ_UI\tpcms\App\Common\Common\function.php 第 199 行.
NOTIC: [8] Undefined offset: 23 C:\project\JQ_UI\tpcms\App\Common\Common\function.php 第 199 行.
NOTIC: [8] Undefined offset: 24 C:\project\JQ_UI\tpcms\App\Common\Common\function.php 第 199 行.
NOTIC: [8] Undefined offset: 25 C:\project\JQ_UI\tpcms\App\Common\Common\function.php 第 199 行.
NOTIC: [8] Undefined offset: 26 C:\project\JQ_UI\tpcms\App\Common\Common\function.php 第 199 行.
NOTIC: [8] Undefined offset: 27 C:\project\JQ_UI\tpcms\App\Common\Common\function.php 第 199 行.
NOTIC: [8] Undefined offset: 15 C:\project\JQ_UI\tpcms\App\Common\Common\function.php 第 199 行.
NOTIC: [8] Undefined offset: 16 C:\project\JQ_UI\tpcms\App\Common\Common\function.php 第 199 行.
NOTIC: [8] Undefined offset: 17 C:\project\JQ_UI\tpcms\App\Common\Common\function.php 第 199 行.
NOTIC: [8] Undefined offset: 18 C:\project\JQ_UI\tpcms\App\Common\Common\function.php 第 199 行.
NOTIC: [8] Undefined offset: 19 C:\project\JQ_UI\tpcms\App\Common\Common\function.php 第 199 行.
NOTIC: [8] Undefined offset: 20 C:\project\JQ_UI\tpcms\App\Common\Common\function.php 第 199 行.
NOTIC: [8] Undefined offset: 21 C:\project\JQ_UI\tpcms\App\Common\Common\function.php 第 199 行.
NOTIC: [8] Undefined offset: 22 C:\project\JQ_UI\tpcms\App\Common\Common\function.php 第 199 行.
NOTIC: [8] Undefined offset: 23 C:\project\JQ_UI\tpcms\App\Common\Common\function.php 第 199 行.
NOTIC: [8] Undefined offset: 24 C:\project\JQ_UI\tpcms\App\Common\Common\function.php 第 199 行.
NOTIC: [8] Undefined offset: 25 C:\project\JQ_UI\tpcms\App\Common\Common\function.php 第 199 行.
NOTIC: [8] Undefined offset: 26 C:\project\JQ_UI\tpcms\App\Common\Common\function.php 第 199 行.
NOTIC: [8] Undefined offset: 27 C:\project\JQ_UI\tpcms\App\Common\Common\function.php 第 199 行.
NOTIC: [8] Undefined offset: 15 C:\project\JQ_UI\tpcms\App\Common\Common\function.php 第 199 行.
NOTIC: [8] Undefined offset: 16 C:\project\JQ_UI\tpcms\App\Common\Common\function.php 第 199 行.
NOTIC: [8] Undefined offset: 17 C:\project\JQ_UI\tpcms\App\Common\Common\function.php 第 199 行.
NOTIC: [8] Undefined offset: 18 C:\project\JQ_UI\tpcms\App\Common\Common\function.php 第 199 行.
NOTIC: [8] Undefined offset: 19 C:\project\JQ_UI\tpcms\App\Common\Common\function.php 第 199 行.
NOTIC: [8] Undefined offset: 20 C:\project\JQ_UI\tpcms\App\Common\Common\function.php 第 199 行.
NOTIC: [8] Undefined offset: 21 C:\project\JQ_UI\tpcms\App\Common\Common\function.php 第 199 行.
NOTIC: [8] Undefined offset: 22 C:\project\JQ_UI\tpcms\App\Common\Common\function.php 第 199 行.
NOTIC: [8] Undefined offset: 23 C:\project\JQ_UI\tpcms\App\Common\Common\function.php 第 199 行.
NOTIC: [8] Undefined offset: 24 C:\project\JQ_UI\tpcms\App\Common\Common\function.php 第 199 行.
NOTIC: [8] Undefined offset: 25 C:\project\JQ_UI\tpcms\App\Common\Common\function.php 第 199 行.
NOTIC: [8] Undefined offset: 26 C:\project\JQ_UI\tpcms\App\Common\Common\function.php 第 199 行.
NOTIC: [8] Undefined offset: 27 C:\project\JQ_UI\tpcms\App\Common\Common\function.php 第 199 行.
NOTIC: [8] Undefined index: kw C:\project\JQ_UI\tpcms\App\Runtime\Cache\Home\b60326ec84a0bfd6cb7251ea8bc93617.php 第 130 行.
NOTIC: [2] Missing argument 1 for Think\Model::where(), called in C:\project\JQ_UI\tpcms\App\Runtime\Cache\Home\b60326ec84a0bfd6cb7251ea8bc93617.php on line 141 and defined C:\project\JQ_UI\tpcms\ThinkPHP\Library\Think\Model.class.php 第 1771 行.
NOTIC: [8] Undefined variable: where C:\project\JQ_UI\tpcms\ThinkPHP\Library\Think\Model.class.php 第 1779 行.
NOTIC: [8] Undefined variable: where C:\project\JQ_UI\tpcms\ThinkPHP\Library\Think\Model.class.php 第 1782 行.
NOTIC: [8] Undefined variable: where C:\project\JQ_UI\tpcms\ThinkPHP\Library\Think\Model.class.php 第 1790 行.
SQL: SELECT COUNT(*) AS tp_count FROM `ec_article` LIMIT 1   [ RunTime:0.0010s ]
NOTIC: [2] Missing argument 1 for Think\Model::where(), called in C:\project\JQ_UI\tpcms\App\Runtime\Cache\Home\b60326ec84a0bfd6cb7251ea8bc93617.php on line 141 and defined C:\project\JQ_UI\tpcms\ThinkPHP\Library\Think\Model.class.php 第 1771 行.
NOTIC: [8] Undefined variable: where C:\project\JQ_UI\tpcms\ThinkPHP\Library\Think\Model.class.php 第 1779 行.
NOTIC: [8] Undefined variable: where C:\project\JQ_UI\tpcms\ThinkPHP\Library\Think\Model.class.php 第 1782 行.
NOTIC: [8] Undefined variable: where C:\project\JQ_UI\tpcms\ThinkPHP\Library\Think\Model.class.php 第 1790 行.
SQL: SELECT `id`,`cid`,`title` FROM `ec_article` ORDER BY click DESC LIMIT 0,15   [ RunTime:0.0010s ]
NOTIC: [8] Undefined offset: 14 C:\project\JQ_UI\tpcms\App\Common\Common\function.php 第 199 行.
NOTIC: [8] Undefined offset: 15 C:\project\JQ_UI\tpcms\App\Common\Common\function.php 第 199 行.
NOTIC: [8] Undefined offset: 16 C:\project\JQ_UI\tpcms\App\Common\Common\function.php 第 199 行.
NOTIC: [8] Undefined offset: 17 C:\project\JQ_UI\tpcms\App\Common\Common\function.php 第 199 行.
NOTIC: [8] Undefined offset: 18 C:\project\JQ_UI\tpcms\App\Common\Common\function.php 第 199 行.
NOTIC: [8] Undefined offset: 19 C:\project\JQ_UI\tpcms\App\Common\Common\function.php 第 199 行.
NOTIC: [8] Undefined offset: 20 C:\project\JQ_UI\tpcms\App\Common\Common\function.php 第 199 行.
NOTIC: [8] Undefined offset: 21 C:\project\JQ_UI\tpcms\App\Common\Common\function.php 第 199 行.
NOTIC: [8] Undefined offset: 22 C:\project\JQ_UI\tpcms\App\Common\Common\function.php 第 199 行.
NOTIC: [8] Undefined offset: 23 C:\project\JQ_UI\tpcms\App\Common\Common\function.php 第 199 行.
NOTIC: [8] Undefined offset: 24 C:\project\JQ_UI\tpcms\App\Common\Common\function.php 第 199 行.
NOTIC: [8] Undefined offset: 25 C:\project\JQ_UI\tpcms\App\Common\Common\function.php 第 199 行.
NOTIC: [8] Undefined offset: 26 C:\project\JQ_UI\tpcms\App\Common\Common\function.php 第 199 行.
NOTIC: [8] Undefined offset: 27 C:\project\JQ_UI\tpcms\App\Common\Common\function.php 第 199 行.
NOTIC: [8] Undefined offset: 15 C:\project\JQ_UI\tpcms\App\Common\Common\function.php 第 199 行.
NOTIC: [8] Undefined offset: 16 C:\project\JQ_UI\tpcms\App\Common\Common\function.php 第 199 行.
NOTIC: [8] Undefined offset: 17 C:\project\JQ_UI\tpcms\App\Common\Common\function.php 第 199 行.
NOTIC: [8] Undefined offset: 18 C:\project\JQ_UI\tpcms\App\Common\Common\function.php 第 199 行.
NOTIC: [8] Undefined offset: 19 C:\project\JQ_UI\tpcms\App\Common\Common\function.php 第 199 行.
NOTIC: [8] Undefined offset: 20 C:\project\JQ_UI\tpcms\App\Common\Common\function.php 第 199 行.
NOTIC: [8] Undefined offset: 21 C:\project\JQ_UI\tpcms\App\Common\Common\function.php 第 199 行.
NOTIC: [8] Undefined offset: 22 C:\project\JQ_UI\tpcms\App\Common\Common\function.php 第 199 行.
NOTIC: [8] Undefined offset: 23 C:\project\JQ_UI\tpcms\App\Common\Common\function.php 第 199 行.
NOTIC: [8] Undefined offset: 24 C:\project\JQ_UI\tpcms\App\Common\Common\function.php 第 199 行.
NOTIC: [8] Undefined offset: 25 C:\project\JQ_UI\tpcms\App\Common\Common\function.php 第 199 行.
NOTIC: [8] Undefined offset: 26 C:\project\JQ_UI\tpcms\App\Common\Common\function.php 第 199 行.
NOTIC: [8] Undefined offset: 27 C:\project\JQ_UI\tpcms\App\Common\Common\function.php 第 199 行.
NOTIC: [8] Undefined offset: 12 C:\project\JQ_UI\tpcms\App\Common\Common\function.php 第 199 行.
NOTIC: [8] Undefined offset: 13 C:\project\JQ_UI\tpcms\App\Common\Common\function.php 第 199 行.
NOTIC: [8] Undefined offset: 14 C:\project\JQ_UI\tpcms\App\Common\Common\function.php 第 199 行.
NOTIC: [8] Undefined offset: 15 C:\project\JQ_UI\tpcms\App\Common\Common\function.php 第 199 行.
NOTIC: [8] Undefined offset: 16 C:\project\JQ_UI\tpcms\App\Common\Common\function.php 第 199 行.
NOTIC: [8] Undefined offset: 17 C:\project\JQ_UI\tpcms\App\Common\Common\function.php 第 199 行.
NOTIC: [8] Undefined offset: 18 C:\project\JQ_UI\tpcms\App\Common\Common\function.php 第 199 行.
NOTIC: [8] Undefined offset: 19 C:\project\JQ_UI\tpcms\App\Common\Common\function.php 第 199 行.
NOTIC: [8] Undefined offset: 20 C:\project\JQ_UI\tpcms\App\Common\Common\function.php 第 199 行.
NOTIC: [8] Undefined offset: 21 C:\project\JQ_UI\tpcms\App\Common\Common\function.php 第 199 行.
NOTIC: [8] Undefined offset: 22 C:\project\JQ_UI\tpcms\App\Common\Common\function.php 第 199 行.
NOTIC: [8] Undefined offset: 23 C:\project\JQ_UI\tpcms\App\Common\Common\function.php 第 199 行.
NOTIC: [8] Undefined offset: 24 C:\project\JQ_UI\tpcms\App\Common\Common\function.php 第 199 行.
NOTIC: [8] Undefined offset: 25 C:\project\JQ_UI\tpcms\App\Common\Common\function.php 第 199 行.
NOTIC: [8] Undefined offset: 26 C:\project\JQ_UI\tpcms\App\Common\Common\function.php 第 199 行.
NOTIC: [8] Undefined offset: 27 C:\project\JQ_UI\tpcms\App\Common\Common\function.php 第 199 行.
NOTIC: [8] Undefined offset: 17 C:\project\JQ_UI\tpcms\App\Common\Common\function.php 第 199 行.
NOTIC: [8] Undefined offset: 18 C:\project\JQ_UI\tpcms\App\Common\Common\function.php 第 199 行.
NOTIC: [8] Undefined offset: 19 C:\project\JQ_UI\tpcms\App\Common\Common\function.php 第 199 行.
NOTIC: [8] Undefined offset: 20 C:\project\JQ_UI\tpcms\App\Common\Common\function.php 第 199 行.
NOTIC: [8] Undefined offset: 21 C:\project\JQ_UI\tpcms\App\Common\Common\function.php 第 199 行.
NOTIC: [8] Undefined offset: 22 C:\project\JQ_UI\tpcms\App\Common\Common\function.php 第 199 行.
NOTIC: [8] Undefined offset: 23 C:\project\JQ_UI\tpcms\App\Common\Common\function.php 第 199 行.
NOTIC: [8] Undefined offset: 24 C:\project\JQ_UI\tpcms\App\Common\Common\function.php 第 199 行.
NOTIC: [8] Undefined offset: 25 C:\project\JQ_UI\tpcms\App\Common\Common\function.php 第 199 行.
NOTIC: [8] Undefined offset: 26 C:\project\JQ_UI\tpcms\App\Common\Common\function.php 第 199 行.
NOTIC: [8] Undefined offset: 27 C:\project\JQ_UI\tpcms\App\Common\Common\function.php 第 199 行.
NOTIC: [2] Missing argument 1 for Think\Model::where(), called in C:\project\JQ_UI\tpcms\App\Runtime\Cache\Home\b60326ec84a0bfd6cb7251ea8bc93617.php on line 148 and defined C:\project\JQ_UI\tpcms\ThinkPHP\Library\Think\Model.class.php 第 1771 行.
NOTIC: [8] Undefined variable: where C:\project\JQ_UI\tpcms\ThinkPHP\Library\Think\Model.class.php 第 1779 行.
NOTIC: [8] Undefined variable: where C:\project\JQ_UI\tpcms\ThinkPHP\Library\Think\Model.class.php 第 1782 行.
NOTIC: [8] Undefined variable: where C:\project\JQ_UI\tpcms\ThinkPHP\Library\Think\Model.class.php 第 1790 行.
SQL: SELECT COUNT(*) AS tp_count FROM `ec_article` LIMIT 1   [ RunTime:0.0040s ]
NOTIC: [2] Missing argument 1 for Think\Model::where(), called in C:\project\JQ_UI\tpcms\App\Runtime\Cache\Home\b60326ec84a0bfd6cb7251ea8bc93617.php on line 148 and defined C:\project\JQ_UI\tpcms\ThinkPHP\Library\Think\Model.class.php 第 1771 行.
NOTIC: [8] Undefined variable: where C:\project\JQ_UI\tpcms\ThinkPHP\Library\Think\Model.class.php 第 1779 行.
NOTIC: [8] Undefined variable: where C:\project\JQ_UI\tpcms\ThinkPHP\Library\Think\Model.class.php 第 1782 行.
NOTIC: [8] Undefined variable: where C:\project\JQ_UI\tpcms\ThinkPHP\Library\Think\Model.class.php 第 1790 行.
SQL: SELECT `id`,`cid`,`title` FROM `ec_article` ORDER BY click DESC LIMIT 0,15   [ RunTime:0.0000s ]
NOTIC: [8] Undefined offset: 14 C:\project\JQ_UI\tpcms\App\Common\Common\function.php 第 199 行.
NOTIC: [8] Undefined offset: 15 C:\project\JQ_UI\tpcms\App\Common\Common\function.php 第 199 行.
NOTIC: [8] Undefined offset: 16 C:\project\JQ_UI\tpcms\App\Common\Common\function.php 第 199 行.
NOTIC: [8] Undefined offset: 17 C:\project\JQ_UI\tpcms\App\Common\Common\function.php 第 199 行.
NOTIC: [8] Undefined offset: 18 C:\project\JQ_UI\tpcms\App\Common\Common\function.php 第 199 行.
NOTIC: [8] Undefined offset: 19 C:\project\JQ_UI\tpcms\App\Common\Common\function.php 第 199 行.
NOTIC: [8] Undefined offset: 20 C:\project\JQ_UI\tpcms\App\Common\Common\function.php 第 199 行.
NOTIC: [8] Undefined offset: 21 C:\project\JQ_UI\tpcms\App\Common\Common\function.php 第 199 行.
NOTIC: [8] Undefined offset: 22 C:\project\JQ_UI\tpcms\App\Common\Common\function.php 第 199 行.
NOTIC: [8] Undefined offset: 23 C:\project\JQ_UI\tpcms\App\Common\Common\function.php 第 199 行.
NOTIC: [8] Undefined offset: 24 C:\project\JQ_UI\tpcms\App\Common\Common\function.php 第 199 行.
NOTIC: [8] Undefined offset: 25 C:\project\JQ_UI\tpcms\App\Common\Common\function.php 第 199 行.
NOTIC: [8] Undefined offset: 26 C:\project\JQ_UI\tpcms\App\Common\Common\function.php 第 199 行.
NOTIC: [8] Undefined offset: 27 C:\project\JQ_UI\tpcms\App\Common\Common\function.php 第 199 行.
NOTIC: [8] Undefined offset: 15 C:\project\JQ_UI\tpcms\App\Common\Common\function.php 第 199 行.
NOTIC: [8] Undefined offset: 16 C:\project\JQ_UI\tpcms\App\Common\Common\function.php 第 199 行.
NOTIC: [8] Undefined offset: 17 C:\project\JQ_UI\tpcms\App\Common\Common\function.php 第 199 行.
NOTIC: [8] Undefined offset: 18 C:\project\JQ_UI\tpcms\App\Common\Common\function.php 第 199 行.
NOTIC: [8] Undefined offset: 19 C:\project\JQ_UI\tpcms\App\Common\Common\function.php 第 199 行.
NOTIC: [8] Undefined offset: 20 C:\project\JQ_UI\tpcms\App\Common\Common\function.php 第 199 行.
NOTIC: [8] Undefined offset: 21 C:\project\JQ_UI\tpcms\App\Common\Common\function.php 第 199 行.
NOTIC: [8] Undefined offset: 22 C:\project\JQ_UI\tpcms\App\Common\Common\function.php 第 199 行.
NOTIC: [8] Undefined offset: 23 C:\project\JQ_UI\tpcms\App\Common\Common\function.php 第 199 行.
NOTIC: [8] Undefined offset: 24 C:\project\JQ_UI\tpcms\App\Common\Common\function.php 第 199 行.
NOTIC: [8] Undefined offset: 25 C:\project\JQ_UI\tpcms\App\Common\Common\function.php 第 199 行.
NOTIC: [8] Undefined offset: 26 C:\project\JQ_UI\tpcms\App\Common\Common\function.php 第 199 行.
NOTIC: [8] Undefined offset: 27 C:\project\JQ_UI\tpcms\App\Common\Common\function.php 第 199 行.
NOTIC: [8] Undefined offset: 12 C:\project\JQ_UI\tpcms\App\Common\Common\function.php 第 199 行.
NOTIC: [8] Undefined offset: 13 C:\project\JQ_UI\tpcms\App\Common\Common\function.php 第 199 行.
NOTIC: [8] Undefined offset: 14 C:\project\JQ_UI\tpcms\App\Common\Common\function.php 第 199 行.
NOTIC: [8] Undefined offset: 15 C:\project\JQ_UI\tpcms\App\Common\Common\function.php 第 199 行.
NOTIC: [8] Undefined offset: 16 C:\project\JQ_UI\tpcms\App\Common\Common\function.php 第 199 行.
NOTIC: [8] Undefined offset: 17 C:\project\JQ_UI\tpcms\App\Common\Common\function.php 第 199 行.
NOTIC: [8] Undefined offset: 18 C:\project\JQ_UI\tpcms\App\Common\Common\function.php 第 199 行.
NOTIC: [8] Undefined offset: 19 C:\project\JQ_UI\tpcms\App\Common\Common\function.php 第 199 行.
NOTIC: [8] Undefined offset: 20 C:\project\JQ_UI\tpcms\App\Common\Common\function.php 第 199 行.
NOTIC: [8] Undefined offset: 21 C:\project\JQ_UI\tpcms\App\Common\Common\function.php 第 199 行.
NOTIC: [8] Undefined offset: 22 C:\project\JQ_UI\tpcms\App\Common\Common\function.php 第 199 行.
NOTIC: [8] Undefined offset: 23 C:\project\JQ_UI\tpcms\App\Common\Common\function.php 第 199 行.
NOTIC: [8] Undefined offset: 24 C:\project\JQ_UI\tpcms\App\Common\Common\function.php 第 199 行.
NOTIC: [8] Undefined offset: 25 C:\project\JQ_UI\tpcms\App\Common\Common\function.php 第 199 行.
NOTIC: [8] Undefined offset: 26 C:\project\JQ_UI\tpcms\App\Common\Common\function.php 第 199 行.
NOTIC: [8] Undefined offset: 27 C:\project\JQ_UI\tpcms\App\Common\Common\function.php 第 199 行.
NOTIC: [8] Undefined offset: 17 C:\project\JQ_UI\tpcms\App\Common\Common\function.php 第 199 行.
NOTIC: [8] Undefined offset: 18 C:\project\JQ_UI\tpcms\App\Common\Common\function.php 第 199 行.
NOTIC: [8] Undefined offset: 19 C:\project\JQ_UI\tpcms\App\Common\Common\function.php 第 199 行.
NOTIC: [8] Undefined offset: 20 C:\project\JQ_UI\tpcms\App\Common\Common\function.php 第 199 行.
NOTIC: [8] Undefined offset: 21 C:\project\JQ_UI\tpcms\App\Common\Common\function.php 第 199 行.
NOTIC: [8] Undefined offset: 22 C:\project\JQ_UI\tpcms\App\Common\Common\function.php 第 199 行.
NOTIC: [8] Undefined offset: 23 C:\project\JQ_UI\tpcms\App\Common\Common\function.php 第 199 行.
NOTIC: [8] Undefined offset: 24 C:\project\JQ_UI\tpcms\App\Common\Common\function.php 第 199 行.
NOTIC: [8] Undefined offset: 25 C:\project\JQ_UI\tpcms\App\Common\Common\function.php 第 199 行.
NOTIC: [8] Undefined offset: 26 C:\project\JQ_UI\tpcms\App\Common\Common\function.php 第 199 行.
NOTIC: [8] Undefined offset: 27 C:\project\JQ_UI\tpcms\App\Common\Common\function.php 第 199 行.
NOTIC: [8] Undefined variable: channelList C:\project\JQ_UI\tpcms\App\Runtime\Cache\Home\b60326ec84a0bfd6cb7251ea8bc93617.php 第 244 行.
INFO: Run Behavior\ParseTemplateBehavior [ RunTime:0.045002s ]
INFO: [ view_parse ] --END-- [ RunTime:0.005000s ]
INFO: [ view_filter ] --START--
INFO: Run Behavior\WriteHtmlCacheBehavior [ RunTime:0.000000s ]
INFO: [ view_filter ] --END-- [ RunTime:-0.040002s ]
INFO: [ app_end ] --START--
INFO: Run Behavior\ShowPageTraceBehavior [ RunTime:0.001000s ]
INFO: [ app_end ] --END-- [ RunTime:0.001000s ]

