[ 2016-11-17T00:02:52+08:00 ] 127.0.0.1 /index.php/Admin/Home
INFO: [ app_init ] --START--
INFO: Run Behavior\BuildLiteBehavior [ RunTime:0.000000s ]
INFO: [ app_init ] --END-- [ RunTime:0.001000s ]
INFO: [ app_begin ] --START--
INFO: Run Behavior\ReadHtmlCacheBehavior [ RunTime:0.000000s ]
INFO: [ app_begin ] --END-- [ RunTime:0.000000s ]
ERR: 无法加载控制器:Home

[ 2016-11-17T00:02:57+08:00 ] 127.0.0.1 /index.php/Admin/Index
INFO: [ app_init ] --START--
INFO: Run Behavior\BuildLiteBehavior [ RunTime:0.000000s ]
INFO: [ app_init ] --END-- [ RunTime:0.000000s ]
INFO: [ app_begin ] --START--
INFO: Run Behavior\ReadHtmlCacheBehavior [ RunTime:0.001000s ]
INFO: [ app_begin ] --END-- [ RunTime:0.001000s ]

[ 2016-11-17T00:02:57+08:00 ] 127.0.0.1 /index.php?m=Admin&c=Public&a=index
INFO: [ app_init ] --START--
INFO: Run Behavior\BuildLiteBehavior [ RunTime:0.000000s ]
INFO: [ app_init ] --END-- [ RunTime:0.000000s ]
INFO: [ app_begin ] --START--
INFO: Run Behavior\ReadHtmlCacheBehavior [ RunTime:0.000000s ]
INFO: [ app_begin ] --END-- [ RunTime:0.000000s ]
INFO: [ view_parse ] --START--
INFO: [ template_filter ] --START--
INFO: Run Behavior\ContentReplaceBehavior [ RunTime:0.000000s ]
INFO: [ template_filter ] --END-- [ RunTime:0.000000s ]
INFO: Run Behavior\ParseTemplateBehavior [ RunTime:0.024002s ]
INFO: [ view_parse ] --END-- [ RunTime:0.024002s ]
INFO: [ view_filter ] --START--
INFO: Run Behavior\WriteHtmlCacheBehavior [ RunTime:0.001000s ]
INFO: [ view_filter ] --END-- [ RunTime:0.001000s ]
INFO: [ app_end ] --START--
INFO: Run Behavior\ShowPageTraceBehavior [ RunTime:0.005000s ]
INFO: [ app_end ] --END-- [ RunTime:0.005000s ]

[ 2016-11-17T00:02:58+08:00 ] 127.0.0.1 /index.php?m=Admin&c=Public&a=verify_code
INFO: [ app_init ] --START--
INFO: Run Behavior\BuildLiteBehavior [ RunTime:0.000000s ]
INFO: [ app_init ] --END-- [ RunTime:0.001000s ]
INFO: [ app_begin ] --START--
INFO: Run Behavior\ReadHtmlCacheBehavior [ RunTime:0.001000s ]
INFO: [ app_begin ] --END-- [ RunTime:0.001000s ]
INFO: [ app_end ] --START--
INFO: Run Behavior\ShowPageTraceBehavior [ RunTime:0.001000s ]
INFO: [ app_end ] --END-- [ RunTime:0.001000s ]

[ 2016-11-17T00:03:06+08:00 ] 127.0.0.1 /index.php?m=Admin&c=Public&a=verify_code&rand=0.9851643504811459
INFO: [ app_init ] --START--
INFO: Run Behavior\BuildLiteBehavior [ RunTime:0.000000s ]
INFO: [ app_init ] --END-- [ RunTime:0.001000s ]
INFO: [ app_begin ] --START--
INFO: Run Behavior\ReadHtmlCacheBehavior [ RunTime:0.000000s ]
INFO: [ app_begin ] --END-- [ RunTime:0.000000s ]
INFO: [ app_end ] --START--
INFO: Run Behavior\ShowPageTraceBehavior [ RunTime:0.000000s ]
INFO: [ app_end ] --END-- [ RunTime:0.000000s ]

[ 2016-11-17T00:03:12+08:00 ] 127.0.0.1 /index.php?m=Admin&c=Public&a=index
INFO: [ app_init ] --START--
INFO: Run Behavior\BuildLiteBehavior [ RunTime:0.000000s ]
INFO: [ app_init ] --END-- [ RunTime:0.001000s ]
INFO: [ app_begin ] --START--
INFO: Run Behavior\ReadHtmlCacheBehavior [ RunTime:0.001000s ]
INFO: [ app_begin ] --END-- [ RunTime:0.001000s ]
SQL: SHOW COLUMNS FROM `ec_user` [ RunTime:0.0560s ]
NOTIC: [2] Missing argument 1 for Admin\Model\PublicModel::auth(), called in C:\project\JQ_UI\tpcms\App\Admin\Controller\PublicController.class.php on line 49 and defined C:\project\JQ_UI\tpcms\App\Admin\Model\PublicModel.class.php 第 20 行.
SQL: SELECT COUNT(*) AS tp_count FROM `ec_user` WHERE ( `username`='admin' ) LIMIT 1   [ RunTime:0.0010s ]
SQL: SELECT * FROM `ec_user` WHERE ( `username`='admin' ) LIMIT 1   [ RunTime:0.0000s ]
NOTIC: [8] Undefined index: op_type C:\project\JQ_UI\tpcms\App\Admin\Model\PublicModel.class.php 第 39 行.
NOTIC: [8] Undefined index: status C:\project\JQ_UI\tpcms\App\Admin\Controller\PublicController.class.php 第 51 行.

[ 2016-11-17T00:03:41+08:00 ] 127.0.0.1 /index.php?m=Admin&c=Public&a=index
INFO: [ app_init ] --START--
INFO: Run Behavior\BuildLiteBehavior [ RunTime:0.000000s ]
INFO: [ app_init ] --END-- [ RunTime:0.001000s ]
INFO: [ app_begin ] --START--
INFO: Run Behavior\ReadHtmlCacheBehavior [ RunTime:0.000000s ]
INFO: [ app_begin ] --END-- [ RunTime:0.000000s ]
SQL: SHOW COLUMNS FROM `ec_user` [ RunTime:0.0060s ]
NOTIC: [2] Missing argument 1 for Admin\Model\PublicModel::auth(), called in C:\project\JQ_UI\tpcms\App\Admin\Controller\PublicController.class.php on line 49 and defined C:\project\JQ_UI\tpcms\App\Admin\Model\PublicModel.class.php 第 20 行.

[ 2016-11-17T00:03:44+08:00 ] 127.0.0.1 /index.php?m=Admin&c=Public&a=verify_code&rand=0.6295806050548345
INFO: [ app_init ] --START--
INFO: Run Behavior\BuildLiteBehavior [ RunTime:0.000000s ]
INFO: [ app_init ] --END-- [ RunTime:0.001000s ]
INFO: [ app_begin ] --START--
INFO: Run Behavior\ReadHtmlCacheBehavior [ RunTime:0.000000s ]
INFO: [ app_begin ] --END-- [ RunTime:0.000000s ]
INFO: [ app_end ] --START--
INFO: Run Behavior\ShowPageTraceBehavior [ RunTime:0.001000s ]
INFO: [ app_end ] --END-- [ RunTime:0.001000s ]

[ 2016-11-17T00:03:51+08:00 ] 127.0.0.1 /index.php?m=Admin&c=Public&a=index
INFO: [ app_init ] --START--
INFO: Run Behavior\BuildLiteBehavior [ RunTime:0.000000s ]
INFO: [ app_init ] --END-- [ RunTime:0.000000s ]
INFO: [ app_begin ] --START--
INFO: Run Behavior\ReadHtmlCacheBehavior [ RunTime:0.001000s ]
INFO: [ app_begin ] --END-- [ RunTime:0.001000s ]
SQL: SHOW COLUMNS FROM `ec_user` [ RunTime:0.0050s ]
NOTIC: [2] Missing argument 1 for Admin\Model\PublicModel::auth(), called in C:\project\JQ_UI\tpcms\App\Admin\Controller\PublicController.class.php on line 49 and defined C:\project\JQ_UI\tpcms\App\Admin\Model\PublicModel.class.php 第 20 行.
SQL: SELECT COUNT(*) AS tp_count FROM `ec_user` WHERE ( `username`='admin' ) LIMIT 1   [ RunTime:0.0010s ]
SQL: SELECT * FROM `ec_user` WHERE ( `username`='admin' ) LIMIT 1   [ RunTime:0.0000s ]
NOTIC: [8] Undefined index: op_type C:\project\JQ_UI\tpcms\App\Admin\Model\PublicModel.class.php 第 39 行.
NOTIC: [8] Undefined index: status C:\project\JQ_UI\tpcms\App\Admin\Controller\PublicController.class.php 第 51 行.

[ 2016-11-17T00:03:52+08:00 ] 127.0.0.1 /index.php?m=Admin&c=Public&a=index
INFO: [ app_init ] --START--
INFO: Run Behavior\BuildLiteBehavior [ RunTime:0.000000s ]
INFO: [ app_init ] --END-- [ RunTime:0.000000s ]
INFO: [ app_begin ] --START--
INFO: Run Behavior\ReadHtmlCacheBehavior [ RunTime:0.001000s ]
INFO: [ app_begin ] --END-- [ RunTime:0.001000s ]

[ 2016-11-17T00:03:54+08:00 ] 127.0.0.1 /index.php?m=Admin&c=Index&a=index
INFO: [ app_init ] --START--
INFO: Run Behavior\BuildLiteBehavior [ RunTime:0.000000s ]
INFO: [ app_init ] --END-- [ RunTime:0.000000s ]
INFO: [ app_begin ] --START--
INFO: Run Behavior\ReadHtmlCacheBehavior [ RunTime:0.001000s ]
INFO: [ app_begin ] --END-- [ RunTime:0.001000s ]
NOTIC: [8192] Non-static method Common\Model\CommonModel::leftMenu() should not be called statically, assuming $this from incompatible context C:\project\JQ_UI\tpcms\App\Admin\Controller\IndexController.class.php 第 22 行.
SQL: SHOW COLUMNS FROM `ec_leftmenu` [ RunTime:0.0700s ]
SQL: SELECT `id`,`level`,`name` FROM `ec_leftmenu` WHERE `pid` = 0 AND `status` = 1 ORDER BY oid ASC  [ RunTime:0.0310s ]
SQL: SELECT * FROM `ec_leftmenu` WHERE `status` = 1 AND `id` <> '2' AND `level` = 2 ORDER BY oid ASC  [ RunTime:0.0000s ]
SQL: SELECT * FROM `ec_leftmenu` WHERE `status` = 1 AND `id` <> '10' AND `level` = 10 ORDER BY oid ASC  [ RunTime:0.0010s ]
SQL: SELECT * FROM `ec_leftmenu` WHERE `status` = 1 AND `id` <> '12' AND `level` = 12 ORDER BY oid ASC  [ RunTime:0.0000s ]
SQL: SELECT * FROM `ec_leftmenu` WHERE `status` = 1 AND `id` <> '3' AND `level` = 3 ORDER BY oid ASC  [ RunTime:0.0010s ]
INFO: [ view_parse ] --START--
INFO: [ template_filter ] --START--
INFO: Run Behavior\ContentReplaceBehavior [ RunTime:0.000000s ]
INFO: [ template_filter ] --END-- [ RunTime:0.000000s ]
NOTIC: [8] Use of undefined constant url - assumed 'url' C:\project\JQ_UI\tpcms\App\Runtime\Cache\Admin\220f72f7e6ae0a9673378392936f2785.php 第 284 行.
NOTIC: [8] Use of undefined constant url - assumed 'url' C:\project\JQ_UI\tpcms\App\Runtime\Cache\Admin\220f72f7e6ae0a9673378392936f2785.php 第 284 行.
NOTIC: [8] Use of undefined constant url - assumed 'url' C:\project\JQ_UI\tpcms\App\Runtime\Cache\Admin\220f72f7e6ae0a9673378392936f2785.php 第 284 行.
NOTIC: [8] Use of undefined constant url - assumed 'url' C:\project\JQ_UI\tpcms\App\Runtime\Cache\Admin\220f72f7e6ae0a9673378392936f2785.php 第 284 行.
NOTIC: [8] Use of undefined constant url - assumed 'url' C:\project\JQ_UI\tpcms\App\Runtime\Cache\Admin\220f72f7e6ae0a9673378392936f2785.php 第 284 行.
NOTIC: [8] Use of undefined constant url - assumed 'url' C:\project\JQ_UI\tpcms\App\Runtime\Cache\Admin\220f72f7e6ae0a9673378392936f2785.php 第 284 行.
NOTIC: [8] Use of undefined constant url - assumed 'url' C:\project\JQ_UI\tpcms\App\Runtime\Cache\Admin\220f72f7e6ae0a9673378392936f2785.php 第 284 行.
NOTIC: [8] Use of undefined constant url - assumed 'url' C:\project\JQ_UI\tpcms\App\Runtime\Cache\Admin\220f72f7e6ae0a9673378392936f2785.php 第 284 行.
NOTIC: [8] Use of undefined constant url - assumed 'url' C:\project\JQ_UI\tpcms\App\Runtime\Cache\Admin\220f72f7e6ae0a9673378392936f2785.php 第 284 行.
NOTIC: [8] Use of undefined constant url - assumed 'url' C:\project\JQ_UI\tpcms\App\Runtime\Cache\Admin\220f72f7e6ae0a9673378392936f2785.php 第 284 行.
NOTIC: [8] Use of undefined constant url - assumed 'url' C:\project\JQ_UI\tpcms\App\Runtime\Cache\Admin\220f72f7e6ae0a9673378392936f2785.php 第 284 行.
NOTIC: [8] Use of undefined constant url - assumed 'url' C:\project\JQ_UI\tpcms\App\Runtime\Cache\Admin\220f72f7e6ae0a9673378392936f2785.php 第 284 行.
NOTIC: [8] Use of undefined constant url - assumed 'url' C:\project\JQ_UI\tpcms\App\Runtime\Cache\Admin\220f72f7e6ae0a9673378392936f2785.php 第 284 行.
INFO: Run Behavior\ParseTemplateBehavior [ RunTime:0.133008s ]
INFO: [ view_parse ] --END-- [ RunTime:0.133008s ]
INFO: [ view_filter ] --START--
INFO: Run Behavior\WriteHtmlCacheBehavior [ RunTime:0.000000s ]
INFO: [ view_filter ] --END-- [ RunTime:0.000000s ]
INFO: [ app_end ] --START--
INFO: Run Behavior\ShowPageTraceBehavior [ RunTime:0.000000s ]
INFO: [ app_end ] --END-- [ RunTime:0.000000s ]

[ 2016-11-17T00:03:55+08:00 ] 127.0.0.1 /index.php?m=Admin&c=Index&a=lineChart
INFO: [ app_init ] --START--
INFO: Run Behavior\BuildLiteBehavior [ RunTime:0.000000s ]
INFO: [ app_init ] --END-- [ RunTime:0.001000s ]
INFO: [ app_begin ] --START--
INFO: Run Behavior\ReadHtmlCacheBehavior [ RunTime:0.000000s ]
INFO: [ app_begin ] --END-- [ RunTime:0.000000s ]
NOTIC: [8] Use of undefined constant tooltip - assumed 'tooltip' C:\project\JQ_UI\tpcms\App\Admin\Controller\IndexController.class.php 第 125 行.
NOTIC: [8] Use of undefined constant trigger - assumed 'trigger' C:\project\JQ_UI\tpcms\App\Admin\Controller\IndexController.class.php 第 126 行.
NOTIC: [8] Use of undefined constant legend - assumed 'legend' C:\project\JQ_UI\tpcms\App\Admin\Controller\IndexController.class.php 第 128 行.
NOTIC: [8] Use of undefined constant data - assumed 'data' C:\project\JQ_UI\tpcms\App\Admin\Controller\IndexController.class.php 第 129 行.
NOTIC: [8] Use of undefined constant toolbox - assumed 'toolbox' C:\project\JQ_UI\tpcms\App\Admin\Controller\IndexController.class.php 第 131 行.
NOTIC: [8] Use of undefined constant show - assumed 'show' C:\project\JQ_UI\tpcms\App\Admin\Controller\IndexController.class.php 第 132 行.
NOTIC: [8] Use of undefined constant feature - assumed 'feature' C:\project\JQ_UI\tpcms\App\Admin\Controller\IndexController.class.php 第 133 行.
NOTIC: [8] Use of undefined constant mark - assumed 'mark' C:\project\JQ_UI\tpcms\App\Admin\Controller\IndexController.class.php 第 134 行.
NOTIC: [8] Use of undefined constant show - assumed 'show' C:\project\JQ_UI\tpcms\App\Admin\Controller\IndexController.class.php 第 134 行.
NOTIC: [8] Use of undefined constant dataView - assumed 'dataView' C:\project\JQ_UI\tpcms\App\Admin\Controller\IndexController.class.php 第 135 行.
NOTIC: [8] Use of undefined constant show - assumed 'show' C:\project\JQ_UI\tpcms\App\Admin\Controller\IndexController.class.php 第 135 行.
NOTIC: [8] Use of undefined constant readOnly - assumed 'readOnly' C:\project\JQ_UI\tpcms\App\Admin\Controller\IndexController.class.php 第 135 行.
NOTIC: [8] Use of undefined constant magicType - assumed 'magicType' C:\project\JQ_UI\tpcms\App\Admin\Controller\IndexController.class.php 第 136 行.
NOTIC: [8] Use of undefined constant show - assumed 'show' C:\project\JQ_UI\tpcms\App\Admin\Controller\IndexController.class.php 第 136 行.
NOTIC: [8] Use of undefined constant type - assumed 'type' C:\project\JQ_UI\tpcms\App\Admin\Controller\IndexController.class.php 第 136 行.
NOTIC: [8] Use of undefined constant restore - assumed 'restore' C:\project\JQ_UI\tpcms\App\Admin\Controller\IndexController.class.php 第 137 行.
NOTIC: [8] Use of undefined constant show - assumed 'show' C:\project\JQ_UI\tpcms\App\Admin\Controller\IndexController.class.php 第 137 行.
NOTIC: [8] Use of undefined constant saveAsImage - assumed 'saveAsImage' C:\project\JQ_UI\tpcms\App\Admin\Controller\IndexController.class.php 第 138 行.
NOTIC: [8] Use of undefined constant show - assumed 'show' C:\project\JQ_UI\tpcms\App\Admin\Controller\IndexController.class.php 第 138 行.
NOTIC: [8] Use of undefined constant calculable - assumed 'calculable' C:\project\JQ_UI\tpcms\App\Admin\Controller\IndexController.class.php 第 141 行.
NOTIC: [8] Use of undefined constant xAxis - assumed 'xAxis' C:\project\JQ_UI\tpcms\App\Admin\Controller\IndexController.class.php 第 142 行.
NOTIC: [8] Use of undefined constant type - assumed 'type' C:\project\JQ_UI\tpcms\App\Admin\Controller\IndexController.class.php 第 144 行.
NOTIC: [8] Use of undefined constant boundaryGap - assumed 'boundaryGap' C:\project\JQ_UI\tpcms\App\Admin\Controller\IndexController.class.php 第 145 行.
NOTIC: [8] Use of undefined constant data - assumed 'data' C:\project\JQ_UI\tpcms\App\Admin\Controller\IndexController.class.php 第 146 行.
NOTIC: [8] Use of undefined constant yAxis - assumed 'yAxis' C:\project\JQ_UI\tpcms\App\Admin\Controller\IndexController.class.php 第 149 行.
NOTIC: [8] Use of undefined constant type - assumed 'type' C:\project\JQ_UI\tpcms\App\Admin\Controller\IndexController.class.php 第 151 行.
NOTIC: [8] Use of undefined constant axisLabel - assumed 'axisLabel' C:\project\JQ_UI\tpcms\App\Admin\Controller\IndexController.class.php 第 152 行.
NOTIC: [8] Use of undefined constant formatter - assumed 'formatter' C:\project\JQ_UI\tpcms\App\Admin\Controller\IndexController.class.php 第 153 行.
NOTIC: [8] Use of undefined constant series - assumed 'series' C:\project\JQ_UI\tpcms\App\Admin\Controller\IndexController.class.php 第 157 行.
NOTIC: [8] Use of undefined constant name - assumed 'name' C:\project\JQ_UI\tpcms\App\Admin\Controller\IndexController.class.php 第 159 行.
NOTIC: [8] Use of undefined constant type - assumed 'type' C:\project\JQ_UI\tpcms\App\Admin\Controller\IndexController.class.php 第 160 行.
NOTIC: [8] Use of undefined constant data - assumed 'data' C:\project\JQ_UI\tpcms\App\Admin\Controller\IndexController.class.php 第 161 行.
NOTIC: [8] Use of undefined constant markPoint - assumed 'markPoint' C:\project\JQ_UI\tpcms\App\Admin\Controller\IndexController.class.php 第 162 行.
NOTIC: [8] Use of undefined constant data - assumed 'data' C:\project\JQ_UI\tpcms\App\Admin\Controller\IndexController.class.php 第 163 行.
NOTIC: [8] Use of undefined constant type - assumed 'type' C:\project\JQ_UI\tpcms\App\Admin\Controller\IndexController.class.php 第 164 行.
NOTIC: [8] Use of undefined constant name - assumed 'name' C:\project\JQ_UI\tpcms\App\Admin\Controller\IndexController.class.php 第 164 行.
NOTIC: [8] Use of undefined constant type - assumed 'type' C:\project\JQ_UI\tpcms\App\Admin\Controller\IndexController.class.php 第 165 行.
NOTIC: [8] Use of undefined constant name - assumed 'name' C:\project\JQ_UI\tpcms\App\Admin\Controller\IndexController.class.php 第 165 行.
NOTIC: [8] Use of undefined constant markLine - assumed 'markLine' C:\project\JQ_UI\tpcms\App\Admin\Controller\IndexController.class.php 第 168 行.
NOTIC: [8] Use of undefined constant data - assumed 'data' C:\project\JQ_UI\tpcms\App\Admin\Controller\IndexController.class.php 第 169 行.
NOTIC: [8] Use of undefined constant type - assumed 'type' C:\project\JQ_UI\tpcms\App\Admin\Controller\IndexController.class.php 第 170 行.
NOTIC: [8] Use of undefined constant name - assumed 'name' C:\project\JQ_UI\tpcms\App\Admin\Controller\IndexController.class.php 第 170 行.
NOTIC: [8] Use of undefined constant name - assumed 'name' C:\project\JQ_UI\tpcms\App\Admin\Controller\IndexController.class.php 第 175 行.
NOTIC: [8] Use of undefined constant type - assumed 'type' C:\project\JQ_UI\tpcms\App\Admin\Controller\IndexController.class.php 第 176 行.
NOTIC: [8] Use of undefined constant data - assumed 'data' C:\project\JQ_UI\tpcms\App\Admin\Controller\IndexController.class.php 第 177 行.
NOTIC: [8] Use of undefined constant markPoint - assumed 'markPoint' C:\project\JQ_UI\tpcms\App\Admin\Controller\IndexController.class.php 第 178 行.
NOTIC: [8] Use of undefined constant data - assumed 'data' C:\project\JQ_UI\tpcms\App\Admin\Controller\IndexController.class.php 第 179 行.
NOTIC: [8] Use of undefined constant type - assumed 'type' C:\project\JQ_UI\tpcms\App\Admin\Controller\IndexController.class.php 第 180 行.
NOTIC: [8] Use of undefined constant name - assumed 'name' C:\project\JQ_UI\tpcms\App\Admin\Controller\IndexController.class.php 第 180 行.
NOTIC: [8] Use of undefined constant type - assumed 'type' C:\project\JQ_UI\tpcms\App\Admin\Controller\IndexController.class.php 第 181 行.
NOTIC: [8] Use of undefined constant name - assumed 'name' C:\project\JQ_UI\tpcms\App\Admin\Controller\IndexController.class.php 第 181 行.
NOTIC: [8] Use of undefined constant markLine - assumed 'markLine' C:\project\JQ_UI\tpcms\App\Admin\Controller\IndexController.class.php 第 184 行.
NOTIC: [8] Use of undefined constant data - assumed 'data' C:\project\JQ_UI\tpcms\App\Admin\Controller\IndexController.class.php 第 185 行.
NOTIC: [8] Use of undefined constant type - assumed 'type' C:\project\JQ_UI\tpcms\App\Admin\Controller\IndexController.class.php 第 186 行.
NOTIC: [8] Use of undefined constant name - assumed 'name' C:\project\JQ_UI\tpcms\App\Admin\Controller\IndexController.class.php 第 186 行.

[ 2016-11-17T00:03:55+08:00 ] 127.0.0.1 /index.php?m=Admin&c=Index&a=barChart
INFO: [ app_init ] --START--
INFO: Run Behavior\BuildLiteBehavior [ RunTime:0.000000s ]
INFO: [ app_init ] --END-- [ RunTime:0.000000s ]
INFO: [ app_begin ] --START--
INFO: Run Behavior\ReadHtmlCacheBehavior [ RunTime:0.001000s ]
INFO: [ app_begin ] --END-- [ RunTime:0.001000s ]
NOTIC: [8] Use of undefined constant tooltip - assumed 'tooltip' C:\project\JQ_UI\tpcms\App\Admin\Controller\IndexController.class.php 第 72 行.
NOTIC: [8] Use of undefined constant trigger - assumed 'trigger' C:\project\JQ_UI\tpcms\App\Admin\Controller\IndexController.class.php 第 73 行.
NOTIC: [8] Use of undefined constant legend - assumed 'legend' C:\project\JQ_UI\tpcms\App\Admin\Controller\IndexController.class.php 第 75 行.
NOTIC: [8] Use of undefined constant data - assumed 'data' C:\project\JQ_UI\tpcms\App\Admin\Controller\IndexController.class.php 第 76 行.
NOTIC: [8] Use of undefined constant toolbox - assumed 'toolbox' C:\project\JQ_UI\tpcms\App\Admin\Controller\IndexController.class.php 第 78 行.
NOTIC: [8] Use of undefined constant show - assumed 'show' C:\project\JQ_UI\tpcms\App\Admin\Controller\IndexController.class.php 第 79 行.
NOTIC: [8] Use of undefined constant feature - assumed 'feature' C:\project\JQ_UI\tpcms\App\Admin\Controller\IndexController.class.php 第 80 行.
NOTIC: [8] Use of undefined constant mark - assumed 'mark' C:\project\JQ_UI\tpcms\App\Admin\Controller\IndexController.class.php 第 81 行.
NOTIC: [8] Use of undefined constant show - assumed 'show' C:\project\JQ_UI\tpcms\App\Admin\Controller\IndexController.class.php 第 81 行.
NOTIC: [8] Use of undefined constant dataView - assumed 'dataView' C:\project\JQ_UI\tpcms\App\Admin\Controller\IndexController.class.php 第 82 行.
NOTIC: [8] Use of undefined constant show - assumed 'show' C:\project\JQ_UI\tpcms\App\Admin\Controller\IndexController.class.php 第 82 行.
NOTIC: [8] Use of undefined constant readOnly - assumed 'readOnly' C:\project\JQ_UI\tpcms\App\Admin\Controller\IndexController.class.php 第 82 行.
NOTIC: [8] Use of undefined constant magicType - assumed 'magicType' C:\project\JQ_UI\tpcms\App\Admin\Controller\IndexController.class.php 第 83 行.
NOTIC: [8] Use of undefined constant show - assumed 'show' C:\project\JQ_UI\tpcms\App\Admin\Controller\IndexController.class.php 第 83 行.
NOTIC: [8] Use of undefined constant type - assumed 'type' C:\project\JQ_UI\tpcms\App\Admin\Controller\IndexController.class.php 第 83 行.
NOTIC: [8] Use of undefined constant restore - assumed 'restore' C:\project\JQ_UI\tpcms\App\Admin\Controller\IndexController.class.php 第 84 行.
NOTIC: [8] Use of undefined constant show - assumed 'show' C:\project\JQ_UI\tpcms\App\Admin\Controller\IndexController.class.php 第 84 行.
NOTIC: [8] Use of undefined constant saveAsImage - assumed 'saveAsImage' C:\project\JQ_UI\tpcms\App\Admin\Controller\IndexController.class.php 第 85 行.
NOTIC: [8] Use of undefined constant show - assumed 'show' C:\project\JQ_UI\tpcms\App\Admin\Controller\IndexController.class.php 第 85 行.
NOTIC: [8] Use of undefined constant calculable - assumed 'calculable' C:\project\JQ_UI\tpcms\App\Admin\Controller\IndexController.class.php 第 88 行.
NOTIC: [8] Use of undefined constant xAxis - assumed 'xAxis' C:\project\JQ_UI\tpcms\App\Admin\Controller\IndexController.class.php 第 89 行.
NOTIC: [8] Use of undefined constant type - assumed 'type' C:\project\JQ_UI\tpcms\App\Admin\Controller\IndexController.class.php 第 91 行.
NOTIC: [8] Use of undefined constant data - assumed 'data' C:\project\JQ_UI\tpcms\App\Admin\Controller\IndexController.class.php 第 92 行.
NOTIC: [8] Use of undefined constant yAxis - assumed 'yAxis' C:\project\JQ_UI\tpcms\App\Admin\Controller\IndexController.class.php 第 95 行.
NOTIC: [8] Use of undefined constant type - assumed 'type' C:\project\JQ_UI\tpcms\App\Admin\Controller\IndexController.class.php 第 97 行.
NOTIC: [8] Use of undefined constant series - assumed 'series' C:\project\JQ_UI\tpcms\App\Admin\Controller\IndexController.class.php 第 100 行.
NOTIC: [8] Use of undefined constant name - assumed 'name' C:\project\JQ_UI\tpcms\App\Admin\Controller\IndexController.class.php 第 102 行.
NOTIC: [8] Use of undefined constant type - assumed 'type' C:\project\JQ_UI\tpcms\App\Admin\Controller\IndexController.class.php 第 103 行.
NOTIC: [8] Use of undefined constant data - assumed 'data' C:\project\JQ_UI\tpcms\App\Admin\Controller\IndexController.class.php 第 104 行.
NOTIC: [8] Use of undefined constant markPoint - assumed 'markPoint' C:\project\JQ_UI\tpcms\App\Admin\Controller\IndexController.class.php 第 105 行.
NOTIC: [8] Use of undefined constant data - assumed 'data' C:\project\JQ_UI\tpcms\App\Admin\Controller\IndexController.class.php 第 106 行.
NOTIC: [8] Use of undefined constant type - assumed 'type' C:\project\JQ_UI\tpcms\App\Admin\Controller\IndexController.class.php 第 107 行.
NOTIC: [8] Use of undefined constant name - assumed 'name' C:\project\JQ_UI\tpcms\App\Admin\Controller\IndexController.class.php 第 107 行.
NOTIC: [8] Use of undefined constant type - assumed 'type' C:\project\JQ_UI\tpcms\App\Admin\Controller\IndexController.class.php 第 108 行.
NOTIC: [8] Use of undefined constant name - assumed 'name' C:\project\JQ_UI\tpcms\App\Admin\Controller\IndexController.class.php 第 108 行.
NOTIC: [8] Use of undefined constant markLine - assumed 'markLine' C:\project\JQ_UI\tpcms\App\Admin\Controller\IndexController.class.php 第 111 行.
NOTIC: [8] Use of undefined constant data - assumed 'data' C:\project\JQ_UI\tpcms\App\Admin\Controller\IndexController.class.php 第 112 行.
NOTIC: [8] Use of undefined constant type - assumed 'type' C:\project\JQ_UI\tpcms\App\Admin\Controller\IndexController.class.php 第 113 行.
NOTIC: [8] Use of undefined constant name - assumed 'name' C:\project\JQ_UI\tpcms\App\Admin\Controller\IndexController.class.php 第 113 行.

[ 2016-11-17T00:04:01+08:00 ] 127.0.0.1 /index.php?m=Admin&c=User&a=index&_=1479312240020
INFO: [ app_init ] --START--
INFO: Run Behavior\BuildLiteBehavior [ RunTime:0.000000s ]
INFO: [ app_init ] --END-- [ RunTime:0.000000s ]
INFO: [ app_begin ] --START--
INFO: Run Behavior\ReadHtmlCacheBehavior [ RunTime:0.001000s ]
INFO: [ app_begin ] --END-- [ RunTime:0.001000s ]
SQL: SHOW COLUMNS FROM `ec_user` [ RunTime:0.0080s ]
NOTIC: [8] Undefined index: search C:\project\JQ_UI\tpcms\App\Common\Controller\CommonController.class.php 第 49 行.
NOTIC: [2] Invalid argument supplied for foreach() C:\project\JQ_UI\tpcms\App\Common\Controller\CommonController.class.php 第 59 行.
NOTIC: [8] Undefined variable: condition C:\project\JQ_UI\tpcms\App\Common\Controller\CommonController.class.php 第 62 行.
NOTIC: [8] Undefined index: orderField C:\project\JQ_UI\tpcms\App\Common\Model\BaseModel.class.php 第 66 行.
NOTIC: [8] Undefined index: pageCurrent C:\project\JQ_UI\tpcms\App\Common\Model\BaseModel.class.php 第 73 行.
NOTIC: [8] Undefined index: pageSize C:\project\JQ_UI\tpcms\App\Common\Model\BaseModel.class.php 第 75 行.
SQL: SHOW COLUMNS FROM `ec_user` [ RunTime:0.0040s ]
NOTIC: [8] Undefined index: modelType C:\project\JQ_UI\tpcms\App\Common\Model\BaseModel.class.php 第 88 行.
SQL: SELECT COUNT(*) AS tp_count FROM `ec_user` LIMIT 1   [ RunTime:0.0000s ]
NOTIC: [8] Undefined index: modelType C:\project\JQ_UI\tpcms\App\Common\Model\BaseModel.class.php 第 95 行.
NOTIC: [8] Undefined index: pageCurrent C:\project\JQ_UI\tpcms\App\Common\Model\BaseModel.class.php 第 99 行.
SQL: SELECT * FROM `ec_user` ORDER BY uid ASC LIMIT 0,20   [ RunTime:0.0010s ]
NOTIC: [2] Missing argument 2 for Common\Model\CommonModel::getUserFullNameByUid(), called in C:\project\JQ_UI\tpcms\App\Admin\Model\UserModel.class.php on line 59 and defined C:\project\JQ_UI\tpcms\App\Common\Model\CommonModel.class.php 第 107 行.
NOTIC: [8] Undefined index: modelType C:\project\JQ_UI\tpcms\App\Common\Model\BaseModel.class.php 第 188 行.
SQL: SELECT `uid`,`name` FROM `ec_user` WHERE `uid` = 1 LIMIT 1   [ RunTime:0.0010s ]
NOTIC: [8] Undefined index: UserOrg C:\project\JQ_UI\tpcms\App\Admin\Model\UserModel.class.php 第 61 行.
NOTIC: [8] Undefined index: UserOrg C:\project\JQ_UI\tpcms\App\Admin\Model\UserModel.class.php 第 62 行.
NOTIC: [8] Undefined index: UserOrg C:\project\JQ_UI\tpcms\App\Admin\Model\UserModel.class.php 第 63 行.
NOTIC: [8] Undefined index: UserOrg C:\project\JQ_UI\tpcms\App\Admin\Model\UserModel.class.php 第 64 行.
NOTIC: [8] Undefined index: search C:\project\JQ_UI\tpcms\App\Common\Controller\CommonController.class.php 第 49 行.
INFO: [ view_parse ] --START--
INFO: [ template_filter ] --START--
INFO: Run Behavior\ContentReplaceBehavior [ RunTime:0.000000s ]
INFO: [ template_filter ] --END-- [ RunTime:0.000000s ]
NOTIC: [8] Undefined variable: Think C:\project\JQ_UI\tpcms\App\Runtime\Cache\Admin\0a04adf40c89abd7cb0e03cd3a9f8b2d.php 第 2 行.
NOTIC: [8] Undefined index: aid C:\project\JQ_UI\tpcms\App\Runtime\Cache\Admin\0a04adf40c89abd7cb0e03cd3a9f8b2d.php 第 30 行.
INFO: Run Behavior\ParseTemplateBehavior [ RunTime:0.148009s ]
INFO: [ view_parse ] --END-- [ RunTime:0.148009s ]
INFO: [ view_filter ] --START--
INFO: Run Behavior\WriteHtmlCacheBehavior [ RunTime:0.001000s ]
INFO: [ view_filter ] --END-- [ RunTime:0.001000s ]
INFO: [ app_end ] --START--
INFO: Run Behavior\ShowPageTraceBehavior [ RunTime:0.001000s ]
INFO: [ app_end ] --END-- [ RunTime:0.001000s ]

[ 2016-11-17T00:04:03+08:00 ] 127.0.0.1 /index.php?m=Admin&c=Access&a=nodeList&_=1479312242581
INFO: [ app_init ] --START--
INFO: Run Behavior\BuildLiteBehavior [ RunTime:0.000000s ]
INFO: [ app_init ] --END-- [ RunTime:0.000000s ]
INFO: [ app_begin ] --START--
INFO: Run Behavior\ReadHtmlCacheBehavior [ RunTime:0.005000s ]
INFO: [ app_begin ] --END-- [ RunTime:0.005000s ]
SQL: SHOW COLUMNS FROM `ec_access` [ RunTime:0.1920s ]
NOTIC: [2] Missing argument 3 for Com\Category::__construct(), called in C:\project\JQ_UI\tpcms\App\Admin\Model\AccessModel.class.php on line 33 and defined C:\project\JQ_UI\tpcms\ThinkPHP\Library\Com\Category.class.php 第 33 行.
NOTIC: [2] Missing argument 4 for Com\Category::__construct(), called in C:\project\JQ_UI\tpcms\App\Admin\Model\AccessModel.class.php on line 33 and defined C:\project\JQ_UI\tpcms\ThinkPHP\Library\Com\Category.class.php 第 33 行.
NOTIC: [8] Undefined variable: connection C:\project\JQ_UI\tpcms\ThinkPHP\Library\Com\Category.class.php 第 35 行.
ERR: SQLSTATE[42S02]: Base table or view not found: 1146 Table 'cms_ewsd_cn.ec_auth_rule' doesn't exist

[ 2016-11-17T00:04:08+08:00 ] 127.0.0.1 /index.php?m=Admin&c=Access&a=roleList&_=1479312246973
INFO: [ app_init ] --START--
INFO: Run Behavior\BuildLiteBehavior [ RunTime:0.000000s ]
INFO: [ app_init ] --END-- [ RunTime:0.001000s ]
INFO: [ app_begin ] --START--
INFO: Run Behavior\ReadHtmlCacheBehavior [ RunTime:0.000000s ]
INFO: [ app_begin ] --END-- [ RunTime:0.000000s ]
SQL: SHOW COLUMNS FROM `ec_access` [ RunTime:0.0070s ]
ERR: SQLSTATE[42S02]: Base table or view not found: 1146 Table 'cms_ewsd_cn.ec_auth_group' doesn't exist

[ 2016-11-17T00:04:23+08:00 ] 127.0.0.1 /index.php?m=Admin&c=Index&a=index
INFO: [ app_init ] --START--
INFO: Run Behavior\BuildLiteBehavior [ RunTime:0.000000s ]
INFO: [ app_init ] --END-- [ RunTime:0.000000s ]
INFO: [ app_begin ] --START--
INFO: Run Behavior\ReadHtmlCacheBehavior [ RunTime:0.000000s ]
INFO: [ app_begin ] --END-- [ RunTime:0.000000s ]
NOTIC: [8192] Non-static method Common\Model\CommonModel::leftMenu() should not be called statically, assuming $this from incompatible context C:\project\JQ_UI\tpcms\App\Admin\Controller\IndexController.class.php 第 22 行.
SQL: SHOW COLUMNS FROM `ec_leftmenu` [ RunTime:0.0050s ]
SQL: SELECT `id`,`level`,`name` FROM `ec_leftmenu` WHERE `pid` = 0 AND `status` = 1 ORDER BY oid ASC  [ RunTime:0.0010s ]
SQL: SELECT * FROM `ec_leftmenu` WHERE `status` = 1 AND `id` <> '2' AND `level` = 2 ORDER BY oid ASC  [ RunTime:0.0000s ]
SQL: SELECT * FROM `ec_leftmenu` WHERE `status` = 1 AND `id` <> '10' AND `level` = 10 ORDER BY oid ASC  [ RunTime:0.0010s ]
SQL: SELECT * FROM `ec_leftmenu` WHERE `status` = 1 AND `id` <> '12' AND `level` = 12 ORDER BY oid ASC  [ RunTime:0.0010s ]
SQL: SELECT * FROM `ec_leftmenu` WHERE `status` = 1 AND `id` <> '3' AND `level` = 3 ORDER BY oid ASC  [ RunTime:0.0010s ]
INFO: [ view_parse ] --START--
INFO: [ template_filter ] --START--
INFO: Run Behavior\ContentReplaceBehavior [ RunTime:0.000000s ]
INFO: [ template_filter ] --END-- [ RunTime:0.000000s ]
NOTIC: [8] Use of undefined constant url - assumed 'url' C:\project\JQ_UI\tpcms\App\Runtime\Cache\Admin\220f72f7e6ae0a9673378392936f2785.php 第 284 行.
NOTIC: [8] Use of undefined constant url - assumed 'url' C:\project\JQ_UI\tpcms\App\Runtime\Cache\Admin\220f72f7e6ae0a9673378392936f2785.php 第 284 行.
NOTIC: [8] Use of undefined constant url - assumed 'url' C:\project\JQ_UI\tpcms\App\Runtime\Cache\Admin\220f72f7e6ae0a9673378392936f2785.php 第 284 行.
NOTIC: [8] Use of undefined constant url - assumed 'url' C:\project\JQ_UI\tpcms\App\Runtime\Cache\Admin\220f72f7e6ae0a9673378392936f2785.php 第 284 行.
NOTIC: [8] Use of undefined constant url - assumed 'url' C:\project\JQ_UI\tpcms\App\Runtime\Cache\Admin\220f72f7e6ae0a9673378392936f2785.php 第 284 行.
NOTIC: [8] Use of undefined constant url - assumed 'url' C:\project\JQ_UI\tpcms\App\Runtime\Cache\Admin\220f72f7e6ae0a9673378392936f2785.php 第 284 行.
NOTIC: [8] Use of undefined constant url - assumed 'url' C:\project\JQ_UI\tpcms\App\Runtime\Cache\Admin\220f72f7e6ae0a9673378392936f2785.php 第 284 行.
NOTIC: [8] Use of undefined constant url - assumed 'url' C:\project\JQ_UI\tpcms\App\Runtime\Cache\Admin\220f72f7e6ae0a9673378392936f2785.php 第 284 行.
NOTIC: [8] Use of undefined constant url - assumed 'url' C:\project\JQ_UI\tpcms\App\Runtime\Cache\Admin\220f72f7e6ae0a9673378392936f2785.php 第 284 行.
NOTIC: [8] Use of undefined constant url - assumed 'url' C:\project\JQ_UI\tpcms\App\Runtime\Cache\Admin\220f72f7e6ae0a9673378392936f2785.php 第 284 行.
NOTIC: [8] Use of undefined constant url - assumed 'url' C:\project\JQ_UI\tpcms\App\Runtime\Cache\Admin\220f72f7e6ae0a9673378392936f2785.php 第 284 行.
NOTIC: [8] Use of undefined constant url - assumed 'url' C:\project\JQ_UI\tpcms\App\Runtime\Cache\Admin\220f72f7e6ae0a9673378392936f2785.php 第 284 行.
NOTIC: [8] Use of undefined constant url - assumed 'url' C:\project\JQ_UI\tpcms\App\Runtime\Cache\Admin\220f72f7e6ae0a9673378392936f2785.php 第 284 行.
INFO: Run Behavior\ParseTemplateBehavior [ RunTime:0.015001s ]
INFO: [ view_parse ] --END-- [ RunTime:0.016001s ]
INFO: [ view_filter ] --START--
INFO: Run Behavior\WriteHtmlCacheBehavior [ RunTime:0.000000s ]
INFO: [ view_filter ] --END-- [ RunTime:0.000000s ]
INFO: [ app_end ] --START--
INFO: Run Behavior\ShowPageTraceBehavior [ RunTime:0.001000s ]
INFO: [ app_end ] --END-- [ RunTime:0.001000s ]

[ 2016-11-17T00:04:25+08:00 ] 127.0.0.1 /index.php?m=Admin&c=Index&a=lineChart
INFO: [ app_init ] --START--
INFO: Run Behavior\BuildLiteBehavior [ RunTime:0.000000s ]
INFO: [ app_init ] --END-- [ RunTime:0.000000s ]
INFO: [ app_begin ] --START--
INFO: Run Behavior\ReadHtmlCacheBehavior [ RunTime:0.003000s ]
INFO: [ app_begin ] --END-- [ RunTime:0.003000s ]
NOTIC: [8] Use of undefined constant tooltip - assumed 'tooltip' C:\project\JQ_UI\tpcms\App\Admin\Controller\IndexController.class.php 第 125 行.
NOTIC: [8] Use of undefined constant trigger - assumed 'trigger' C:\project\JQ_UI\tpcms\App\Admin\Controller\IndexController.class.php 第 126 行.
NOTIC: [8] Use of undefined constant legend - assumed 'legend' C:\project\JQ_UI\tpcms\App\Admin\Controller\IndexController.class.php 第 128 行.
NOTIC: [8] Use of undefined constant data - assumed 'data' C:\project\JQ_UI\tpcms\App\Admin\Controller\IndexController.class.php 第 129 行.
NOTIC: [8] Use of undefined constant toolbox - assumed 'toolbox' C:\project\JQ_UI\tpcms\App\Admin\Controller\IndexController.class.php 第 131 行.
NOTIC: [8] Use of undefined constant show - assumed 'show' C:\project\JQ_UI\tpcms\App\Admin\Controller\IndexController.class.php 第 132 行.
NOTIC: [8] Use of undefined constant feature - assumed 'feature' C:\project\JQ_UI\tpcms\App\Admin\Controller\IndexController.class.php 第 133 行.
NOTIC: [8] Use of undefined constant mark - assumed 'mark' C:\project\JQ_UI\tpcms\App\Admin\Controller\IndexController.class.php 第 134 行.
NOTIC: [8] Use of undefined constant show - assumed 'show' C:\project\JQ_UI\tpcms\App\Admin\Controller\IndexController.class.php 第 134 行.
NOTIC: [8] Use of undefined constant dataView - assumed 'dataView' C:\project\JQ_UI\tpcms\App\Admin\Controller\IndexController.class.php 第 135 行.
NOTIC: [8] Use of undefined constant show - assumed 'show' C:\project\JQ_UI\tpcms\App\Admin\Controller\IndexController.class.php 第 135 行.
NOTIC: [8] Use of undefined constant readOnly - assumed 'readOnly' C:\project\JQ_UI\tpcms\App\Admin\Controller\IndexController.class.php 第 135 行.
NOTIC: [8] Use of undefined constant magicType - assumed 'magicType' C:\project\JQ_UI\tpcms\App\Admin\Controller\IndexController.class.php 第 136 行.
NOTIC: [8] Use of undefined constant show - assumed 'show' C:\project\JQ_UI\tpcms\App\Admin\Controller\IndexController.class.php 第 136 行.
NOTIC: [8] Use of undefined constant type - assumed 'type' C:\project\JQ_UI\tpcms\App\Admin\Controller\IndexController.class.php 第 136 行.
NOTIC: [8] Use of undefined constant restore - assumed 'restore' C:\project\JQ_UI\tpcms\App\Admin\Controller\IndexController.class.php 第 137 行.
NOTIC: [8] Use of undefined constant show - assumed 'show' C:\project\JQ_UI\tpcms\App\Admin\Controller\IndexController.class.php 第 137 行.
NOTIC: [8] Use of undefined constant saveAsImage - assumed 'saveAsImage' C:\project\JQ_UI\tpcms\App\Admin\Controller\IndexController.class.php 第 138 行.
NOTIC: [8] Use of undefined constant show - assumed 'show' C:\project\JQ_UI\tpcms\App\Admin\Controller\IndexController.class.php 第 138 行.
NOTIC: [8] Use of undefined constant calculable - assumed 'calculable' C:\project\JQ_UI\tpcms\App\Admin\Controller\IndexController.class.php 第 141 行.
NOTIC: [8] Use of undefined constant xAxis - assumed 'xAxis' C:\project\JQ_UI\tpcms\App\Admin\Controller\IndexController.class.php 第 142 行.
NOTIC: [8] Use of undefined constant type - assumed 'type' C:\project\JQ_UI\tpcms\App\Admin\Controller\IndexController.class.php 第 144 行.
NOTIC: [8] Use of undefined constant boundaryGap - assumed 'boundaryGap' C:\project\JQ_UI\tpcms\App\Admin\Controller\IndexController.class.php 第 145 行.
NOTIC: [8] Use of undefined constant data - assumed 'data' C:\project\JQ_UI\tpcms\App\Admin\Controller\IndexController.class.php 第 146 行.
NOTIC: [8] Use of undefined constant yAxis - assumed 'yAxis' C:\project\JQ_UI\tpcms\App\Admin\Controller\IndexController.class.php 第 149 行.
NOTIC: [8] Use of undefined constant type - assumed 'type' C:\project\JQ_UI\tpcms\App\Admin\Controller\IndexController.class.php 第 151 行.
NOTIC: [8] Use of undefined constant axisLabel - assumed 'axisLabel' C:\project\JQ_UI\tpcms\App\Admin\Controller\IndexController.class.php 第 152 行.
NOTIC: [8] Use of undefined constant formatter - assumed 'formatter' C:\project\JQ_UI\tpcms\App\Admin\Controller\IndexController.class.php 第 153 行.
NOTIC: [8] Use of undefined constant series - assumed 'series' C:\project\JQ_UI\tpcms\App\Admin\Controller\IndexController.class.php 第 157 行.
NOTIC: [8] Use of undefined constant name - assumed 'name' C:\project\JQ_UI\tpcms\App\Admin\Controller\IndexController.class.php 第 159 行.
NOTIC: [8] Use of undefined constant type - assumed 'type' C:\project\JQ_UI\tpcms\App\Admin\Controller\IndexController.class.php 第 160 行.
NOTIC: [8] Use of undefined constant data - assumed 'data' C:\project\JQ_UI\tpcms\App\Admin\Controller\IndexController.class.php 第 161 行.
NOTIC: [8] Use of undefined constant markPoint - assumed 'markPoint' C:\project\JQ_UI\tpcms\App\Admin\Controller\IndexController.class.php 第 162 行.
NOTIC: [8] Use of undefined constant data - assumed 'data' C:\project\JQ_UI\tpcms\App\Admin\Controller\IndexController.class.php 第 163 行.
NOTIC: [8] Use of undefined constant type - assumed 'type' C:\project\JQ_UI\tpcms\App\Admin\Controller\IndexController.class.php 第 164 行.
NOTIC: [8] Use of undefined constant name - assumed 'name' C:\project\JQ_UI\tpcms\App\Admin\Controller\IndexController.class.php 第 164 行.
NOTIC: [8] Use of undefined constant type - assumed 'type' C:\project\JQ_UI\tpcms\App\Admin\Controller\IndexController.class.php 第 165 行.
NOTIC: [8] Use of undefined constant name - assumed 'name' C:\project\JQ_UI\tpcms\App\Admin\Controller\IndexController.class.php 第 165 行.
NOTIC: [8] Use of undefined constant markLine - assumed 'markLine' C:\project\JQ_UI\tpcms\App\Admin\Controller\IndexController.class.php 第 168 行.
NOTIC: [8] Use of undefined constant data - assumed 'data' C:\project\JQ_UI\tpcms\App\Admin\Controller\IndexController.class.php 第 169 行.
NOTIC: [8] Use of undefined constant type - assumed 'type' C:\project\JQ_UI\tpcms\App\Admin\Controller\IndexController.class.php 第 170 行.
NOTIC: [8] Use of undefined constant name - assumed 'name' C:\project\JQ_UI\tpcms\App\Admin\Controller\IndexController.class.php 第 170 行.
NOTIC: [8] Use of undefined constant name - assumed 'name' C:\project\JQ_UI\tpcms\App\Admin\Controller\IndexController.class.php 第 175 行.
NOTIC: [8] Use of undefined constant type - assumed 'type' C:\project\JQ_UI\tpcms\App\Admin\Controller\IndexController.class.php 第 176 行.
NOTIC: [8] Use of undefined constant data - assumed 'data' C:\project\JQ_UI\tpcms\App\Admin\Controller\IndexController.class.php 第 177 行.
NOTIC: [8] Use of undefined constant markPoint - assumed 'markPoint' C:\project\JQ_UI\tpcms\App\Admin\Controller\IndexController.class.php 第 178 行.
NOTIC: [8] Use of undefined constant data - assumed 'data' C:\project\JQ_UI\tpcms\App\Admin\Controller\IndexController.class.php 第 179 行.
NOTIC: [8] Use of undefined constant type - assumed 'type' C:\project\JQ_UI\tpcms\App\Admin\Controller\IndexController.class.php 第 180 行.
NOTIC: [8] Use of undefined constant name - assumed 'name' C:\project\JQ_UI\tpcms\App\Admin\Controller\IndexController.class.php 第 180 行.
NOTIC: [8] Use of undefined constant type - assumed 'type' C:\project\JQ_UI\tpcms\App\Admin\Controller\IndexController.class.php 第 181 行.
NOTIC: [8] Use of undefined constant name - assumed 'name' C:\project\JQ_UI\tpcms\App\Admin\Controller\IndexController.class.php 第 181 行.
NOTIC: [8] Use of undefined constant markLine - assumed 'markLine' C:\project\JQ_UI\tpcms\App\Admin\Controller\IndexController.class.php 第 184 行.
NOTIC: [8] Use of undefined constant data - assumed 'data' C:\project\JQ_UI\tpcms\App\Admin\Controller\IndexController.class.php 第 185 行.
NOTIC: [8] Use of undefined constant type - assumed 'type' C:\project\JQ_UI\tpcms\App\Admin\Controller\IndexController.class.php 第 186 行.
NOTIC: [8] Use of undefined constant name - assumed 'name' C:\project\JQ_UI\tpcms\App\Admin\Controller\IndexController.class.php 第 186 行.

[ 2016-11-17T00:04:26+08:00 ] 127.0.0.1 /index.php?m=Admin&c=Index&a=barChart
INFO: [ app_init ] --START--
INFO: Run Behavior\BuildLiteBehavior [ RunTime:0.000000s ]
INFO: [ app_init ] --END-- [ RunTime:0.000000s ]
INFO: [ app_begin ] --START--
INFO: Run Behavior\ReadHtmlCacheBehavior [ RunTime:0.001000s ]
INFO: [ app_begin ] --END-- [ RunTime:0.001000s ]
NOTIC: [8] Use of undefined constant tooltip - assumed 'tooltip' C:\project\JQ_UI\tpcms\App\Admin\Controller\IndexController.class.php 第 72 行.
NOTIC: [8] Use of undefined constant trigger - assumed 'trigger' C:\project\JQ_UI\tpcms\App\Admin\Controller\IndexController.class.php 第 73 行.
NOTIC: [8] Use of undefined constant legend - assumed 'legend' C:\project\JQ_UI\tpcms\App\Admin\Controller\IndexController.class.php 第 75 行.
NOTIC: [8] Use of undefined constant data - assumed 'data' C:\project\JQ_UI\tpcms\App\Admin\Controller\IndexController.class.php 第 76 行.
NOTIC: [8] Use of undefined constant toolbox - assumed 'toolbox' C:\project\JQ_UI\tpcms\App\Admin\Controller\IndexController.class.php 第 78 行.
NOTIC: [8] Use of undefined constant show - assumed 'show' C:\project\JQ_UI\tpcms\App\Admin\Controller\IndexController.class.php 第 79 行.
NOTIC: [8] Use of undefined constant feature - assumed 'feature' C:\project\JQ_UI\tpcms\App\Admin\Controller\IndexController.class.php 第 80 行.
NOTIC: [8] Use of undefined constant mark - assumed 'mark' C:\project\JQ_UI\tpcms\App\Admin\Controller\IndexController.class.php 第 81 行.
NOTIC: [8] Use of undefined constant show - assumed 'show' C:\project\JQ_UI\tpcms\App\Admin\Controller\IndexController.class.php 第 81 行.
NOTIC: [8] Use of undefined constant dataView - assumed 'dataView' C:\project\JQ_UI\tpcms\App\Admin\Controller\IndexController.class.php 第 82 行.
NOTIC: [8] Use of undefined constant show - assumed 'show' C:\project\JQ_UI\tpcms\App\Admin\Controller\IndexController.class.php 第 82 行.
NOTIC: [8] Use of undefined constant readOnly - assumed 'readOnly' C:\project\JQ_UI\tpcms\App\Admin\Controller\IndexController.class.php 第 82 行.
NOTIC: [8] Use of undefined constant magicType - assumed 'magicType' C:\project\JQ_UI\tpcms\App\Admin\Controller\IndexController.class.php 第 83 行.
NOTIC: [8] Use of undefined constant show - assumed 'show' C:\project\JQ_UI\tpcms\App\Admin\Controller\IndexController.class.php 第 83 行.
NOTIC: [8] Use of undefined constant type - assumed 'type' C:\project\JQ_UI\tpcms\App\Admin\Controller\IndexController.class.php 第 83 行.
NOTIC: [8] Use of undefined constant restore - assumed 'restore' C:\project\JQ_UI\tpcms\App\Admin\Controller\IndexController.class.php 第 84 行.
NOTIC: [8] Use of undefined constant show - assumed 'show' C:\project\JQ_UI\tpcms\App\Admin\Controller\IndexController.class.php 第 84 行.
NOTIC: [8] Use of undefined constant saveAsImage - assumed 'saveAsImage' C:\project\JQ_UI\tpcms\App\Admin\Controller\IndexController.class.php 第 85 行.
NOTIC: [8] Use of undefined constant show - assumed 'show' C:\project\JQ_UI\tpcms\App\Admin\Controller\IndexController.class.php 第 85 行.
NOTIC: [8] Use of undefined constant calculable - assumed 'calculable' C:\project\JQ_UI\tpcms\App\Admin\Controller\IndexController.class.php 第 88 行.
NOTIC: [8] Use of undefined constant xAxis - assumed 'xAxis' C:\project\JQ_UI\tpcms\App\Admin\Controller\IndexController.class.php 第 89 行.
NOTIC: [8] Use of undefined constant type - assumed 'type' C:\project\JQ_UI\tpcms\App\Admin\Controller\IndexController.class.php 第 91 行.
NOTIC: [8] Use of undefined constant data - assumed 'data' C:\project\JQ_UI\tpcms\App\Admin\Controller\IndexController.class.php 第 92 行.
NOTIC: [8] Use of undefined constant yAxis - assumed 'yAxis' C:\project\JQ_UI\tpcms\App\Admin\Controller\IndexController.class.php 第 95 行.
NOTIC: [8] Use of undefined constant type - assumed 'type' C:\project\JQ_UI\tpcms\App\Admin\Controller\IndexController.class.php 第 97 行.
NOTIC: [8] Use of undefined constant series - assumed 'series' C:\project\JQ_UI\tpcms\App\Admin\Controller\IndexController.class.php 第 100 行.
NOTIC: [8] Use of undefined constant name - assumed 'name' C:\project\JQ_UI\tpcms\App\Admin\Controller\IndexController.class.php 第 102 行.
NOTIC: [8] Use of undefined constant type - assumed 'type' C:\project\JQ_UI\tpcms\App\Admin\Controller\IndexController.class.php 第 103 行.
NOTIC: [8] Use of undefined constant data - assumed 'data' C:\project\JQ_UI\tpcms\App\Admin\Controller\IndexController.class.php 第 104 行.
NOTIC: [8] Use of undefined constant markPoint - assumed 'markPoint' C:\project\JQ_UI\tpcms\App\Admin\Controller\IndexController.class.php 第 105 行.
NOTIC: [8] Use of undefined constant data - assumed 'data' C:\project\JQ_UI\tpcms\App\Admin\Controller\IndexController.class.php 第 106 行.
NOTIC: [8] Use of undefined constant type - assumed 'type' C:\project\JQ_UI\tpcms\App\Admin\Controller\IndexController.class.php 第 107 行.
NOTIC: [8] Use of undefined constant name - assumed 'name' C:\project\JQ_UI\tpcms\App\Admin\Controller\IndexController.class.php 第 107 行.
NOTIC: [8] Use of undefined constant type - assumed 'type' C:\project\JQ_UI\tpcms\App\Admin\Controller\IndexController.class.php 第 108 行.
NOTIC: [8] Use of undefined constant name - assumed 'name' C:\project\JQ_UI\tpcms\App\Admin\Controller\IndexController.class.php 第 108 行.
NOTIC: [8] Use of undefined constant markLine - assumed 'markLine' C:\project\JQ_UI\tpcms\App\Admin\Controller\IndexController.class.php 第 111 行.
NOTIC: [8] Use of undefined constant data - assumed 'data' C:\project\JQ_UI\tpcms\App\Admin\Controller\IndexController.class.php 第 112 行.
NOTIC: [8] Use of undefined constant type - assumed 'type' C:\project\JQ_UI\tpcms\App\Admin\Controller\IndexController.class.php 第 113 行.
NOTIC: [8] Use of undefined constant name - assumed 'name' C:\project\JQ_UI\tpcms\App\Admin\Controller\IndexController.class.php 第 113 行.

[ 2016-11-17T00:05:51+08:00 ] 127.0.0.1 /index.php?m=Admin&c=Article&a=index&type=1&_=1479312350567
INFO: [ app_init ] --START--
INFO: Run Behavior\BuildLiteBehavior [ RunTime:0.000000s ]
INFO: [ app_init ] --END-- [ RunTime:0.000000s ]
INFO: [ app_begin ] --START--
INFO: Run Behavior\ReadHtmlCacheBehavior [ RunTime:0.001001s ]
INFO: [ app_begin ] --END-- [ RunTime:0.001001s ]
NOTIC: [2048] Declaration of Common\Model\ArticleModel::add() should be compatible with Think\Model::add($data = '', $options = Array, $replace = false) C:\project\JQ_UI\tpcms\App\Common\Model\ArticleModel.class.php 第 18 行.
SQL: SHOW COLUMNS FROM `ec_article` [ RunTime:0.0060s ]
NOTIC: [8] Undefined index: search C:\project\JQ_UI\tpcms\App\Common\Controller\CommonController.class.php 第 49 行.
NOTIC: [2] Invalid argument supplied for foreach() C:\project\JQ_UI\tpcms\App\Common\Controller\CommonController.class.php 第 59 行.
NOTIC: [8] Undefined variable: condition C:\project\JQ_UI\tpcms\App\Common\Controller\CommonController.class.php 第 62 行.
NOTIC: [8] Undefined index: orderField C:\project\JQ_UI\tpcms\App\Common\Model\BaseModel.class.php 第 66 行.
NOTIC: [8] Undefined index: pageCurrent C:\project\JQ_UI\tpcms\App\Common\Model\BaseModel.class.php 第 73 行.
NOTIC: [8] Undefined index: pageSize C:\project\JQ_UI\tpcms\App\Common\Model\BaseModel.class.php 第 75 行.
NOTIC: [8] Undefined index: pageSize C:\project\JQ_UI\tpcms\App\Common\Model\BaseModel.class.php 第 78 行.
SQL: SHOW COLUMNS FROM `ec_article` [ RunTime:0.0040s ]
NOTIC: [8] Undefined index: modelType C:\project\JQ_UI\tpcms\App\Common\Model\BaseModel.class.php 第 88 行.
SQL: SELECT COUNT(*) AS tp_count FROM `ec_article` WHERE `isDel` = 0 LIMIT 1   [ RunTime:0.0000s ]
NOTIC: [8] Undefined index: modelType C:\project\JQ_UI\tpcms\App\Common\Model\BaseModel.class.php 第 95 行.
NOTIC: [8] Undefined index: pageCurrent C:\project\JQ_UI\tpcms\App\Common\Model\BaseModel.class.php 第 99 行.
SQL: SELECT * FROM `ec_article` WHERE `isDel` = 0 ORDER BY updated_at DESC LIMIT 0,20   [ RunTime:0.0010s ]
NOTIC: [8192] Non-static method Common\Model\ChannelModel::getChannelList() should not be called statically, assuming $this from incompatible context C:\project\JQ_UI\tpcms\App\Common\Model\ArticleModel.class.php 第 79 行.
SQL: SHOW COLUMNS FROM `ec_channel` [ RunTime:0.0050s ]
NOTIC: [8] Undefined index: limit C:\project\JQ_UI\tpcms\App\Common\Model\BaseModel.class.php 第 49 行.
SQL: SELECT * FROM `ec_channel` ORDER BY sort ASC  [ RunTime:0.0000s ]
NOTIC: [2] Missing argument 2 for Common\Model\CommonModel::getUserFullNameByUid(), called in C:\project\JQ_UI\tpcms\App\Common\Model\ArticleModel.class.php on line 64 and defined C:\project\JQ_UI\tpcms\App\Common\Model\CommonModel.class.php 第 107 行.
SQL: SHOW COLUMNS FROM `ec_user` [ RunTime:0.0080s ]
NOTIC: [8] Undefined index: modelType C:\project\JQ_UI\tpcms\App\Common\Model\BaseModel.class.php 第 188 行.
SQL: SELECT `uid`,`name` FROM `ec_user` WHERE `uid` = 1 LIMIT 1   [ RunTime:0.0010s ]
NOTIC: [2] Missing argument 2 for Common\Model\CommonModel::getUserFullNameByUid(), called in C:\project\JQ_UI\tpcms\App\Common\Model\ArticleModel.class.php on line 66 and defined C:\project\JQ_UI\tpcms\App\Common\Model\CommonModel.class.php 第 107 行.
NOTIC: [8] Undefined index: modelType C:\project\JQ_UI\tpcms\App\Common\Model\BaseModel.class.php 第 188 行.
SQL: SHOW COLUMNS FROM `ec_article_reply` [ RunTime:0.0930s ]
SQL: SELECT COUNT(*) AS tp_count FROM `ec_article_reply` WHERE `pid` = 205 LIMIT 1   [ RunTime:0.0010s ]
NOTIC: [2] Missing argument 2 for Common\Model\CommonModel::getUserFullNameByUid(), called in C:\project\JQ_UI\tpcms\App\Common\Model\ArticleModel.class.php on line 64 and defined C:\project\JQ_UI\tpcms\App\Common\Model\CommonModel.class.php 第 107 行.
NOTIC: [8] Undefined index: modelType C:\project\JQ_UI\tpcms\App\Common\Model\BaseModel.class.php 第 188 行.
NOTIC: [2] Missing argument 2 for Common\Model\CommonModel::getUserFullNameByUid(), called in C:\project\JQ_UI\tpcms\App\Common\Model\ArticleModel.class.php on line 66 and defined C:\project\JQ_UI\tpcms\App\Common\Model\CommonModel.class.php 第 107 行.
NOTIC: [8] Undefined index: modelType C:\project\JQ_UI\tpcms\App\Common\Model\BaseModel.class.php 第 188 行.
SQL: SELECT COUNT(*) AS tp_count FROM `ec_article_reply` WHERE `pid` = 204 LIMIT 1   [ RunTime:0.0000s ]
NOTIC: [2] Missing argument 2 for Common\Model\CommonModel::getUserFullNameByUid(), called in C:\project\JQ_UI\tpcms\App\Common\Model\ArticleModel.class.php on line 64 and defined C:\project\JQ_UI\tpcms\App\Common\Model\CommonModel.class.php 第 107 行.
NOTIC: [8] Undefined index: modelType C:\project\JQ_UI\tpcms\App\Common\Model\BaseModel.class.php 第 188 行.
NOTIC: [2] Missing argument 2 for Common\Model\CommonModel::getUserFullNameByUid(), called in C:\project\JQ_UI\tpcms\App\Common\Model\ArticleModel.class.php on line 66 and defined C:\project\JQ_UI\tpcms\App\Common\Model\CommonModel.class.php 第 107 行.
NOTIC: [8] Undefined index: modelType C:\project\JQ_UI\tpcms\App\Common\Model\BaseModel.class.php 第 188 行.
SQL: SELECT COUNT(*) AS tp_count FROM `ec_article_reply` WHERE `pid` = 7 LIMIT 1   [ RunTime:0.0010s ]
NOTIC: [2] Missing argument 2 for Common\Model\CommonModel::getUserFullNameByUid(), called in C:\project\JQ_UI\tpcms\App\Common\Model\ArticleModel.class.php on line 64 and defined C:\project\JQ_UI\tpcms\App\Common\Model\CommonModel.class.php 第 107 行.
NOTIC: [8] Undefined index: modelType C:\project\JQ_UI\tpcms\App\Common\Model\BaseModel.class.php 第 188 行.
NOTIC: [2] Missing argument 2 for Common\Model\CommonModel::getUserFullNameByUid(), called in C:\project\JQ_UI\tpcms\App\Common\Model\ArticleModel.class.php on line 66 and defined C:\project\JQ_UI\tpcms\App\Common\Model\CommonModel.class.php 第 107 行.
NOTIC: [8] Undefined index: modelType C:\project\JQ_UI\tpcms\App\Common\Model\BaseModel.class.php 第 188 行.
SQL: SELECT COUNT(*) AS tp_count FROM `ec_article_reply` WHERE `pid` = 6 LIMIT 1   [ RunTime:0.0010s ]
NOTIC: [2] Missing argument 2 for Common\Model\CommonModel::getUserFullNameByUid(), called in C:\project\JQ_UI\tpcms\App\Common\Model\ArticleModel.class.php on line 64 and defined C:\project\JQ_UI\tpcms\App\Common\Model\CommonModel.class.php 第 107 行.
NOTIC: [8] Undefined index: modelType C:\project\JQ_UI\tpcms\App\Common\Model\BaseModel.class.php 第 188 行.
NOTIC: [2] Missing argument 2 for Common\Model\CommonModel::getUserFullNameByUid(), called in C:\project\JQ_UI\tpcms\App\Common\Model\ArticleModel.class.php on line 66 and defined C:\project\JQ_UI\tpcms\App\Common\Model\CommonModel.class.php 第 107 行.
NOTIC: [8] Undefined index: modelType C:\project\JQ_UI\tpcms\App\Common\Model\BaseModel.class.php 第 188 行.
SQL: SELECT COUNT(*) AS tp_count FROM `ec_article_reply` WHERE `pid` = 3 LIMIT 1   [ RunTime:0.0010s ]
NOTIC: [2] Missing argument 2 for Common\Model\CommonModel::getUserFullNameByUid(), called in C:\project\JQ_UI\tpcms\App\Common\Model\ArticleModel.class.php on line 64 and defined C:\project\JQ_UI\tpcms\App\Common\Model\CommonModel.class.php 第 107 行.
NOTIC: [8] Undefined index: modelType C:\project\JQ_UI\tpcms\App\Common\Model\BaseModel.class.php 第 188 行.
NOTIC: [2] Missing argument 2 for Common\Model\CommonModel::getUserFullNameByUid(), called in C:\project\JQ_UI\tpcms\App\Common\Model\ArticleModel.class.php on line 66 and defined C:\project\JQ_UI\tpcms\App\Common\Model\CommonModel.class.php 第 107 行.
NOTIC: [8] Undefined index: modelType C:\project\JQ_UI\tpcms\App\Common\Model\BaseModel.class.php 第 188 行.
SQL: SELECT COUNT(*) AS tp_count FROM `ec_article_reply` WHERE `pid` = 2 LIMIT 1   [ RunTime:0.0000s ]
NOTIC: [8] Undefined index: search C:\project\JQ_UI\tpcms\App\Common\Controller\CommonController.class.php 第 49 行.
NOTIC: [8] Undefined index: page C:\project\JQ_UI\tpcms\App\Admin\Controller\ArticleController.class.php 第 48 行.
INFO: [ view_parse ] --START--
INFO: [ template_filter ] --START--
INFO: Run Behavior\ContentReplaceBehavior [ RunTime:0.000000s ]
INFO: [ template_filter ] --END-- [ RunTime:0.000000s ]
NOTIC: [8] Undefined variable: Think C:\project\JQ_UI\tpcms\App\Runtime\Cache\Admin\f7a4145c49882bc20989508234541a17.php 第 2 行.
NOTIC: [8] Undefined index: created_by C:\project\JQ_UI\tpcms\App\Runtime\Cache\Admin\f7a4145c49882bc20989508234541a17.php 第 33 行.
NOTIC: [8] Use of undefined constant id - assumed 'id' C:\project\JQ_UI\tpcms\App\Runtime\Cache\Admin\f7a4145c49882bc20989508234541a17.php 第 36 行.
NOTIC: [8] Use of undefined constant id - assumed 'id' C:\project\JQ_UI\tpcms\App\Runtime\Cache\Admin\f7a4145c49882bc20989508234541a17.php 第 37 行.
NOTIC: [8] Undefined index: created_by C:\project\JQ_UI\tpcms\App\Runtime\Cache\Admin\f7a4145c49882bc20989508234541a17.php 第 33 行.
NOTIC: [8] Use of undefined constant id - assumed 'id' C:\project\JQ_UI\tpcms\App\Runtime\Cache\Admin\f7a4145c49882bc20989508234541a17.php 第 36 行.
NOTIC: [8] Use of undefined constant id - assumed 'id' C:\project\JQ_UI\tpcms\App\Runtime\Cache\Admin\f7a4145c49882bc20989508234541a17.php 第 37 行.
NOTIC: [8] Undefined index: created_by C:\project\JQ_UI\tpcms\App\Runtime\Cache\Admin\f7a4145c49882bc20989508234541a17.php 第 33 行.
NOTIC: [8] Use of undefined constant id - assumed 'id' C:\project\JQ_UI\tpcms\App\Runtime\Cache\Admin\f7a4145c49882bc20989508234541a17.php 第 36 行.
NOTIC: [8] Use of undefined constant id - assumed 'id' C:\project\JQ_UI\tpcms\App\Runtime\Cache\Admin\f7a4145c49882bc20989508234541a17.php 第 37 行.
NOTIC: [8] Undefined index: created_by C:\project\JQ_UI\tpcms\App\Runtime\Cache\Admin\f7a4145c49882bc20989508234541a17.php 第 33 行.
NOTIC: [8] Use of undefined constant id - assumed 'id' C:\project\JQ_UI\tpcms\App\Runtime\Cache\Admin\f7a4145c49882bc20989508234541a17.php 第 36 行.
NOTIC: [8] Use of undefined constant id - assumed 'id' C:\project\JQ_UI\tpcms\App\Runtime\Cache\Admin\f7a4145c49882bc20989508234541a17.php 第 37 行.
NOTIC: [8] Undefined index: created_by C:\project\JQ_UI\tpcms\App\Runtime\Cache\Admin\f7a4145c49882bc20989508234541a17.php 第 33 行.
NOTIC: [8] Use of undefined constant id - assumed 'id' C:\project\JQ_UI\tpcms\App\Runtime\Cache\Admin\f7a4145c49882bc20989508234541a17.php 第 36 行.
NOTIC: [8] Use of undefined constant id - assumed 'id' C:\project\JQ_UI\tpcms\App\Runtime\Cache\Admin\f7a4145c49882bc20989508234541a17.php 第 37 行.
NOTIC: [8] Undefined index: created_by C:\project\JQ_UI\tpcms\App\Runtime\Cache\Admin\f7a4145c49882bc20989508234541a17.php 第 33 行.
NOTIC: [8] Use of undefined constant id - assumed 'id' C:\project\JQ_UI\tpcms\App\Runtime\Cache\Admin\f7a4145c49882bc20989508234541a17.php 第 36 行.
NOTIC: [8] Use of undefined constant id - assumed 'id' C:\project\JQ_UI\tpcms\App\Runtime\Cache\Admin\f7a4145c49882bc20989508234541a17.php 第 37 行.
NOTIC: [8] Undefined variable: total C:\project\JQ_UI\tpcms\App\Runtime\Cache\Admin\f7a4145c49882bc20989508234541a17.php 第 55 行.
NOTIC: [8] Undefined variable: total C:\project\JQ_UI\tpcms\App\Runtime\Cache\Admin\f7a4145c49882bc20989508234541a17.php 第 57 行.
INFO: Run Behavior\ParseTemplateBehavior [ RunTime:0.050002s ]
INFO: [ view_parse ] --END-- [ RunTime:0.050002s ]
INFO: [ view_filter ] --START--
INFO: Run Behavior\WriteHtmlCacheBehavior [ RunTime:0.000000s ]
INFO: [ view_filter ] --END-- [ RunTime:0.000000s ]
INFO: [ app_end ] --START--
INFO: Run Behavior\ShowPageTraceBehavior [ RunTime:0.000000s ]
INFO: [ app_end ] --END-- [ RunTime:0.001001s ]

[ 2016-11-17T00:05:58+08:00 ] 127.0.0.1 /index.php?m=Admin&c=Article&a=add&_=1479312356814
INFO: [ app_init ] --START--
INFO: Run Behavior\BuildLiteBehavior [ RunTime:0.000000s ]
INFO: [ app_init ] --END-- [ RunTime:0.001000s ]
INFO: [ app_begin ] --START--
INFO: Run Behavior\ReadHtmlCacheBehavior [ RunTime:0.002000s ]
INFO: [ app_begin ] --END-- [ RunTime:0.002000s ]
NOTIC: [2048] Declaration of Common\Model\ArticleModel::add() should be compatible with Think\Model::add($data = '', $options = Array, $replace = false) C:\project\JQ_UI\tpcms\App\Common\Model\ArticleModel.class.php 第 18 行.
SQL: SHOW COLUMNS FROM `ec_article` [ RunTime:0.0060s ]
NOTIC: [8192] Non-static method Common\Model\ChannelModel::getChannelList() should not be called statically, assuming $this from incompatible context C:\project\JQ_UI\tpcms\App\Common\Model\ArticleModel.class.php 第 79 行.
SQL: SHOW COLUMNS FROM `ec_channel` [ RunTime:0.0100s ]
NOTIC: [8] Undefined index: limit C:\project\JQ_UI\tpcms\App\Common\Model\BaseModel.class.php 第 49 行.
SQL: SELECT * FROM `ec_channel` ORDER BY sort ASC  [ RunTime:0.0000s ]
INFO: [ view_parse ] --START--
INFO: [ template_filter ] --START--
INFO: Run Behavior\ContentReplaceBehavior [ RunTime:0.000000s ]
INFO: [ template_filter ] --END-- [ RunTime:0.001000s ]
NOTIC: [8] Undefined variable: Think C:\project\JQ_UI\tpcms\App\Runtime\Cache\Admin\fe1c87638d59422a3a4705a3bbe517b6.php 第 2 行.
NOTIC: [8] Undefined variable: info C:\project\JQ_UI\tpcms\App\Runtime\Cache\Admin\fe1c87638d59422a3a4705a3bbe517b6.php 第 3 行.
NOTIC: [8] Undefined variable: info C:\project\JQ_UI\tpcms\App\Runtime\Cache\Admin\fe1c87638d59422a3a4705a3bbe517b6.php 第 9 行.
NOTIC: [8] Use of undefined constant cid - assumed 'cid' C:\project\JQ_UI\tpcms\App\Runtime\Cache\Admin\fe1c87638d59422a3a4705a3bbe517b6.php 第 18 行.
NOTIC: [8] Use of undefined constant cid - assumed 'cid' C:\project\JQ_UI\tpcms\App\Runtime\Cache\Admin\fe1c87638d59422a3a4705a3bbe517b6.php 第 18 行.
NOTIC: [8] Use of undefined constant cid - assumed 'cid' C:\project\JQ_UI\tpcms\App\Runtime\Cache\Admin\fe1c87638d59422a3a4705a3bbe517b6.php 第 18 行.
NOTIC: [8] Undefined variable: info C:\project\JQ_UI\tpcms\App\Runtime\Cache\Admin\fe1c87638d59422a3a4705a3bbe517b6.php 第 18 行.
NOTIC: [8] Use of undefined constant name - assumed 'name' C:\project\JQ_UI\tpcms\App\Runtime\Cache\Admin\fe1c87638d59422a3a4705a3bbe517b6.php 第 19 行.
NOTIC: [8] Use of undefined constant cid - assumed 'cid' C:\project\JQ_UI\tpcms\App\Runtime\Cache\Admin\fe1c87638d59422a3a4705a3bbe517b6.php 第 18 行.
NOTIC: [8] Use of undefined constant cid - assumed 'cid' C:\project\JQ_UI\tpcms\App\Runtime\Cache\Admin\fe1c87638d59422a3a4705a3bbe517b6.php 第 18 行.
NOTIC: [8] Use of undefined constant cid - assumed 'cid' C:\project\JQ_UI\tpcms\App\Runtime\Cache\Admin\fe1c87638d59422a3a4705a3bbe517b6.php 第 18 行.
NOTIC: [8] Undefined variable: info C:\project\JQ_UI\tpcms\App\Runtime\Cache\Admin\fe1c87638d59422a3a4705a3bbe517b6.php 第 18 行.
NOTIC: [8] Use of undefined constant name - assumed 'name' C:\project\JQ_UI\tpcms\App\Runtime\Cache\Admin\fe1c87638d59422a3a4705a3bbe517b6.php 第 19 行.
NOTIC: [8] Use of undefined constant cid - assumed 'cid' C:\project\JQ_UI\tpcms\App\Runtime\Cache\Admin\fe1c87638d59422a3a4705a3bbe517b6.php 第 18 行.
NOTIC: [8] Use of undefined constant cid - assumed 'cid' C:\project\JQ_UI\tpcms\App\Runtime\Cache\Admin\fe1c87638d59422a3a4705a3bbe517b6.php 第 18 行.
NOTIC: [8] Use of undefined constant cid - assumed 'cid' C:\project\JQ_UI\tpcms\App\Runtime\Cache\Admin\fe1c87638d59422a3a4705a3bbe517b6.php 第 18 行.
NOTIC: [8] Undefined variable: info C:\project\JQ_UI\tpcms\App\Runtime\Cache\Admin\fe1c87638d59422a3a4705a3bbe517b6.php 第 18 行.
NOTIC: [8] Use of undefined constant name - assumed 'name' C:\project\JQ_UI\tpcms\App\Runtime\Cache\Admin\fe1c87638d59422a3a4705a3bbe517b6.php 第 19 行.
NOTIC: [8] Use of undefined constant cid - assumed 'cid' C:\project\JQ_UI\tpcms\App\Runtime\Cache\Admin\fe1c87638d59422a3a4705a3bbe517b6.php 第 18 行.
NOTIC: [8] Use of undefined constant cid - assumed 'cid' C:\project\JQ_UI\tpcms\App\Runtime\Cache\Admin\fe1c87638d59422a3a4705a3bbe517b6.php 第 18 行.
NOTIC: [8] Use of undefined constant cid - assumed 'cid' C:\project\JQ_UI\tpcms\App\Runtime\Cache\Admin\fe1c87638d59422a3a4705a3bbe517b6.php 第 18 行.
NOTIC: [8] Undefined variable: info C:\project\JQ_UI\tpcms\App\Runtime\Cache\Admin\fe1c87638d59422a3a4705a3bbe517b6.php 第 18 行.
NOTIC: [8] Use of undefined constant name - assumed 'name' C:\project\JQ_UI\tpcms\App\Runtime\Cache\Admin\fe1c87638d59422a3a4705a3bbe517b6.php 第 19 行.
NOTIC: [8] Use of undefined constant cid - assumed 'cid' C:\project\JQ_UI\tpcms\App\Runtime\Cache\Admin\fe1c87638d59422a3a4705a3bbe517b6.php 第 18 行.
NOTIC: [8] Use of undefined constant cid - assumed 'cid' C:\project\JQ_UI\tpcms\App\Runtime\Cache\Admin\fe1c87638d59422a3a4705a3bbe517b6.php 第 18 行.
NOTIC: [8] Use of undefined constant cid - assumed 'cid' C:\project\JQ_UI\tpcms\App\Runtime\Cache\Admin\fe1c87638d59422a3a4705a3bbe517b6.php 第 18 行.
NOTIC: [8] Undefined variable: info C:\project\JQ_UI\tpcms\App\Runtime\Cache\Admin\fe1c87638d59422a3a4705a3bbe517b6.php 第 18 行.
NOTIC: [8] Use of undefined constant name - assumed 'name' C:\project\JQ_UI\tpcms\App\Runtime\Cache\Admin\fe1c87638d59422a3a4705a3bbe517b6.php 第 19 行.
NOTIC: [8] Use of undefined constant cid - assumed 'cid' C:\project\JQ_UI\tpcms\App\Runtime\Cache\Admin\fe1c87638d59422a3a4705a3bbe517b6.php 第 18 行.
NOTIC: [8] Use of undefined constant cid - assumed 'cid' C:\project\JQ_UI\tpcms\App\Runtime\Cache\Admin\fe1c87638d59422a3a4705a3bbe517b6.php 第 18 行.
NOTIC: [8] Use of undefined constant cid - assumed 'cid' C:\project\JQ_UI\tpcms\App\Runtime\Cache\Admin\fe1c87638d59422a3a4705a3bbe517b6.php 第 18 行.
NOTIC: [8] Undefined variable: info C:\project\JQ_UI\tpcms\App\Runtime\Cache\Admin\fe1c87638d59422a3a4705a3bbe517b6.php 第 18 行.
NOTIC: [8] Use of undefined constant name - assumed 'name' C:\project\JQ_UI\tpcms\App\Runtime\Cache\Admin\fe1c87638d59422a3a4705a3bbe517b6.php 第 19 行.
NOTIC: [8] Use of undefined constant cid - assumed 'cid' C:\project\JQ_UI\tpcms\App\Runtime\Cache\Admin\fe1c87638d59422a3a4705a3bbe517b6.php 第 18 行.
NOTIC: [8] Use of undefined constant cid - assumed 'cid' C:\project\JQ_UI\tpcms\App\Runtime\Cache\Admin\fe1c87638d59422a3a4705a3bbe517b6.php 第 18 行.
NOTIC: [8] Use of undefined constant cid - assumed 'cid' C:\project\JQ_UI\tpcms\App\Runtime\Cache\Admin\fe1c87638d59422a3a4705a3bbe517b6.php 第 18 行.
NOTIC: [8] Undefined variable: info C:\project\JQ_UI\tpcms\App\Runtime\Cache\Admin\fe1c87638d59422a3a4705a3bbe517b6.php 第 18 行.
NOTIC: [8] Use of undefined constant name - assumed 'name' C:\project\JQ_UI\tpcms\App\Runtime\Cache\Admin\fe1c87638d59422a3a4705a3bbe517b6.php 第 19 行.
NOTIC: [8] Use of undefined constant cid - assumed 'cid' C:\project\JQ_UI\tpcms\App\Runtime\Cache\Admin\fe1c87638d59422a3a4705a3bbe517b6.php 第 18 行.
NOTIC: [8] Use of undefined constant cid - assumed 'cid' C:\project\JQ_UI\tpcms\App\Runtime\Cache\Admin\fe1c87638d59422a3a4705a3bbe517b6.php 第 18 行.
NOTIC: [8] Use of undefined constant cid - assumed 'cid' C:\project\JQ_UI\tpcms\App\Runtime\Cache\Admin\fe1c87638d59422a3a4705a3bbe517b6.php 第 18 行.
NOTIC: [8] Undefined variable: info C:\project\JQ_UI\tpcms\App\Runtime\Cache\Admin\fe1c87638d59422a3a4705a3bbe517b6.php 第 18 行.
NOTIC: [8] Use of undefined constant name - assumed 'name' C:\project\JQ_UI\tpcms\App\Runtime\Cache\Admin\fe1c87638d59422a3a4705a3bbe517b6.php 第 19 行.
NOTIC: [8] Use of undefined constant cid - assumed 'cid' C:\project\JQ_UI\tpcms\App\Runtime\Cache\Admin\fe1c87638d59422a3a4705a3bbe517b6.php 第 18 行.
NOTIC: [8] Use of undefined constant cid - assumed 'cid' C:\project\JQ_UI\tpcms\App\Runtime\Cache\Admin\fe1c87638d59422a3a4705a3bbe517b6.php 第 18 行.
NOTIC: [8] Use of undefined constant cid - assumed 'cid' C:\project\JQ_UI\tpcms\App\Runtime\Cache\Admin\fe1c87638d59422a3a4705a3bbe517b6.php 第 18 行.
NOTIC: [8] Undefined variable: info C:\project\JQ_UI\tpcms\App\Runtime\Cache\Admin\fe1c87638d59422a3a4705a3bbe517b6.php 第 18 行.
NOTIC: [8] Use of undefined constant name - assumed 'name' C:\project\JQ_UI\tpcms\App\Runtime\Cache\Admin\fe1c87638d59422a3a4705a3bbe517b6.php 第 19 行.
NOTIC: [8] Use of undefined constant cid - assumed 'cid' C:\project\JQ_UI\tpcms\App\Runtime\Cache\Admin\fe1c87638d59422a3a4705a3bbe517b6.php 第 18 行.
NOTIC: [8] Use of undefined constant cid - assumed 'cid' C:\project\JQ_UI\tpcms\App\Runtime\Cache\Admin\fe1c87638d59422a3a4705a3bbe517b6.php 第 18 行.
NOTIC: [8] Use of undefined constant cid - assumed 'cid' C:\project\JQ_UI\tpcms\App\Runtime\Cache\Admin\fe1c87638d59422a3a4705a3bbe517b6.php 第 18 行.
NOTIC: [8] Undefined variable: info C:\project\JQ_UI\tpcms\App\Runtime\Cache\Admin\fe1c87638d59422a3a4705a3bbe517b6.php 第 18 行.
NOTIC: [8] Use of undefined constant name - assumed 'name' C:\project\JQ_UI\tpcms\App\Runtime\Cache\Admin\fe1c87638d59422a3a4705a3bbe517b6.php 第 19 行.
NOTIC: [8] Use of undefined constant cid - assumed 'cid' C:\project\JQ_UI\tpcms\App\Runtime\Cache\Admin\fe1c87638d59422a3a4705a3bbe517b6.php 第 18 行.
NOTIC: [8] Use of undefined constant cid - assumed 'cid' C:\project\JQ_UI\tpcms\App\Runtime\Cache\Admin\fe1c87638d59422a3a4705a3bbe517b6.php 第 18 行.
NOTIC: [8] Use of undefined constant cid - assumed 'cid' C:\project\JQ_UI\tpcms\App\Runtime\Cache\Admin\fe1c87638d59422a3a4705a3bbe517b6.php 第 18 行.
NOTIC: [8] Undefined variable: info C:\project\JQ_UI\tpcms\App\Runtime\Cache\Admin\fe1c87638d59422a3a4705a3bbe517b6.php 第 18 行.
NOTIC: [8] Use of undefined constant name - assumed 'name' C:\project\JQ_UI\tpcms\App\Runtime\Cache\Admin\fe1c87638d59422a3a4705a3bbe517b6.php 第 19 行.
NOTIC: [8] Use of undefined constant cid - assumed 'cid' C:\project\JQ_UI\tpcms\App\Runtime\Cache\Admin\fe1c87638d59422a3a4705a3bbe517b6.php 第 18 行.
NOTIC: [8] Use of undefined constant cid - assumed 'cid' C:\project\JQ_UI\tpcms\App\Runtime\Cache\Admin\fe1c87638d59422a3a4705a3bbe517b6.php 第 18 行.
NOTIC: [8] Use of undefined constant cid - assumed 'cid' C:\project\JQ_UI\tpcms\App\Runtime\Cache\Admin\fe1c87638d59422a3a4705a3bbe517b6.php 第 18 行.
NOTIC: [8] Undefined variable: info C:\project\JQ_UI\tpcms\App\Runtime\Cache\Admin\fe1c87638d59422a3a4705a3bbe517b6.php 第 18 行.
NOTIC: [8] Use of undefined constant name - assumed 'name' C:\project\JQ_UI\tpcms\App\Runtime\Cache\Admin\fe1c87638d59422a3a4705a3bbe517b6.php 第 19 行.
NOTIC: [8] Use of undefined constant cid - assumed 'cid' C:\project\JQ_UI\tpcms\App\Runtime\Cache\Admin\fe1c87638d59422a3a4705a3bbe517b6.php 第 18 行.
NOTIC: [8] Use of undefined constant cid - assumed 'cid' C:\project\JQ_UI\tpcms\App\Runtime\Cache\Admin\fe1c87638d59422a3a4705a3bbe517b6.php 第 18 行.
NOTIC: [8] Use of undefined constant cid - assumed 'cid' C:\project\JQ_UI\tpcms\App\Runtime\Cache\Admin\fe1c87638d59422a3a4705a3bbe517b6.php 第 18 行.
NOTIC: [8] Undefined variable: info C:\project\JQ_UI\tpcms\App\Runtime\Cache\Admin\fe1c87638d59422a3a4705a3bbe517b6.php 第 18 行.
NOTIC: [8] Use of undefined constant name - assumed 'name' C:\project\JQ_UI\tpcms\App\Runtime\Cache\Admin\fe1c87638d59422a3a4705a3bbe517b6.php 第 19 行.
NOTIC: [8] Use of undefined constant cid - assumed 'cid' C:\project\JQ_UI\tpcms\App\Runtime\Cache\Admin\fe1c87638d59422a3a4705a3bbe517b6.php 第 18 行.
NOTIC: [8] Use of undefined constant cid - assumed 'cid' C:\project\JQ_UI\tpcms\App\Runtime\Cache\Admin\fe1c87638d59422a3a4705a3bbe517b6.php 第 18 行.
NOTIC: [8] Use of undefined constant cid - assumed 'cid' C:\project\JQ_UI\tpcms\App\Runtime\Cache\Admin\fe1c87638d59422a3a4705a3bbe517b6.php 第 18 行.
NOTIC: [8] Undefined variable: info C:\project\JQ_UI\tpcms\App\Runtime\Cache\Admin\fe1c87638d59422a3a4705a3bbe517b6.php 第 18 行.
NOTIC: [8] Use of undefined constant name - assumed 'name' C:\project\JQ_UI\tpcms\App\Runtime\Cache\Admin\fe1c87638d59422a3a4705a3bbe517b6.php 第 19 行.
NOTIC: [8] Use of undefined constant cid - assumed 'cid' C:\project\JQ_UI\tpcms\App\Runtime\Cache\Admin\fe1c87638d59422a3a4705a3bbe517b6.php 第 18 行.
NOTIC: [8] Use of undefined constant cid - assumed 'cid' C:\project\JQ_UI\tpcms\App\Runtime\Cache\Admin\fe1c87638d59422a3a4705a3bbe517b6.php 第 18 行.
NOTIC: [8] Use of undefined constant cid - assumed 'cid' C:\project\JQ_UI\tpcms\App\Runtime\Cache\Admin\fe1c87638d59422a3a4705a3bbe517b6.php 第 18 行.
NOTIC: [8] Undefined variable: info C:\project\JQ_UI\tpcms\App\Runtime\Cache\Admin\fe1c87638d59422a3a4705a3bbe517b6.php 第 18 行.
NOTIC: [8] Use of undefined constant name - assumed 'name' C:\project\JQ_UI\tpcms\App\Runtime\Cache\Admin\fe1c87638d59422a3a4705a3bbe517b6.php 第 19 行.
NOTIC: [8] Use of undefined constant cid - assumed 'cid' C:\project\JQ_UI\tpcms\App\Runtime\Cache\Admin\fe1c87638d59422a3a4705a3bbe517b6.php 第 18 行.
NOTIC: [8] Use of undefined constant cid - assumed 'cid' C:\project\JQ_UI\tpcms\App\Runtime\Cache\Admin\fe1c87638d59422a3a4705a3bbe517b6.php 第 18 行.
NOTIC: [8] Use of undefined constant cid - assumed 'cid' C:\project\JQ_UI\tpcms\App\Runtime\Cache\Admin\fe1c87638d59422a3a4705a3bbe517b6.php 第 18 行.
NOTIC: [8] Undefined variable: info C:\project\JQ_UI\tpcms\App\Runtime\Cache\Admin\fe1c87638d59422a3a4705a3bbe517b6.php 第 18 行.
NOTIC: [8] Use of undefined constant name - assumed 'name' C:\project\JQ_UI\tpcms\App\Runtime\Cache\Admin\fe1c87638d59422a3a4705a3bbe517b6.php 第 19 行.
NOTIC: [8] Use of undefined constant cid - assumed 'cid' C:\project\JQ_UI\tpcms\App\Runtime\Cache\Admin\fe1c87638d59422a3a4705a3bbe517b6.php 第 18 行.
NOTIC: [8] Use of undefined constant cid - assumed 'cid' C:\project\JQ_UI\tpcms\App\Runtime\Cache\Admin\fe1c87638d59422a3a4705a3bbe517b6.php 第 18 行.
NOTIC: [8] Use of undefined constant cid - assumed 'cid' C:\project\JQ_UI\tpcms\App\Runtime\Cache\Admin\fe1c87638d59422a3a4705a3bbe517b6.php 第 18 行.
NOTIC: [8] Undefined variable: info C:\project\JQ_UI\tpcms\App\Runtime\Cache\Admin\fe1c87638d59422a3a4705a3bbe517b6.php 第 18 行.
NOTIC: [8] Use of undefined constant name - assumed 'name' C:\project\JQ_UI\tpcms\App\Runtime\Cache\Admin\fe1c87638d59422a3a4705a3bbe517b6.php 第 19 行.
NOTIC: [8] Undefined variable: info C:\project\JQ_UI\tpcms\App\Runtime\Cache\Admin\fe1c87638d59422a3a4705a3bbe517b6.php 第 26 行.
NOTIC: [8] Undefined variable: info C:\project\JQ_UI\tpcms\App\Runtime\Cache\Admin\fe1c87638d59422a3a4705a3bbe517b6.php 第 27 行.
NOTIC: [8] Undefined variable: info C:\project\JQ_UI\tpcms\App\Runtime\Cache\Admin\fe1c87638d59422a3a4705a3bbe517b6.php 第 33 行.
NOTIC: [8] Undefined variable: info C:\project\JQ_UI\tpcms\App\Runtime\Cache\Admin\fe1c87638d59422a3a4705a3bbe517b6.php 第 39 行.
NOTIC: [8] Undefined variable: info C:\project\JQ_UI\tpcms\App\Runtime\Cache\Admin\fe1c87638d59422a3a4705a3bbe517b6.php 第 45 行.
NOTIC: [8] Undefined variable: info C:\project\JQ_UI\tpcms\App\Runtime\Cache\Admin\fe1c87638d59422a3a4705a3bbe517b6.php 第 51 行.
NOTIC: [8] Undefined variable: info C:\project\JQ_UI\tpcms\App\Runtime\Cache\Admin\fe1c87638d59422a3a4705a3bbe517b6.php 第 59 行.
NOTIC: [8] Undefined variable: info C:\project\JQ_UI\tpcms\App\Runtime\Cache\Admin\fe1c87638d59422a3a4705a3bbe517b6.php 第 96 行.
INFO: Run Behavior\ParseTemplateBehavior [ RunTime:0.020001s ]
INFO: [ view_parse ] --END-- [ RunTime:0.020001s ]
INFO: [ view_filter ] --START--
INFO: Run Behavior\WriteHtmlCacheBehavior [ RunTime:0.000000s ]
INFO: [ view_filter ] --END-- [ RunTime:0.000000s ]
INFO: [ app_end ] --START--
INFO: Run Behavior\ShowPageTraceBehavior [ RunTime:0.001000s ]
INFO: [ app_end ] --END-- [ RunTime:0.001000s ]

