[ 2016-11-18T13:48:18+08:00 ] 127.0.0.1 /index.php/Admin/Index
INFO: [ app_init ] --START--
INFO: Run Behavior\BuildLiteBehavior [ RunTime:0.000000s ]
INFO: [ app_init ] --END-- [ RunTime:0.001000s ]
INFO: [ app_begin ] --START--
INFO: Run Behavior\ReadHtmlCacheBehavior [ RunTime:0.001000s ]
INFO: [ app_begin ] --END-- [ RunTime:0.001000s ]

[ 2016-11-18T13:48:18+08:00 ] 127.0.0.1 /index.php?m=Admin&c=Public&a=index
INFO: [ app_init ] --START--
INFO: Run Behavior\BuildLiteBehavior [ RunTime:0.000000s ]
INFO: [ app_init ] --END-- [ RunTime:0.001000s ]
INFO: [ app_begin ] --START--
INFO: Run Behavior\ReadHtmlCacheBehavior [ RunTime:0.001000s ]
INFO: [ app_begin ] --END-- [ RunTime:0.001000s ]
INFO: [ view_parse ] --START--
INFO: [ template_filter ] --START--
INFO: Run Behavior\ContentReplaceBehavior [ RunTime:0.000000s ]
INFO: [ template_filter ] --END-- [ RunTime:0.000000s ]
INFO: Run Behavior\ParseTemplateBehavior [ RunTime:0.014001s ]
INFO: [ view_parse ] --END-- [ RunTime:0.014001s ]
INFO: [ view_filter ] --START--
INFO: Run Behavior\WriteHtmlCacheBehavior [ RunTime:0.000000s ]
INFO: [ view_filter ] --END-- [ RunTime:0.000000s ]
INFO: [ app_end ] --START--
INFO: Run Behavior\ShowPageTraceBehavior [ RunTime:0.000000s ]
INFO: [ app_end ] --END-- [ RunTime:0.000000s ]

[ 2016-11-18T13:48:18+08:00 ] 127.0.0.1 /index.php?m=Admin&c=Public&a=verify_code
INFO: [ app_init ] --START--
INFO: Run Behavior\BuildLiteBehavior [ RunTime:0.000000s ]
INFO: [ app_init ] --END-- [ RunTime:0.001000s ]
INFO: [ app_begin ] --START--
INFO: Run Behavior\ReadHtmlCacheBehavior [ RunTime:0.000000s ]
INFO: [ app_begin ] --END-- [ RunTime:0.001001s ]
INFO: [ app_end ] --START--
INFO: Run Behavior\ShowPageTraceBehavior [ RunTime:0.000000s ]
INFO: [ app_end ] --END-- [ RunTime:0.001001s ]

[ 2016-11-18T13:48:20+08:00 ] 127.0.0.1 /index.php?m=Admin&c=Public&a=verify_code&rand=0.9549920433200896
INFO: [ app_init ] --START--
INFO: Run Behavior\BuildLiteBehavior [ RunTime:0.000000s ]
INFO: [ app_init ] --END-- [ RunTime:0.001000s ]
INFO: [ app_begin ] --START--
INFO: Run Behavior\ReadHtmlCacheBehavior [ RunTime:0.001000s ]
INFO: [ app_begin ] --END-- [ RunTime:0.001000s ]
INFO: [ app_end ] --START--
INFO: Run Behavior\ShowPageTraceBehavior [ RunTime:0.001000s ]
INFO: [ app_end ] --END-- [ RunTime:0.001000s ]

[ 2016-11-18T13:48:26+08:00 ] 127.0.0.1 /index.php?m=Admin&c=Public&a=index
INFO: [ app_init ] --START--
INFO: Run Behavior\BuildLiteBehavior [ RunTime:0.000000s ]
INFO: [ app_init ] --END-- [ RunTime:0.000000s ]
INFO: [ app_begin ] --START--
INFO: Run Behavior\ReadHtmlCacheBehavior [ RunTime:0.001000s ]
INFO: [ app_begin ] --END-- [ RunTime:0.001000s ]
SQL: SHOW COLUMNS FROM `ec_user` [ RunTime:0.0490s ]
NOTIC: [2] Missing argument 1 for Admin\Model\PublicModel::auth(), called in D:\arenzhjwork\git\cms\arenzhjtpsite\App\Admin\Controller\PublicController.class.php on line 49 and defined D:\arenzhjwork\git\cms\arenzhjtpsite\App\Admin\Model\PublicModel.class.php 第 20 行.
SQL: SELECT COUNT(*) AS tp_count FROM `ec_user` WHERE ( `username`='admin' ) LIMIT 1   [ RunTime:0.0010s ]
SQL: SELECT * FROM `ec_user` WHERE ( `username`='admin' ) LIMIT 1   [ RunTime:0.0010s ]
NOTIC: [8] Undefined index: op_type D:\arenzhjwork\git\cms\arenzhjtpsite\App\Admin\Model\PublicModel.class.php 第 39 行.
NOTIC: [8] Undefined index: status D:\arenzhjwork\git\cms\arenzhjtpsite\App\Admin\Controller\PublicController.class.php 第 51 行.

[ 2016-11-18T13:48:50+08:00 ] 127.0.0.1 /index.php?m=Admin&c=Public&a=index
INFO: [ app_init ] --START--
INFO: Run Behavior\BuildLiteBehavior [ RunTime:0.000000s ]
INFO: [ app_init ] --END-- [ RunTime:0.001000s ]
INFO: [ app_begin ] --START--
INFO: Run Behavior\ReadHtmlCacheBehavior [ RunTime:0.000000s ]
INFO: [ app_begin ] --END-- [ RunTime:0.000000s ]
SQL: SHOW COLUMNS FROM `ec_user` [ RunTime:0.0350s ]
NOTIC: [2] Missing argument 1 for Admin\Model\PublicModel::auth(), called in D:\arenzhjwork\git\cms\arenzhjtpsite\App\Admin\Controller\PublicController.class.php on line 49 and defined D:\arenzhjwork\git\cms\arenzhjtpsite\App\Admin\Model\PublicModel.class.php 第 20 行.

[ 2016-11-18T13:48:54+08:00 ] 127.0.0.1 /index.php?m=Admin&c=Public&a=verify_code&rand=0.7181344672571868
INFO: [ app_init ] --START--
INFO: Run Behavior\BuildLiteBehavior [ RunTime:0.000000s ]
INFO: [ app_init ] --END-- [ RunTime:0.000000s ]
INFO: [ app_begin ] --START--
INFO: Run Behavior\ReadHtmlCacheBehavior [ RunTime:0.001000s ]
INFO: [ app_begin ] --END-- [ RunTime:0.001000s ]
INFO: [ app_end ] --START--
INFO: Run Behavior\ShowPageTraceBehavior [ RunTime:0.001000s ]
INFO: [ app_end ] --END-- [ RunTime:0.001000s ]

[ 2016-11-18T13:48:58+08:00 ] 127.0.0.1 /index.php?m=Admin&c=Public&a=index
INFO: [ app_init ] --START--
INFO: Run Behavior\BuildLiteBehavior [ RunTime:0.001000s ]
INFO: [ app_init ] --END-- [ RunTime:0.001000s ]
INFO: [ app_begin ] --START--
INFO: Run Behavior\ReadHtmlCacheBehavior [ RunTime:0.001000s ]
INFO: [ app_begin ] --END-- [ RunTime:0.001000s ]
SQL: SHOW COLUMNS FROM `ec_user` [ RunTime:0.0400s ]
NOTIC: [2] Missing argument 1 for Admin\Model\PublicModel::auth(), called in D:\arenzhjwork\git\cms\arenzhjtpsite\App\Admin\Controller\PublicController.class.php on line 49 and defined D:\arenzhjwork\git\cms\arenzhjtpsite\App\Admin\Model\PublicModel.class.php 第 20 行.
SQL: SELECT COUNT(*) AS tp_count FROM `ec_user` WHERE ( `username`='admin' ) LIMIT 1   [ RunTime:0.0000s ]
SQL: SELECT * FROM `ec_user` WHERE ( `username`='admin' ) LIMIT 1   [ RunTime:0.0000s ]
NOTIC: [8] Undefined index: op_type D:\arenzhjwork\git\cms\arenzhjtpsite\App\Admin\Model\PublicModel.class.php 第 39 行.
NOTIC: [8] Undefined index: status D:\arenzhjwork\git\cms\arenzhjtpsite\App\Admin\Controller\PublicController.class.php 第 51 行.

[ 2016-11-18T13:48:59+08:00 ] 127.0.0.1 /index.php?m=Admin&c=Public&a=index
INFO: [ app_init ] --START--
INFO: Run Behavior\BuildLiteBehavior [ RunTime:0.000000s ]
INFO: [ app_init ] --END-- [ RunTime:0.000000s ]
INFO: [ app_begin ] --START--
INFO: Run Behavior\ReadHtmlCacheBehavior [ RunTime:0.000000s ]
INFO: [ app_begin ] --END-- [ RunTime:0.001000s ]
SQL: SHOW COLUMNS FROM `ec_user` [ RunTime:0.0310s ]
NOTIC: [2] Missing argument 1 for Admin\Model\PublicModel::auth(), called in D:\arenzhjwork\git\cms\arenzhjtpsite\App\Admin\Controller\PublicController.class.php on line 49 and defined D:\arenzhjwork\git\cms\arenzhjtpsite\App\Admin\Model\PublicModel.class.php 第 20 行.

[ 2016-11-18T13:49:01+08:00 ] 127.0.0.1 /index.php?m=Admin&c=Index&a=index
INFO: [ app_init ] --START--
INFO: Run Behavior\BuildLiteBehavior [ RunTime:0.000000s ]
INFO: [ app_init ] --END-- [ RunTime:0.001000s ]
INFO: [ app_begin ] --START--
INFO: Run Behavior\ReadHtmlCacheBehavior [ RunTime:0.001000s ]
INFO: [ app_begin ] --END-- [ RunTime:0.001000s ]
NOTIC: [2048] Non-static method Common\Model\CommonModel::leftMenu() should not be called statically, assuming $this from incompatible context D:\arenzhjwork\git\cms\arenzhjtpsite\App\Admin\Controller\IndexController.class.php 第 22 行.
SQL: SHOW COLUMNS FROM `ec_leftmenu` [ RunTime:0.0650s ]
SQL: SELECT `id`,`level`,`name` FROM `ec_leftmenu` WHERE `pid` = 0 AND `status` = 1 ORDER BY oid ASC  [ RunTime:0.0010s ]
SQL: SELECT * FROM `ec_leftmenu` WHERE `status` = 1 AND `id` <> '2' AND `level` = 2 ORDER BY oid ASC  [ RunTime:0.0010s ]
SQL: SELECT * FROM `ec_leftmenu` WHERE `status` = 1 AND `id` <> '10' AND `level` = 10 ORDER BY oid ASC  [ RunTime:0.0000s ]
SQL: SELECT * FROM `ec_leftmenu` WHERE `status` = 1 AND `id` <> '12' AND `level` = 12 ORDER BY oid ASC  [ RunTime:0.0000s ]
SQL: SELECT * FROM `ec_leftmenu` WHERE `status` = 1 AND `id` <> '3' AND `level` = 3 ORDER BY oid ASC  [ RunTime:0.0000s ]
INFO: [ view_parse ] --START--
INFO: [ template_filter ] --START--
INFO: Run Behavior\ContentReplaceBehavior [ RunTime:0.000000s ]
INFO: [ template_filter ] --END-- [ RunTime:0.000000s ]
NOTIC: [8] Use of undefined constant url - assumed 'url' D:\arenzhjwork\git\cms\arenzhjtpsite\App\Runtime\Cache\Admin\220f72f7e6ae0a9673378392936f2785.php 第 284 行.
NOTIC: [8] Use of undefined constant url - assumed 'url' D:\arenzhjwork\git\cms\arenzhjtpsite\App\Runtime\Cache\Admin\220f72f7e6ae0a9673378392936f2785.php 第 284 行.
NOTIC: [8] Use of undefined constant url - assumed 'url' D:\arenzhjwork\git\cms\arenzhjtpsite\App\Runtime\Cache\Admin\220f72f7e6ae0a9673378392936f2785.php 第 284 行.
NOTIC: [8] Use of undefined constant url - assumed 'url' D:\arenzhjwork\git\cms\arenzhjtpsite\App\Runtime\Cache\Admin\220f72f7e6ae0a9673378392936f2785.php 第 284 行.
NOTIC: [8] Use of undefined constant url - assumed 'url' D:\arenzhjwork\git\cms\arenzhjtpsite\App\Runtime\Cache\Admin\220f72f7e6ae0a9673378392936f2785.php 第 284 行.
NOTIC: [8] Use of undefined constant url - assumed 'url' D:\arenzhjwork\git\cms\arenzhjtpsite\App\Runtime\Cache\Admin\220f72f7e6ae0a9673378392936f2785.php 第 284 行.
NOTIC: [8] Use of undefined constant url - assumed 'url' D:\arenzhjwork\git\cms\arenzhjtpsite\App\Runtime\Cache\Admin\220f72f7e6ae0a9673378392936f2785.php 第 284 行.
NOTIC: [8] Use of undefined constant url - assumed 'url' D:\arenzhjwork\git\cms\arenzhjtpsite\App\Runtime\Cache\Admin\220f72f7e6ae0a9673378392936f2785.php 第 284 行.
NOTIC: [8] Use of undefined constant url - assumed 'url' D:\arenzhjwork\git\cms\arenzhjtpsite\App\Runtime\Cache\Admin\220f72f7e6ae0a9673378392936f2785.php 第 284 行.
NOTIC: [8] Use of undefined constant url - assumed 'url' D:\arenzhjwork\git\cms\arenzhjtpsite\App\Runtime\Cache\Admin\220f72f7e6ae0a9673378392936f2785.php 第 284 行.
NOTIC: [8] Use of undefined constant url - assumed 'url' D:\arenzhjwork\git\cms\arenzhjtpsite\App\Runtime\Cache\Admin\220f72f7e6ae0a9673378392936f2785.php 第 284 行.
NOTIC: [8] Use of undefined constant url - assumed 'url' D:\arenzhjwork\git\cms\arenzhjtpsite\App\Runtime\Cache\Admin\220f72f7e6ae0a9673378392936f2785.php 第 284 行.
NOTIC: [8] Use of undefined constant url - assumed 'url' D:\arenzhjwork\git\cms\arenzhjtpsite\App\Runtime\Cache\Admin\220f72f7e6ae0a9673378392936f2785.php 第 284 行.
INFO: Run Behavior\ParseTemplateBehavior [ RunTime:0.038003s ]
INFO: [ view_parse ] --END-- [ RunTime:0.038003s ]
INFO: [ view_filter ] --START--
INFO: Run Behavior\WriteHtmlCacheBehavior [ RunTime:0.000000s ]
INFO: [ view_filter ] --END-- [ RunTime:0.001001s ]
INFO: [ app_end ] --START--
INFO: Run Behavior\ShowPageTraceBehavior [ RunTime:0.000000s ]
INFO: [ app_end ] --END-- [ RunTime:0.000000s ]

[ 2016-11-18T13:49:02+08:00 ] 127.0.0.1 /index.php?m=Admin&c=Index&a=lineChart
INFO: [ app_init ] --START--
INFO: Run Behavior\BuildLiteBehavior [ RunTime:0.000000s ]
INFO: [ app_init ] --END-- [ RunTime:0.001000s ]
INFO: [ app_begin ] --START--
INFO: Run Behavior\ReadHtmlCacheBehavior [ RunTime:0.001000s ]
INFO: [ app_begin ] --END-- [ RunTime:0.001000s ]
NOTIC: [8] Use of undefined constant tooltip - assumed 'tooltip' D:\arenzhjwork\git\cms\arenzhjtpsite\App\Admin\Controller\IndexController.class.php 第 125 行.
NOTIC: [8] Use of undefined constant trigger - assumed 'trigger' D:\arenzhjwork\git\cms\arenzhjtpsite\App\Admin\Controller\IndexController.class.php 第 126 行.
NOTIC: [8] Use of undefined constant legend - assumed 'legend' D:\arenzhjwork\git\cms\arenzhjtpsite\App\Admin\Controller\IndexController.class.php 第 128 行.
NOTIC: [8] Use of undefined constant data - assumed 'data' D:\arenzhjwork\git\cms\arenzhjtpsite\App\Admin\Controller\IndexController.class.php 第 129 行.
NOTIC: [8] Use of undefined constant toolbox - assumed 'toolbox' D:\arenzhjwork\git\cms\arenzhjtpsite\App\Admin\Controller\IndexController.class.php 第 131 行.
NOTIC: [8] Use of undefined constant show - assumed 'show' D:\arenzhjwork\git\cms\arenzhjtpsite\App\Admin\Controller\IndexController.class.php 第 132 行.
NOTIC: [8] Use of undefined constant feature - assumed 'feature' D:\arenzhjwork\git\cms\arenzhjtpsite\App\Admin\Controller\IndexController.class.php 第 133 行.
NOTIC: [8] Use of undefined constant mark - assumed 'mark' D:\arenzhjwork\git\cms\arenzhjtpsite\App\Admin\Controller\IndexController.class.php 第 134 行.
NOTIC: [8] Use of undefined constant show - assumed 'show' D:\arenzhjwork\git\cms\arenzhjtpsite\App\Admin\Controller\IndexController.class.php 第 134 行.
NOTIC: [8] Use of undefined constant dataView - assumed 'dataView' D:\arenzhjwork\git\cms\arenzhjtpsite\App\Admin\Controller\IndexController.class.php 第 135 行.
NOTIC: [8] Use of undefined constant show - assumed 'show' D:\arenzhjwork\git\cms\arenzhjtpsite\App\Admin\Controller\IndexController.class.php 第 135 行.
NOTIC: [8] Use of undefined constant readOnly - assumed 'readOnly' D:\arenzhjwork\git\cms\arenzhjtpsite\App\Admin\Controller\IndexController.class.php 第 135 行.
NOTIC: [8] Use of undefined constant magicType - assumed 'magicType' D:\arenzhjwork\git\cms\arenzhjtpsite\App\Admin\Controller\IndexController.class.php 第 136 行.
NOTIC: [8] Use of undefined constant show - assumed 'show' D:\arenzhjwork\git\cms\arenzhjtpsite\App\Admin\Controller\IndexController.class.php 第 136 行.
NOTIC: [8] Use of undefined constant type - assumed 'type' D:\arenzhjwork\git\cms\arenzhjtpsite\App\Admin\Controller\IndexController.class.php 第 136 行.
NOTIC: [8] Use of undefined constant restore - assumed 'restore' D:\arenzhjwork\git\cms\arenzhjtpsite\App\Admin\Controller\IndexController.class.php 第 137 行.
NOTIC: [8] Use of undefined constant show - assumed 'show' D:\arenzhjwork\git\cms\arenzhjtpsite\App\Admin\Controller\IndexController.class.php 第 137 行.
NOTIC: [8] Use of undefined constant saveAsImage - assumed 'saveAsImage' D:\arenzhjwork\git\cms\arenzhjtpsite\App\Admin\Controller\IndexController.class.php 第 138 行.
NOTIC: [8] Use of undefined constant show - assumed 'show' D:\arenzhjwork\git\cms\arenzhjtpsite\App\Admin\Controller\IndexController.class.php 第 138 行.
NOTIC: [8] Use of undefined constant calculable - assumed 'calculable' D:\arenzhjwork\git\cms\arenzhjtpsite\App\Admin\Controller\IndexController.class.php 第 141 行.
NOTIC: [8] Use of undefined constant xAxis - assumed 'xAxis' D:\arenzhjwork\git\cms\arenzhjtpsite\App\Admin\Controller\IndexController.class.php 第 142 行.
NOTIC: [8] Use of undefined constant type - assumed 'type' D:\arenzhjwork\git\cms\arenzhjtpsite\App\Admin\Controller\IndexController.class.php 第 144 行.
NOTIC: [8] Use of undefined constant boundaryGap - assumed 'boundaryGap' D:\arenzhjwork\git\cms\arenzhjtpsite\App\Admin\Controller\IndexController.class.php 第 145 行.
NOTIC: [8] Use of undefined constant data - assumed 'data' D:\arenzhjwork\git\cms\arenzhjtpsite\App\Admin\Controller\IndexController.class.php 第 146 行.
NOTIC: [8] Use of undefined constant yAxis - assumed 'yAxis' D:\arenzhjwork\git\cms\arenzhjtpsite\App\Admin\Controller\IndexController.class.php 第 149 行.
NOTIC: [8] Use of undefined constant type - assumed 'type' D:\arenzhjwork\git\cms\arenzhjtpsite\App\Admin\Controller\IndexController.class.php 第 151 行.
NOTIC: [8] Use of undefined constant axisLabel - assumed 'axisLabel' D:\arenzhjwork\git\cms\arenzhjtpsite\App\Admin\Controller\IndexController.class.php 第 152 行.
NOTIC: [8] Use of undefined constant formatter - assumed 'formatter' D:\arenzhjwork\git\cms\arenzhjtpsite\App\Admin\Controller\IndexController.class.php 第 153 行.
NOTIC: [8] Use of undefined constant series - assumed 'series' D:\arenzhjwork\git\cms\arenzhjtpsite\App\Admin\Controller\IndexController.class.php 第 157 行.
NOTIC: [8] Use of undefined constant name - assumed 'name' D:\arenzhjwork\git\cms\arenzhjtpsite\App\Admin\Controller\IndexController.class.php 第 159 行.
NOTIC: [8] Use of undefined constant type - assumed 'type' D:\arenzhjwork\git\cms\arenzhjtpsite\App\Admin\Controller\IndexController.class.php 第 160 行.
NOTIC: [8] Use of undefined constant data - assumed 'data' D:\arenzhjwork\git\cms\arenzhjtpsite\App\Admin\Controller\IndexController.class.php 第 161 行.
NOTIC: [8] Use of undefined constant markPoint - assumed 'markPoint' D:\arenzhjwork\git\cms\arenzhjtpsite\App\Admin\Controller\IndexController.class.php 第 162 行.
NOTIC: [8] Use of undefined constant data - assumed 'data' D:\arenzhjwork\git\cms\arenzhjtpsite\App\Admin\Controller\IndexController.class.php 第 163 行.
NOTIC: [8] Use of undefined constant type - assumed 'type' D:\arenzhjwork\git\cms\arenzhjtpsite\App\Admin\Controller\IndexController.class.php 第 164 行.
NOTIC: [8] Use of undefined constant name - assumed 'name' D:\arenzhjwork\git\cms\arenzhjtpsite\App\Admin\Controller\IndexController.class.php 第 164 行.
NOTIC: [8] Use of undefined constant type - assumed 'type' D:\arenzhjwork\git\cms\arenzhjtpsite\App\Admin\Controller\IndexController.class.php 第 165 行.
NOTIC: [8] Use of undefined constant name - assumed 'name' D:\arenzhjwork\git\cms\arenzhjtpsite\App\Admin\Controller\IndexController.class.php 第 165 行.
NOTIC: [8] Use of undefined constant markLine - assumed 'markLine' D:\arenzhjwork\git\cms\arenzhjtpsite\App\Admin\Controller\IndexController.class.php 第 168 行.
NOTIC: [8] Use of undefined constant data - assumed 'data' D:\arenzhjwork\git\cms\arenzhjtpsite\App\Admin\Controller\IndexController.class.php 第 169 行.
NOTIC: [8] Use of undefined constant type - assumed 'type' D:\arenzhjwork\git\cms\arenzhjtpsite\App\Admin\Controller\IndexController.class.php 第 170 行.
NOTIC: [8] Use of undefined constant name - assumed 'name' D:\arenzhjwork\git\cms\arenzhjtpsite\App\Admin\Controller\IndexController.class.php 第 170 行.
NOTIC: [8] Use of undefined constant name - assumed 'name' D:\arenzhjwork\git\cms\arenzhjtpsite\App\Admin\Controller\IndexController.class.php 第 175 行.
NOTIC: [8] Use of undefined constant type - assumed 'type' D:\arenzhjwork\git\cms\arenzhjtpsite\App\Admin\Controller\IndexController.class.php 第 176 行.
NOTIC: [8] Use of undefined constant data - assumed 'data' D:\arenzhjwork\git\cms\arenzhjtpsite\App\Admin\Controller\IndexController.class.php 第 177 行.
NOTIC: [8] Use of undefined constant markPoint - assumed 'markPoint' D:\arenzhjwork\git\cms\arenzhjtpsite\App\Admin\Controller\IndexController.class.php 第 178 行.
NOTIC: [8] Use of undefined constant data - assumed 'data' D:\arenzhjwork\git\cms\arenzhjtpsite\App\Admin\Controller\IndexController.class.php 第 179 行.
NOTIC: [8] Use of undefined constant type - assumed 'type' D:\arenzhjwork\git\cms\arenzhjtpsite\App\Admin\Controller\IndexController.class.php 第 180 行.
NOTIC: [8] Use of undefined constant name - assumed 'name' D:\arenzhjwork\git\cms\arenzhjtpsite\App\Admin\Controller\IndexController.class.php 第 180 行.
NOTIC: [8] Use of undefined constant type - assumed 'type' D:\arenzhjwork\git\cms\arenzhjtpsite\App\Admin\Controller\IndexController.class.php 第 181 行.
NOTIC: [8] Use of undefined constant name - assumed 'name' D:\arenzhjwork\git\cms\arenzhjtpsite\App\Admin\Controller\IndexController.class.php 第 181 行.
NOTIC: [8] Use of undefined constant markLine - assumed 'markLine' D:\arenzhjwork\git\cms\arenzhjtpsite\App\Admin\Controller\IndexController.class.php 第 184 行.
NOTIC: [8] Use of undefined constant data - assumed 'data' D:\arenzhjwork\git\cms\arenzhjtpsite\App\Admin\Controller\IndexController.class.php 第 185 行.
NOTIC: [8] Use of undefined constant type - assumed 'type' D:\arenzhjwork\git\cms\arenzhjtpsite\App\Admin\Controller\IndexController.class.php 第 186 行.
NOTIC: [8] Use of undefined constant name - assumed 'name' D:\arenzhjwork\git\cms\arenzhjtpsite\App\Admin\Controller\IndexController.class.php 第 186 行.

[ 2016-11-18T13:49:03+08:00 ] 127.0.0.1 /index.php?m=Admin&c=Index&a=barChart
INFO: [ app_init ] --START--
INFO: Run Behavior\BuildLiteBehavior [ RunTime:0.000000s ]
INFO: [ app_init ] --END-- [ RunTime:0.000000s ]
INFO: [ app_begin ] --START--
INFO: Run Behavior\ReadHtmlCacheBehavior [ RunTime:0.000000s ]
INFO: [ app_begin ] --END-- [ RunTime:0.000000s ]
NOTIC: [8] Use of undefined constant tooltip - assumed 'tooltip' D:\arenzhjwork\git\cms\arenzhjtpsite\App\Admin\Controller\IndexController.class.php 第 72 行.
NOTIC: [8] Use of undefined constant trigger - assumed 'trigger' D:\arenzhjwork\git\cms\arenzhjtpsite\App\Admin\Controller\IndexController.class.php 第 73 行.
NOTIC: [8] Use of undefined constant legend - assumed 'legend' D:\arenzhjwork\git\cms\arenzhjtpsite\App\Admin\Controller\IndexController.class.php 第 75 行.
NOTIC: [8] Use of undefined constant data - assumed 'data' D:\arenzhjwork\git\cms\arenzhjtpsite\App\Admin\Controller\IndexController.class.php 第 76 行.
NOTIC: [8] Use of undefined constant toolbox - assumed 'toolbox' D:\arenzhjwork\git\cms\arenzhjtpsite\App\Admin\Controller\IndexController.class.php 第 78 行.
NOTIC: [8] Use of undefined constant show - assumed 'show' D:\arenzhjwork\git\cms\arenzhjtpsite\App\Admin\Controller\IndexController.class.php 第 79 行.
NOTIC: [8] Use of undefined constant feature - assumed 'feature' D:\arenzhjwork\git\cms\arenzhjtpsite\App\Admin\Controller\IndexController.class.php 第 80 行.
NOTIC: [8] Use of undefined constant mark - assumed 'mark' D:\arenzhjwork\git\cms\arenzhjtpsite\App\Admin\Controller\IndexController.class.php 第 81 行.
NOTIC: [8] Use of undefined constant show - assumed 'show' D:\arenzhjwork\git\cms\arenzhjtpsite\App\Admin\Controller\IndexController.class.php 第 81 行.
NOTIC: [8] Use of undefined constant dataView - assumed 'dataView' D:\arenzhjwork\git\cms\arenzhjtpsite\App\Admin\Controller\IndexController.class.php 第 82 行.
NOTIC: [8] Use of undefined constant show - assumed 'show' D:\arenzhjwork\git\cms\arenzhjtpsite\App\Admin\Controller\IndexController.class.php 第 82 行.
NOTIC: [8] Use of undefined constant readOnly - assumed 'readOnly' D:\arenzhjwork\git\cms\arenzhjtpsite\App\Admin\Controller\IndexController.class.php 第 82 行.
NOTIC: [8] Use of undefined constant magicType - assumed 'magicType' D:\arenzhjwork\git\cms\arenzhjtpsite\App\Admin\Controller\IndexController.class.php 第 83 行.
NOTIC: [8] Use of undefined constant show - assumed 'show' D:\arenzhjwork\git\cms\arenzhjtpsite\App\Admin\Controller\IndexController.class.php 第 83 行.
NOTIC: [8] Use of undefined constant type - assumed 'type' D:\arenzhjwork\git\cms\arenzhjtpsite\App\Admin\Controller\IndexController.class.php 第 83 行.
NOTIC: [8] Use of undefined constant restore - assumed 'restore' D:\arenzhjwork\git\cms\arenzhjtpsite\App\Admin\Controller\IndexController.class.php 第 84 行.
NOTIC: [8] Use of undefined constant show - assumed 'show' D:\arenzhjwork\git\cms\arenzhjtpsite\App\Admin\Controller\IndexController.class.php 第 84 行.
NOTIC: [8] Use of undefined constant saveAsImage - assumed 'saveAsImage' D:\arenzhjwork\git\cms\arenzhjtpsite\App\Admin\Controller\IndexController.class.php 第 85 行.
NOTIC: [8] Use of undefined constant show - assumed 'show' D:\arenzhjwork\git\cms\arenzhjtpsite\App\Admin\Controller\IndexController.class.php 第 85 行.
NOTIC: [8] Use of undefined constant calculable - assumed 'calculable' D:\arenzhjwork\git\cms\arenzhjtpsite\App\Admin\Controller\IndexController.class.php 第 88 行.
NOTIC: [8] Use of undefined constant xAxis - assumed 'xAxis' D:\arenzhjwork\git\cms\arenzhjtpsite\App\Admin\Controller\IndexController.class.php 第 89 行.
NOTIC: [8] Use of undefined constant type - assumed 'type' D:\arenzhjwork\git\cms\arenzhjtpsite\App\Admin\Controller\IndexController.class.php 第 91 行.
NOTIC: [8] Use of undefined constant data - assumed 'data' D:\arenzhjwork\git\cms\arenzhjtpsite\App\Admin\Controller\IndexController.class.php 第 92 行.
NOTIC: [8] Use of undefined constant yAxis - assumed 'yAxis' D:\arenzhjwork\git\cms\arenzhjtpsite\App\Admin\Controller\IndexController.class.php 第 95 行.
NOTIC: [8] Use of undefined constant type - assumed 'type' D:\arenzhjwork\git\cms\arenzhjtpsite\App\Admin\Controller\IndexController.class.php 第 97 行.
NOTIC: [8] Use of undefined constant series - assumed 'series' D:\arenzhjwork\git\cms\arenzhjtpsite\App\Admin\Controller\IndexController.class.php 第 100 行.
NOTIC: [8] Use of undefined constant name - assumed 'name' D:\arenzhjwork\git\cms\arenzhjtpsite\App\Admin\Controller\IndexController.class.php 第 102 行.
NOTIC: [8] Use of undefined constant type - assumed 'type' D:\arenzhjwork\git\cms\arenzhjtpsite\App\Admin\Controller\IndexController.class.php 第 103 行.
NOTIC: [8] Use of undefined constant data - assumed 'data' D:\arenzhjwork\git\cms\arenzhjtpsite\App\Admin\Controller\IndexController.class.php 第 104 行.
NOTIC: [8] Use of undefined constant markPoint - assumed 'markPoint' D:\arenzhjwork\git\cms\arenzhjtpsite\App\Admin\Controller\IndexController.class.php 第 105 行.
NOTIC: [8] Use of undefined constant data - assumed 'data' D:\arenzhjwork\git\cms\arenzhjtpsite\App\Admin\Controller\IndexController.class.php 第 106 行.
NOTIC: [8] Use of undefined constant type - assumed 'type' D:\arenzhjwork\git\cms\arenzhjtpsite\App\Admin\Controller\IndexController.class.php 第 107 行.
NOTIC: [8] Use of undefined constant name - assumed 'name' D:\arenzhjwork\git\cms\arenzhjtpsite\App\Admin\Controller\IndexController.class.php 第 107 行.
NOTIC: [8] Use of undefined constant type - assumed 'type' D:\arenzhjwork\git\cms\arenzhjtpsite\App\Admin\Controller\IndexController.class.php 第 108 行.
NOTIC: [8] Use of undefined constant name - assumed 'name' D:\arenzhjwork\git\cms\arenzhjtpsite\App\Admin\Controller\IndexController.class.php 第 108 行.
NOTIC: [8] Use of undefined constant markLine - assumed 'markLine' D:\arenzhjwork\git\cms\arenzhjtpsite\App\Admin\Controller\IndexController.class.php 第 111 行.
NOTIC: [8] Use of undefined constant data - assumed 'data' D:\arenzhjwork\git\cms\arenzhjtpsite\App\Admin\Controller\IndexController.class.php 第 112 行.
NOTIC: [8] Use of undefined constant type - assumed 'type' D:\arenzhjwork\git\cms\arenzhjtpsite\App\Admin\Controller\IndexController.class.php 第 113 行.
NOTIC: [8] Use of undefined constant name - assumed 'name' D:\arenzhjwork\git\cms\arenzhjtpsite\App\Admin\Controller\IndexController.class.php 第 113 行.

